#
# There is insufficient memory for the Java Runtime Environment to continue.
# Native memory allocation (malloc) failed to allocate 100512 bytes for Chunk::new
# Possible reasons:
#   The system is out of physical RAM or swap space
#   The process is running with CompressedOops enabled, and the Java Heap may be blocking the growth of the native heap
# Possible solutions:
#   Reduce memory load on the system
#   Increase physical memory or swap space
#   Check if swap backing store is full
#   Decrease Java heap size (-Xmx/-Xms)
#   Decrease number of Java threads
#   Decrease Java thread stack sizes (-Xss)
#   Set larger code cache with -XX:ReservedCodeCacheSize=
#   JVM is running with Unscaled Compressed Oops mode in which the Java heap is
#     placed in the first 4GB address space. The Java Heap base address is the
#     maximum limit for the native heap growth. Please use -XX:HeapBaseMinAddress
#     to set the Java Heap base and to place the Java Heap above 4GB virtual address.
# This output file may be truncated or incomplete.
#
#  Out of Memory Error (arena.cpp:184), pid=9020, tid=14364
#
# JRE version: Java(TM) SE Runtime Environment (20.0+36) (build 20+36-2344)
# Java VM: Java HotSpot(TM) 64-Bit Server VM (20+36-2344, mixed mode, sharing, tiered, compressed oops, compressed class ptrs, g1 gc, windows-amd64)
# No core dump will be written. Minidumps are not enabled by default on client versions of Windows
#

---------------  S U M M A R Y ------------

Command Line: -javaagent:C:\Program Files\JetBrains\IntelliJ IDEA Community Edition 2022.2.3\lib\idea_rt.jar=63416:C:\Program Files\JetBrains\IntelliJ IDEA Community Edition 2022.2.3\bin -Dfile.encoding=UTF-8 -Dsun.stdout.encoding=UTF-8 -Dsun.stderr.encoding=UTF-8 com.anas.quiz_service.QuizServiceApplication

Host: Intel(R) Core(TM) i5-10300H CPU @ 2.50GHz, 8 cores, 7G,  Windows 11 , 64 bit Build 22621 (10.0.22621.4000)
Time: Fri Sep 27 03:14:57 2024 India Standard Time elapsed time: 187.687114 seconds (0d 0h 3m 7s)

---------------  T H R E A D  ---------------

Current thread (0x0000012e5932d410):  JavaThread "C2 CompilerThread0" daemon [_thread_in_native, id=14364, stack(0x000000157cf00000,0x000000157d000000)]


Current CompileTask:
C2: 187687 6831 %     4       java.util.Properties$LineReader::readLine @ 224 (584 bytes)

Stack: [0x000000157cf00000,0x000000157d000000]
Native frames: (J=compiled Java code, j=interpreted, Vv=VM code, C=native code)
V  [jvm.dll+0x6bb95a]
V  [jvm.dll+0x8483aa]
V  [jvm.dll+0x849fa5]
V  [jvm.dll+0x84a6a3]
V  [jvm.dll+0x280b0f]
V  [jvm.dll+0xc2b11]
V  [jvm.dll+0xc2e35]
V  [jvm.dll+0x3bb17c]
V  [jvm.dll+0x1e68bb]
V  [jvm.dll+0x24b3ab]
V  [jvm.dll+0x24a651]
V  [jvm.dll+0x1ce491]
V  [jvm.dll+0x259e1b]
V  [jvm.dll+0x2584f0]
V  [jvm.dll+0x3f2895]
V  [jvm.dll+0x7f4906]
V  [jvm.dll+0x6ba5cb]
C  [ucrtbase.dll+0x29333]
C  [KERNEL32.DLL+0x1257d]
C  [ntdll.dll+0x5af28]


---------------  P R O C E S S  ---------------

Threads class SMR info:
_java_thread_list=0x0000012e5f8117a0, length=40, elements={
0x0000012e5931b970, 0x0000012e5931c810, 0x0000012e59323150, 0x0000012e59325ba0,
0x0000012e59327b00, 0x0000012e5932e9f0, 0x0000012e5932d410, 0x0000012e5933a620,
0x0000012e592e9530, 0x0000012e5d9e8570, 0x0000012e5d9e8ac0, 0x0000012e5f8e0950,
0x0000012e5f8dfeb0, 0x0000012e5f8e0ea0, 0x0000012e5f8e0400, 0x0000012e61ea1350,
0x0000012e61ea4dc0, 0x0000012e61ea5860, 0x0000012e61ea3dd0, 0x0000012e61ea5db0,
0x0000012e61ea18a0, 0x0000012e61ea4870, 0x0000012e61ea08b0, 0x0000012e61ea6300,
0x0000012e61ea6da0, 0x0000012e61ea2890, 0x0000012e61ea6850, 0x0000012e61e9f370,
0x0000012e61e9f8c0, 0x0000012e61e9fe10, 0x0000012e61ea1df0, 0x0000012e61ea2de0,
0x0000012e61ea3880, 0x0000012e61ea0e00, 0x0000012e5f9c4300, 0x0000012e5f9c1880,
0x0000012e5f9c4850, 0x0000012e5f9c2870, 0x0000012e5f9c4da0, 0x0000012e5f9c0890
}

Java Threads: ( => current thread )
  0x0000012e5931b970 JavaThread "Reference Handler" daemon [_thread_blocked, id=2672, stack(0x000000157c900000,0x000000157ca00000)]
  0x0000012e5931c810 JavaThread "Finalizer" daemon [_thread_blocked, id=7448, stack(0x000000157ca00000,0x000000157cb00000)]
  0x0000012e59323150 JavaThread "Signal Dispatcher" daemon [_thread_blocked, id=10740, stack(0x000000157cb00000,0x000000157cc00000)]
  0x0000012e59325ba0 JavaThread "Attach Listener" daemon [_thread_blocked, id=21344, stack(0x000000157cc00000,0x000000157cd00000)]
  0x0000012e59327b00 JavaThread "Service Thread" daemon [_thread_blocked, id=23388, stack(0x000000157cd00000,0x000000157ce00000)]
  0x0000012e5932e9f0 JavaThread "Monitor Deflation Thread" daemon [_thread_blocked, id=23080, stack(0x000000157ce00000,0x000000157cf00000)]
=>0x0000012e5932d410 JavaThread "C2 CompilerThread0" daemon [_thread_in_native, id=14364, stack(0x000000157cf00000,0x000000157d000000)]
  0x0000012e5933a620 JavaThread "C1 CompilerThread0" daemon [_thread_blocked, id=8944, stack(0x000000157d000000,0x000000157d100000)]
  0x0000012e592e9530 JavaThread "Common-Cleaner" daemon [_thread_blocked, id=4924, stack(0x000000157d100000,0x000000157d200000)]
  0x0000012e5d9e8570 JavaThread "Monitor Ctrl-Break" daemon [_thread_in_native, id=14884, stack(0x000000157d300000,0x000000157d400000)]
  0x0000012e5d9e8ac0 JavaThread "Notification Thread" daemon [_thread_blocked, id=23648, stack(0x000000157d400000,0x000000157d500000)]
  0x0000012e5f8e0950 JavaThread "Catalina-utility-1" [_thread_blocked, id=22196, stack(0x000000157df00000,0x000000157e000000)]
  0x0000012e5f8dfeb0 JavaThread "Catalina-utility-2" [_thread_blocked, id=16760, stack(0x000000157e000000,0x000000157e100000)]
  0x0000012e5f8e0ea0 JavaThread "container-0" [_thread_blocked, id=22784, stack(0x000000157e100000,0x000000157e200000)]
  0x0000012e5f8e0400 JavaThread "PostgreSQL-JDBC-Cleaner" daemon [_thread_blocked, id=21060, stack(0x000000157e300000,0x000000157e400000)]
  0x0000012e61ea1350 JavaThread "HikariPool-1 housekeeper" daemon [_thread_blocked, id=6464, stack(0x000000157e400000,0x000000157e500000)]
  0x0000012e61ea4dc0 JavaThread "spring.cloud.inetutils" daemon [_thread_blocked, id=11744, stack(0x000000157de00000,0x000000157df00000)]
  0x0000012e61ea5860 JavaThread "spectator-gauge-polling-0" daemon [_thread_blocked, id=16408, stack(0x000000157e600000,0x000000157e700000)]
  0x0000012e61ea3dd0 JavaThread "AsyncResolver-bootstrap-%d" daemon [_thread_blocked, id=5860, stack(0x000000157e700000,0x000000157e800000)]
  0x0000012e61ea5db0 JavaThread "DiscoveryClient-%d" daemon [_thread_blocked, id=23964, stack(0x000000157e800000,0x000000157e900000)]
  0x0000012e61ea18a0 JavaThread "DiscoveryClient-%d" daemon [_thread_blocked, id=15540, stack(0x000000157e900000,0x000000157ea00000)]
  0x0000012e61ea4870 JavaThread "DiscoveryClient-InstanceInfoReplicator-%d" daemon [_thread_blocked, id=20404, stack(0x000000157ea00000,0x000000157eb00000)]
  0x0000012e61ea08b0 JavaThread "http-nio-8090-exec-1" daemon [_thread_blocked, id=18076, stack(0x000000157eb00000,0x000000157ec00000)]
  0x0000012e61ea6300 JavaThread "http-nio-8090-exec-2" daemon [_thread_blocked, id=13072, stack(0x000000157ec00000,0x000000157ed00000)]
  0x0000012e61ea6da0 JavaThread "http-nio-8090-exec-3" daemon [_thread_blocked, id=21900, stack(0x000000157ed00000,0x000000157ee00000)]
  0x0000012e61ea2890 JavaThread "http-nio-8090-exec-4" daemon [_thread_blocked, id=12268, stack(0x000000157ee00000,0x000000157ef00000)]
  0x0000012e61ea6850 JavaThread "http-nio-8090-exec-5" daemon [_thread_blocked, id=13052, stack(0x000000157ef00000,0x000000157f000000)]
  0x0000012e61e9f370 JavaThread "http-nio-8090-exec-6" daemon [_thread_blocked, id=20880, stack(0x000000157f000000,0x000000157f100000)]
  0x0000012e61e9f8c0 JavaThread "http-nio-8090-exec-7" daemon [_thread_blocked, id=13788, stack(0x000000157f100000,0x000000157f200000)]
  0x0000012e61e9fe10 JavaThread "http-nio-8090-exec-8" daemon [_thread_blocked, id=8420, stack(0x000000157f200000,0x000000157f300000)]
  0x0000012e61ea1df0 JavaThread "http-nio-8090-exec-9" daemon [_thread_blocked, id=6820, stack(0x000000157f300000,0x000000157f400000)]
  0x0000012e61ea2de0 JavaThread "http-nio-8090-exec-10" daemon [_thread_blocked, id=8584, stack(0x000000157f400000,0x000000157f500000)]
  0x0000012e61ea3880 JavaThread "http-nio-8090-Poller" daemon [_thread_in_native, id=12088, stack(0x000000157f500000,0x000000157f600000)]
  0x0000012e61ea0e00 JavaThread "http-nio-8090-Acceptor" daemon [_thread_in_native, id=2364, stack(0x000000157f600000,0x000000157f700000)]
  0x0000012e5f9c4300 JavaThread "DestroyJavaVM" [_thread_blocked, id=8352, stack(0x000000157c200000,0x000000157c300000)]
  0x0000012e5f9c1880 JavaThread "DiscoveryClient-HeartbeatExecutor-%d" daemon [_thread_blocked, id=17608, stack(0x000000157f700000,0x000000157f800000)]
  0x0000012e5f9c4850 JavaThread "DiscoveryClient-CacheRefreshExecutor-%d" daemon [_thread_blocked, id=22640, stack(0x000000157f800000,0x000000157f900000)]
  0x0000012e5f9c2870 JavaThread "boundedElastic-evictor-1" daemon [_thread_blocked, id=3780, stack(0x000000157c000000,0x000000157c100000)]
  0x0000012e5f9c4da0 JavaThread "pool-4-thread-1" daemon [_thread_blocked, id=21808, stack(0x000000157c100000,0x000000157c200000)]
  0x0000012e5f9c0890 JavaThread "boundedElastic-1" daemon [_thread_blocked, id=3096, stack(0x000000157d200000,0x000000157d300000)]

Other Threads:
  0x0000012e592ff670 VMThread "VM Thread" [stack: 0x000000157c800000,0x000000157c900000] [id=6372]
  0x0000012e5d9e9620 WatcherThread "VM Periodic Task Thread" [stack: 0x000000157d500000,0x000000157d600000] [id=24076]
  0x0000012e3ca35500 WorkerThread "GC Thread#0" [stack: 0x000000157c300000,0x000000157c400000] [id=15900]
  0x0000012e592feb30 WorkerThread "GC Thread#1" [stack: 0x000000157d600000,0x000000157d700000] [id=8928]
  0x0000012e592fe590 WorkerThread "GC Thread#2" [stack: 0x000000157d700000,0x000000157d800000] [id=23684]
  0x0000012e592fee00 WorkerThread "GC Thread#3" [stack: 0x000000157d800000,0x000000157d900000] [id=11476]
  0x0000012e592fe860 WorkerThread "GC Thread#4" [stack: 0x000000157d900000,0x000000157da00000] [id=4624]
  0x0000012e592ff0d0 WorkerThread "GC Thread#5" [stack: 0x000000157da00000,0x000000157db00000] [id=20784]
  0x0000012e5e56b6d0 WorkerThread "GC Thread#6" [stack: 0x000000157dc00000,0x000000157dd00000] [id=18424]
  0x0000012e5e56bf40 WorkerThread "GC Thread#7" [stack: 0x000000157dd00000,0x000000157de00000] [id=3352]
  0x0000012e3ca46070 ConcurrentGCThread "G1 Main Marker" [stack: 0x000000157c400000,0x000000157c500000] [id=16164]
  0x0000012e3ca47240 WorkerThread "G1 Conc#0" [stack: 0x000000157c500000,0x000000157c600000] [id=6984]
  0x0000012e5e56a320 WorkerThread "G1 Conc#1" [stack: 0x000000157db00000,0x000000157dc00000] [id=22308]
  0x0000012e3ca7e270 ConcurrentGCThread "G1 Refine#0" [stack: 0x000000157c600000,0x000000157c700000] [id=16056]
  0x0000012e591be190 ConcurrentGCThread "G1 Service" [stack: 0x000000157c700000,0x000000157c800000] [id=23464]

Threads with active compile tasks:
C2 CompilerThread0   187719 6831 %     4       java.util.Properties$LineReader::readLine @ 224 (584 bytes)

VM state: not at safepoint (normal execution)

VM Mutex/Monitor currently owned by a thread: None

Heap address: 0x0000000082a00000, size: 2006 MB, Compressed Oops mode: 32-bit

CDS archive(s) mapped at: [0x0000000800000000-0x0000000800c60000-0x0000000800c60000), size 12976128, SharedBaseAddress: 0x0000000800000000, ArchiveRelocationMode: 0.
Compressed class space mapped at: 0x0000000801000000-0x0000000841000000, reserved size: 1073741824
Narrow klass base: 0x0000000800000000, Narrow klass shift: 0, Narrow klass range: 0x100000000

GC Precious Log:
 CardTable entry size: 512
 Card Set container configuration: InlinePtr #cards 5 size 8 Array Of Cards #cards 12 size 40 Howl #buckets 4 coarsen threshold 1843 Howl Bitmap #cards 512 size 80 coarsen threshold 460 Card regions per heap region 1 cards per card region 2048
 CPUs: 8 total, 8 available
 Memory: 8023M
 Large Page Support: Disabled
 NUMA Support: Disabled
 Compressed Oops: Enabled (32-bit)
 Heap Region Size: 1M
 Heap Min Capacity: 8M
 Heap Initial Capacity: 126M
 Heap Max Capacity: 2006M
 Pre-touch: Disabled
 Parallel Workers: 8
 Concurrent Workers: 2
 Concurrent Refinement Workers: 8
 Periodic GC: Disabled

Heap:
 garbage-first heap   total 88064K, used 68182K [0x0000000082a00000, 0x0000000100000000)
  region size 1024K, 43 young (44032K), 7 survivors (7168K)
 Metaspace       used 73149K, committed 73920K, reserved 1114112K
  class space    used 9847K, committed 10176K, reserved 1048576K

Heap Regions: E=young(eden), S=young(survivor), O=old, HS=humongous(starts), HC=humongous(continues), CS=collection set, F=free, OA=open archive, CA=closed archive, TAMS=top-at-mark-start, PB=parsable bottom
|   0|0x0000000082a00000, 0x0000000082b00000, 0x0000000082b00000|100%|HS|  |TAMS 0x0000000082a00000| PB 0x0000000082a00000| Complete 
|   1|0x0000000082b00000, 0x0000000082c00000, 0x0000000082c00000|100%|HS|  |TAMS 0x0000000082b00000| PB 0x0000000082b00000| Complete 
|   2|0x0000000082c00000, 0x0000000082d00000, 0x0000000082d00000|100%| O|  |TAMS 0x0000000082c00000| PB 0x0000000082c00000| Untracked 
|   3|0x0000000082d00000, 0x0000000082e00000, 0x0000000082e00000|100%| O|  |TAMS 0x0000000082d00000| PB 0x0000000082d00000| Untracked 
|   4|0x0000000082e00000, 0x0000000082f00000, 0x0000000082f00000|100%| O|  |TAMS 0x0000000082e00000| PB 0x0000000082e00000| Untracked 
|   5|0x0000000082f00000, 0x0000000083000000, 0x0000000083000000|100%| O|  |TAMS 0x0000000082f00000| PB 0x0000000082f00000| Untracked 
|   6|0x0000000083000000, 0x0000000083100000, 0x0000000083100000|100%| O|  |TAMS 0x0000000083000000| PB 0x0000000083000000| Untracked 
|   7|0x0000000083100000, 0x0000000083200000, 0x0000000083200000|100%| O|  |TAMS 0x0000000083100000| PB 0x0000000083100000| Untracked 
|   8|0x0000000083200000, 0x0000000083300000, 0x0000000083300000|100%| O|  |TAMS 0x0000000083200000| PB 0x0000000083200000| Untracked 
|   9|0x0000000083300000, 0x0000000083400000, 0x0000000083400000|100%| O|  |TAMS 0x0000000083300000| PB 0x0000000083300000| Untracked 
|  10|0x0000000083400000, 0x0000000083500000, 0x0000000083500000|100%| O|  |TAMS 0x0000000083400000| PB 0x0000000083400000| Untracked 
|  11|0x0000000083500000, 0x0000000083600000, 0x0000000083600000|100%| O|  |TAMS 0x0000000083500000| PB 0x0000000083500000| Untracked 
|  12|0x0000000083600000, 0x0000000083700000, 0x0000000083700000|100%| O|  |TAMS 0x0000000083600000| PB 0x0000000083600000| Untracked 
|  13|0x0000000083700000, 0x0000000083800000, 0x0000000083800000|100%| O|  |TAMS 0x0000000083700000| PB 0x0000000083700000| Complete 
|  14|0x0000000083800000, 0x0000000083900000, 0x0000000083900000|100%| O|  |TAMS 0x0000000083800000| PB 0x0000000083800000| Untracked 
|  15|0x0000000083900000, 0x0000000083a00000, 0x0000000083a00000|100%| O|  |TAMS 0x0000000083900000| PB 0x0000000083900000| Untracked 
|  16|0x0000000083a00000, 0x0000000083b00000, 0x0000000083b00000|100%| O|  |TAMS 0x0000000083a00000| PB 0x0000000083a00000| Untracked 
|  17|0x0000000083b00000, 0x0000000083c00000, 0x0000000083c00000|100%| O|  |TAMS 0x0000000083b00000| PB 0x0000000083b00000| Untracked 
|  18|0x0000000083c00000, 0x0000000083d00000, 0x0000000083d00000|100%| O|  |TAMS 0x0000000083c00000| PB 0x0000000083c00000| Untracked 
|  19|0x0000000083d00000, 0x0000000083e00000, 0x0000000083e00000|100%| O|  |TAMS 0x0000000083d00000| PB 0x0000000083d00000| Untracked 
|  20|0x0000000083e00000, 0x0000000083f00000, 0x0000000083f00000|100%| O|  |TAMS 0x0000000083e00000| PB 0x0000000083e00000| Untracked 
|  21|0x0000000083f00000, 0x0000000084000000, 0x0000000084000000|100%| O|  |TAMS 0x0000000083f00000| PB 0x0000000083f00000| Untracked 
|  22|0x0000000084000000, 0x0000000084100000, 0x0000000084100000|100%| O|  |TAMS 0x0000000084000000| PB 0x0000000084000000| Untracked 
|  23|0x0000000084100000, 0x0000000084126000, 0x0000000084200000| 14%| O|  |TAMS 0x0000000084100000| PB 0x0000000084100000| Untracked 
|  24|0x0000000084200000, 0x0000000084200000, 0x0000000084300000|  0%| F|  |TAMS 0x0000000084200000| PB 0x0000000084200000| Untracked 
|  25|0x0000000084300000, 0x0000000084300000, 0x0000000084400000|  0%| F|  |TAMS 0x0000000084300000| PB 0x0000000084300000| Untracked 
|  26|0x0000000084400000, 0x000000008446fa20, 0x0000000084500000| 43%| S|CS|TAMS 0x0000000084400000| PB 0x0000000084400000| Complete 
|  27|0x0000000084500000, 0x0000000084600000, 0x0000000084600000|100%| S|CS|TAMS 0x0000000084500000| PB 0x0000000084500000| Complete 
|  28|0x0000000084600000, 0x0000000084700000, 0x0000000084700000|100%| S|CS|TAMS 0x0000000084600000| PB 0x0000000084600000| Complete 
|  29|0x0000000084700000, 0x0000000084800000, 0x0000000084800000|100%| S|CS|TAMS 0x0000000084700000| PB 0x0000000084700000| Complete 
|  30|0x0000000084800000, 0x0000000084900000, 0x0000000084900000|100%| S|CS|TAMS 0x0000000084800000| PB 0x0000000084800000| Complete 
|  31|0x0000000084900000, 0x0000000084a00000, 0x0000000084a00000|100%| S|CS|TAMS 0x0000000084900000| PB 0x0000000084900000| Complete 
|  32|0x0000000084a00000, 0x0000000084b00000, 0x0000000084b00000|100%| S|CS|TAMS 0x0000000084a00000| PB 0x0000000084a00000| Complete 
|  33|0x0000000084b00000, 0x0000000084b00000, 0x0000000084c00000|  0%| F|  |TAMS 0x0000000084b00000| PB 0x0000000084b00000| Untracked 
|  34|0x0000000084c00000, 0x0000000084c00000, 0x0000000084d00000|  0%| F|  |TAMS 0x0000000084c00000| PB 0x0000000084c00000| Untracked 
|  35|0x0000000084d00000, 0x0000000084d00000, 0x0000000084e00000|  0%| F|  |TAMS 0x0000000084d00000| PB 0x0000000084d00000| Untracked 
|  36|0x0000000084e00000, 0x0000000084e00000, 0x0000000084f00000|  0%| F|  |TAMS 0x0000000084e00000| PB 0x0000000084e00000| Untracked 
|  37|0x0000000084f00000, 0x0000000084f00000, 0x0000000085000000|  0%| F|  |TAMS 0x0000000084f00000| PB 0x0000000084f00000| Untracked 
|  38|0x0000000085000000, 0x0000000085000000, 0x0000000085100000|  0%| F|  |TAMS 0x0000000085000000| PB 0x0000000085000000| Untracked 
|  39|0x0000000085100000, 0x0000000085100000, 0x0000000085200000|  0%| F|  |TAMS 0x0000000085100000| PB 0x0000000085100000| Untracked 
|  40|0x0000000085200000, 0x0000000085200000, 0x0000000085300000|  0%| F|  |TAMS 0x0000000085200000| PB 0x0000000085200000| Untracked 
|  41|0x0000000085300000, 0x0000000085300000, 0x0000000085400000|  0%| F|  |TAMS 0x0000000085300000| PB 0x0000000085300000| Untracked 
|  42|0x0000000085400000, 0x0000000085400000, 0x0000000085500000|  0%| F|  |TAMS 0x0000000085400000| PB 0x0000000085400000| Untracked 
|  43|0x0000000085500000, 0x0000000085500000, 0x0000000085600000|  0%| F|  |TAMS 0x0000000085500000| PB 0x0000000085500000| Untracked 
|  44|0x0000000085600000, 0x0000000085600000, 0x0000000085700000|  0%| F|  |TAMS 0x0000000085600000| PB 0x0000000085600000| Untracked 
|  45|0x0000000085700000, 0x0000000085700000, 0x0000000085800000|  0%| F|  |TAMS 0x0000000085700000| PB 0x0000000085700000| Untracked 
|  46|0x0000000085800000, 0x0000000085800000, 0x0000000085900000|  0%| F|  |TAMS 0x0000000085800000| PB 0x0000000085800000| Untracked 
|  47|0x0000000085900000, 0x0000000085954e10, 0x0000000085a00000| 33%| E|  |TAMS 0x0000000085900000| PB 0x0000000085900000| Complete 
|  48|0x0000000085a00000, 0x0000000085b00000, 0x0000000085b00000|100%| E|CS|TAMS 0x0000000085a00000| PB 0x0000000085a00000| Complete 
|  49|0x0000000085b00000, 0x0000000085c00000, 0x0000000085c00000|100%| E|CS|TAMS 0x0000000085b00000| PB 0x0000000085b00000| Complete 
|  50|0x0000000085c00000, 0x0000000085d00000, 0x0000000085d00000|100%| E|CS|TAMS 0x0000000085c00000| PB 0x0000000085c00000| Complete 
|  51|0x0000000085d00000, 0x0000000085e00000, 0x0000000085e00000|100%| E|CS|TAMS 0x0000000085d00000| PB 0x0000000085d00000| Complete 
|  52|0x0000000085e00000, 0x0000000085f00000, 0x0000000085f00000|100%| E|CS|TAMS 0x0000000085e00000| PB 0x0000000085e00000| Complete 
|  53|0x0000000085f00000, 0x0000000086000000, 0x0000000086000000|100%| E|CS|TAMS 0x0000000085f00000| PB 0x0000000085f00000| Complete 
|  54|0x0000000086000000, 0x0000000086100000, 0x0000000086100000|100%| E|CS|TAMS 0x0000000086000000| PB 0x0000000086000000| Complete 
|  55|0x0000000086100000, 0x0000000086200000, 0x0000000086200000|100%| E|  |TAMS 0x0000000086100000| PB 0x0000000086100000| Complete 
|  56|0x0000000086200000, 0x0000000086300000, 0x0000000086300000|100%| E|CS|TAMS 0x0000000086200000| PB 0x0000000086200000| Complete 
|  57|0x0000000086300000, 0x0000000086400000, 0x0000000086400000|100%| E|CS|TAMS 0x0000000086300000| PB 0x0000000086300000| Complete 
|  58|0x0000000086400000, 0x0000000086500000, 0x0000000086500000|100%| E|CS|TAMS 0x0000000086400000| PB 0x0000000086400000| Complete 
|  59|0x0000000086500000, 0x0000000086600000, 0x0000000086600000|100%| E|CS|TAMS 0x0000000086500000| PB 0x0000000086500000| Complete 
|  60|0x0000000086600000, 0x0000000086700000, 0x0000000086700000|100%| E|CS|TAMS 0x0000000086600000| PB 0x0000000086600000| Complete 
|  61|0x0000000086700000, 0x0000000086800000, 0x0000000086800000|100%| E|CS|TAMS 0x0000000086700000| PB 0x0000000086700000| Complete 
|  62|0x0000000086800000, 0x0000000086900000, 0x0000000086900000|100%| E|CS|TAMS 0x0000000086800000| PB 0x0000000086800000| Complete 
|  63|0x0000000086900000, 0x0000000086a00000, 0x0000000086a00000|100%| E|CS|TAMS 0x0000000086900000| PB 0x0000000086900000| Complete 
|  64|0x0000000086a00000, 0x0000000086b00000, 0x0000000086b00000|100%| E|CS|TAMS 0x0000000086a00000| PB 0x0000000086a00000| Complete 
|  65|0x0000000086b00000, 0x0000000086c00000, 0x0000000086c00000|100%| E|CS|TAMS 0x0000000086b00000| PB 0x0000000086b00000| Complete 
|  66|0x0000000086c00000, 0x0000000086d00000, 0x0000000086d00000|100%| E|CS|TAMS 0x0000000086c00000| PB 0x0000000086c00000| Complete 
|  67|0x0000000086d00000, 0x0000000086e00000, 0x0000000086e00000|100%| E|CS|TAMS 0x0000000086d00000| PB 0x0000000086d00000| Complete 
|  68|0x0000000086e00000, 0x0000000086f00000, 0x0000000086f00000|100%| E|CS|TAMS 0x0000000086e00000| PB 0x0000000086e00000| Complete 
|  69|0x0000000086f00000, 0x0000000087000000, 0x0000000087000000|100%| E|CS|TAMS 0x0000000086f00000| PB 0x0000000086f00000| Complete 
|  70|0x0000000087000000, 0x0000000087100000, 0x0000000087100000|100%| E|CS|TAMS 0x0000000087000000| PB 0x0000000087000000| Complete 
|  71|0x0000000087100000, 0x0000000087200000, 0x0000000087200000|100%| E|CS|TAMS 0x0000000087100000| PB 0x0000000087100000| Complete 
|  72|0x0000000087200000, 0x0000000087300000, 0x0000000087300000|100%| E|CS|TAMS 0x0000000087200000| PB 0x0000000087200000| Complete 
|  73|0x0000000087300000, 0x0000000087400000, 0x0000000087400000|100%| E|CS|TAMS 0x0000000087300000| PB 0x0000000087300000| Complete 
|  74|0x0000000087400000, 0x0000000087500000, 0x0000000087500000|100%| E|CS|TAMS 0x0000000087400000| PB 0x0000000087400000| Complete 
|  75|0x0000000087500000, 0x0000000087600000, 0x0000000087600000|100%| E|CS|TAMS 0x0000000087500000| PB 0x0000000087500000| Complete 
|  76|0x0000000087600000, 0x0000000087700000, 0x0000000087700000|100%| E|CS|TAMS 0x0000000087600000| PB 0x0000000087600000| Complete 
|  77|0x0000000087700000, 0x0000000087800000, 0x0000000087800000|100%| E|CS|TAMS 0x0000000087700000| PB 0x0000000087700000| Complete 
|  78|0x0000000087800000, 0x0000000087900000, 0x0000000087900000|100%| E|CS|TAMS 0x0000000087800000| PB 0x0000000087800000| Complete 
|  79|0x0000000087900000, 0x0000000087a00000, 0x0000000087a00000|100%| E|CS|TAMS 0x0000000087900000| PB 0x0000000087900000| Complete 
|  80|0x0000000087a00000, 0x0000000087b00000, 0x0000000087b00000|100%| E|CS|TAMS 0x0000000087a00000| PB 0x0000000087a00000| Complete 
|  81|0x0000000087b00000, 0x0000000087c00000, 0x0000000087c00000|100%| E|CS|TAMS 0x0000000087b00000| PB 0x0000000087b00000| Complete 
| 125|0x000000008a700000, 0x000000008a800000, 0x000000008a800000|100%| E|CS|TAMS 0x000000008a700000| PB 0x000000008a700000| Complete 
|2003|0x00000000ffd00000, 0x00000000ffe00000, 0x00000000ffe00000|100%| O|  |TAMS 0x00000000ffd00000| PB 0x00000000ffd00000| Untracked 
|2004|0x00000000ffe00000, 0x00000000fff00000, 0x00000000fff00000|100%| O|  |TAMS 0x00000000ffe00000| PB 0x00000000ffe00000| Untracked 
|2005|0x00000000fff00000, 0x0000000100000000, 0x0000000100000000|100%| O|  |TAMS 0x00000000fff00000| PB 0x00000000fff00000| Untracked 

Card table byte_map: [0x0000012e54190000,0x0000012e54580000] _byte_map_base: 0x0000012e53d7b000

Marking Bits: (CMBitMap*) 0x0000012e3ca35b30
 Bits: [0x0000012e54970000, 0x0000012e568c8000)

Polling page: 0x0000012e3a900000

Metaspace:

Usage:
  Non-class:     61.82 MB used.
      Class:      9.62 MB used.
       Both:     71.44 MB used.

Virtual space:
  Non-class space:       64.00 MB reserved,      62.25 MB ( 97%) committed,  1 nodes.
      Class space:        1.00 GB reserved,       9.94 MB ( <1%) committed,  1 nodes.
             Both:        1.06 GB reserved,      72.19 MB (  7%) committed. 

Chunk freelists:
   Non-Class:  1.48 MB
       Class:  1.88 MB
        Both:  3.36 MB

MaxMetaspaceSize: unlimited
CompressedClassSpaceSize: 1.00 GB
Initial GC threshold: 21.00 MB
Current GC threshold: 99.50 MB
CDS: on
MetaspaceReclaimPolicy: balanced
 - commit_granule_bytes: 65536.
 - commit_granule_words: 8192.
 - virtual_space_node_default_size: 8388608.
 - enlarge_chunks_in_place: 1.
 - new_chunks_are_fully_committed: 0.
 - uncommit_free_chunks: 1.
 - use_allocation_guard: 0.


Internal statistics:

num_allocs_failed_limit: 12.
num_arena_births: 1014.
num_arena_deaths: 0.
num_vsnodes_births: 2.
num_vsnodes_deaths: 0.
num_space_committed: 1155.
num_space_uncommitted: 0.
num_chunks_returned_to_freelist: 12.
num_chunks_taken_from_freelist: 3683.
num_chunk_merges: 6.
num_chunk_splits: 2642.
num_chunks_enlarged: 2036.
num_inconsistent_stats: 0.

CodeHeap 'non-profiled nmethods': size=120000Kb used=4200Kb max_used=4200Kb free=115799Kb
 bounds [0x0000012e4c540000, 0x0000012e4c960000, 0x0000012e53a70000]
CodeHeap 'profiled nmethods': size=120000Kb used=12643Kb max_used=12643Kb free=107356Kb
 bounds [0x0000012e44a70000, 0x0000012e456d0000, 0x0000012e4bfa0000]
CodeHeap 'non-nmethods': size=5760Kb used=1739Kb max_used=1803Kb free=4020Kb
 bounds [0x0000012e4bfa0000, 0x0000012e4c210000, 0x0000012e4c540000]
 total_blobs=6866 nmethods=6150 adapters=626
 compilation: enabled
              stopped_count=0, restarted_count=0
 full_count=0

Compilation events (20 events):
Event: 187.669 Thread 0x0000012e5933a620 nmethod 6846 0x0000012e456af510 code [0x0000012e456af6c0, 0x0000012e456af878]
Event: 187.669 Thread 0x0000012e5933a620 6847       3       com.fasterxml.jackson.databind.introspect.POJOPropertyBuilder::findObjectIdInfo (16 bytes)
Event: 187.669 Thread 0x0000012e5933a620 nmethod 6847 0x0000012e456af990 code [0x0000012e456afb40, 0x0000012e456aff30]
Event: 187.669 Thread 0x0000012e5933a620 6848       3       com.fasterxml.jackson.databind.introspect.POJOPropertyBuilder$4::<init> (10 bytes)
Event: 187.669 Thread 0x0000012e5933a620 nmethod 6848 0x0000012e456b0090 code [0x0000012e456b0220, 0x0000012e456b03e8]
Event: 187.669 Thread 0x0000012e5933a620 6850       1       com.fasterxml.jackson.annotation.JsonIgnoreProperties$Value::getIgnoreUnknown (5 bytes)
Event: 187.669 Thread 0x0000012e5933a620 nmethod 6850 0x0000012e4c958e90 code [0x0000012e4c959000, 0x0000012e4c9590d0]
Event: 187.670 Thread 0x0000012e5933a620 6857       3       java.io.PrintWriter::println (5 bytes)
Event: 187.670 Thread 0x0000012e5933a620 nmethod 6857 0x0000012e456b0490 code [0x0000012e456b0620, 0x0000012e456b0758]
Event: 187.670 Thread 0x0000012e5933a620 6858   !   3       java.io.PrintWriter::newLine (63 bytes)
Event: 187.670 Thread 0x0000012e5933a620 nmethod 6858 0x0000012e456b0810 code [0x0000012e456b0a80, 0x0000012e456b18b0]
Event: 187.670 Thread 0x0000012e5933a620 6859   !   3       java.io.PrintWriter::implNewLine (48 bytes)
Event: 187.671 Thread 0x0000012e5933a620 nmethod 6859 0x0000012e456b1d90 code [0x0000012e456b1fa0, 0x0000012e456b25d0]
Event: 187.671 Thread 0x0000012e5933a620 6860       3       java.io.PrintWriter::print (9 bytes)
Event: 187.671 Thread 0x0000012e5933a620 nmethod 6860 0x0000012e456b2910 code [0x0000012e456b2ae0, 0x0000012e456b2fb8]
Event: 187.671 Thread 0x0000012e5933a620 6861       3       java.io.PrintWriter::write (11 bytes)
Event: 187.671 Thread 0x0000012e5933a620 nmethod 6861 0x0000012e456b3190 code [0x0000012e456b3340, 0x0000012e456b3610]
Event: 187.671 Thread 0x0000012e5933a620 6862   !   3       java.io.PrintWriter::write (82 bytes)
Event: 187.672 Thread 0x0000012e5933a620 nmethod 6862 0x0000012e456b3790 code [0x0000012e456b3a00, 0x0000012e456b4880]
Event: 187.672 Thread 0x0000012e5933a620 6863   !   3       java.io.PrintWriter::implWrite (36 bytes)

GC Heap History (20 events):
Event: 0.702 GC heap before
{Heap before GC invocations=0 (full 0):
 garbage-first heap   total 129024K, used 25600K [0x0000000082a00000, 0x0000000100000000)
  region size 1024K, 23 young (23552K), 0 survivors (0K)
 Metaspace       used 5788K, committed 6016K, reserved 1114112K
  class space    used 649K, committed 768K, reserved 1048576K
}
Event: 0.708 GC heap after
{Heap after GC invocations=1 (full 0):
 garbage-first heap   total 129024K, used 9259K [0x0000000082a00000, 0x0000000100000000)
  region size 1024K, 3 young (3072K), 3 survivors (3072K)
 Metaspace       used 5788K, committed 6016K, reserved 1114112K
  class space    used 649K, committed 768K, reserved 1048576K
}
Event: 1.206 GC heap before
{Heap before GC invocations=1 (full 0):
 garbage-first heap   total 129024K, used 34859K [0x0000000082a00000, 0x0000000100000000)
  region size 1024K, 29 young (29696K), 3 survivors (3072K)
 Metaspace       used 12613K, committed 12928K, reserved 1114112K
  class space    used 1471K, committed 1600K, reserved 1048576K
}
Event: 1.212 GC heap after
{Heap after GC invocations=2 (full 0):
 garbage-first heap   total 129024K, used 12238K [0x0000000082a00000, 0x0000000100000000)
  region size 1024K, 3 young (3072K), 3 survivors (3072K)
 Metaspace       used 12613K, committed 12928K, reserved 1114112K
  class space    used 1471K, committed 1600K, reserved 1048576K
}
Event: 1.983 GC heap before
{Heap before GC invocations=2 (full 0):
 garbage-first heap   total 129024K, used 62414K [0x0000000082a00000, 0x0000000100000000)
  region size 1024K, 53 young (54272K), 3 survivors (3072K)
 Metaspace       used 21281K, committed 21504K, reserved 1114112K
  class space    used 2514K, committed 2624K, reserved 1048576K
}
Event: 1.993 GC heap after
{Heap after GC invocations=3 (full 0):
 garbage-first heap   total 129024K, used 16076K [0x0000000082a00000, 0x0000000100000000)
  region size 1024K, 7 young (7168K), 7 survivors (7168K)
 Metaspace       used 21281K, committed 21504K, reserved 1114112K
  class space    used 2514K, committed 2624K, reserved 1048576K
}
Event: 3.330 GC heap before
{Heap before GC invocations=4 (full 0):
 garbage-first heap   total 61440K, used 60108K [0x0000000082a00000, 0x0000000100000000)
  region size 1024K, 50 young (51200K), 7 survivors (7168K)
 Metaspace       used 29085K, committed 29632K, reserved 1114112K
  class space    used 3722K, committed 3968K, reserved 1048576K
}
Event: 3.349 GC heap after
{Heap after GC invocations=5 (full 0):
 garbage-first heap   total 72704K, used 20014K [0x0000000082a00000, 0x0000000100000000)
  region size 1024K, 8 young (8192K), 8 survivors (8192K)
 Metaspace       used 29085K, committed 29632K, reserved 1114112K
  class space    used 3722K, committed 3968K, reserved 1048576K
}
Event: 3.907 GC heap before
{Heap before GC invocations=5 (full 0):
 garbage-first heap   total 72704K, used 49710K [0x0000000082a00000, 0x0000000100000000)
  region size 1024K, 37 young (37888K), 8 survivors (8192K)
 Metaspace       used 35384K, committed 35968K, reserved 1114112K
  class space    used 4578K, committed 4864K, reserved 1048576K
}
Event: 3.914 GC heap after
{Heap after GC invocations=6 (full 0):
 garbage-first heap   total 72704K, used 22178K [0x0000000082a00000, 0x0000000100000000)
  region size 1024K, 3 young (3072K), 3 survivors (3072K)
 Metaspace       used 35384K, committed 35968K, reserved 1114112K
  class space    used 4578K, committed 4864K, reserved 1048576K
}
Event: 3.950 GC heap before
{Heap before GC invocations=6 (full 0):
 garbage-first heap   total 72704K, used 23202K [0x0000000082a00000, 0x0000000100000000)
  region size 1024K, 5 young (5120K), 3 survivors (3072K)
 Metaspace       used 35777K, committed 36288K, reserved 1114112K
  class space    used 4633K, committed 4864K, reserved 1048576K
}
Event: 3.953 GC heap after
{Heap after GC invocations=7 (full 0):
 garbage-first heap   total 72704K, used 21728K [0x0000000082a00000, 0x0000000100000000)
  region size 1024K, 3 young (3072K), 3 survivors (3072K)
 Metaspace       used 35777K, committed 36288K, reserved 1114112K
  class space    used 4633K, committed 4864K, reserved 1048576K
}
Event: 4.975 GC heap before
{Heap before GC invocations=8 (full 0):
 garbage-first heap   total 72704K, used 58592K [0x0000000082a00000, 0x0000000100000000)
  region size 1024K, 39 young (39936K), 3 survivors (3072K)
 Metaspace       used 45836K, committed 46464K, reserved 1114112K
  class space    used 6037K, committed 6336K, reserved 1048576K
}
Event: 4.979 GC heap after
{Heap after GC invocations=9 (full 0):
 garbage-first heap   total 88064K, used 23935K [0x0000000082a00000, 0x0000000100000000)
  region size 1024K, 5 young (5120K), 5 survivors (5120K)
 Metaspace       used 45836K, committed 46464K, reserved 1114112K
  class space    used 6037K, committed 6336K, reserved 1048576K
}
Event: 6.056 GC heap before
{Heap before GC invocations=9 (full 0):
 garbage-first heap   total 88064K, used 70015K [0x0000000082a00000, 0x0000000100000000)
  region size 1024K, 51 young (52224K), 5 survivors (5120K)
 Metaspace       used 58924K, committed 59520K, reserved 1114112K
  class space    used 7962K, committed 8256K, reserved 1048576K
}
Event: 6.063 GC heap after
{Heap after GC invocations=10 (full 0):
 garbage-first heap   total 88064K, used 27215K [0x0000000082a00000, 0x0000000100000000)
  region size 1024K, 6 young (6144K), 6 survivors (6144K)
 Metaspace       used 58924K, committed 59520K, reserved 1114112K
  class space    used 7962K, committed 8256K, reserved 1048576K
}
Event: 6.443 GC heap before
{Heap before GC invocations=10 (full 0):
 garbage-first heap   total 88064K, used 39503K [0x0000000082a00000, 0x0000000100000000)
  region size 1024K, 19 young (19456K), 6 survivors (6144K)
 Metaspace       used 60342K, committed 60928K, reserved 1114112K
  class space    used 8169K, committed 8448K, reserved 1048576K
}
Event: 6.449 GC heap after
{Heap after GC invocations=11 (full 0):
 garbage-first heap   total 88064K, used 28746K [0x0000000082a00000, 0x0000000100000000)
  region size 1024K, 5 young (5120K), 5 survivors (5120K)
 Metaspace       used 60342K, committed 60928K, reserved 1114112K
  class space    used 8169K, committed 8448K, reserved 1048576K
}
Event: 7.261 GC heap before
{Heap before GC invocations=12 (full 0):
 garbage-first heap   total 88064K, used 74826K [0x0000000082a00000, 0x0000000100000000)
  region size 1024K, 50 young (51200K), 5 survivors (5120K)
 Metaspace       used 66776K, committed 67520K, reserved 1114112K
  class space    used 9063K, committed 9408K, reserved 1048576K
}
Event: 7.270 GC heap after
{Heap after GC invocations=13 (full 0):
 garbage-first heap   total 88064K, used 33366K [0x0000000082a00000, 0x0000000100000000)
  region size 1024K, 7 young (7168K), 7 survivors (7168K)
 Metaspace       used 66776K, committed 67520K, reserved 1114112K
  class space    used 9063K, committed 9408K, reserved 1048576K
}

Dll operation events (14 events):
Event: 0.011 Loaded shared library C:\Program Files\Java\jdk-20\bin\java.dll
Event: 0.021 Loaded shared library C:\Program Files\Java\jdk-20\bin\jsvml.dll
Event: 0.130 Loaded shared library C:\Program Files\Java\jdk-20\bin\zip.dll
Event: 0.132 Loaded shared library C:\Program Files\Java\jdk-20\bin\instrument.dll
Event: 0.137 Loaded shared library C:\Program Files\Java\jdk-20\bin\net.dll
Event: 0.138 Loaded shared library C:\Program Files\Java\jdk-20\bin\nio.dll
Event: 0.140 Loaded shared library C:\Program Files\Java\jdk-20\bin\zip.dll
Event: 0.293 Loaded shared library C:\Program Files\JetBrains\IntelliJ IDEA Community Edition 2022.2.3\bin\breakgen64.dll
Event: 0.299 Loaded shared library C:\Program Files\Java\jdk-20\bin\extnet.dll
Event: 0.354 Loaded shared library C:\Program Files\Java\jdk-20\bin\jimage.dll
Event: 1.384 Loaded shared library C:\Program Files\Java\jdk-20\bin\sunmscapi.dll
Event: 3.434 Loaded shared library C:\Program Files\Java\jdk-20\bin\management.dll
Event: 3.435 Loaded shared library C:\Program Files\Java\jdk-20\bin\management_ext.dll
Event: 3.933 Loaded shared library C:\Program Files\Java\jdk-20\bin\verify.dll

Deoptimization events (20 events):
Event: 67.498 Thread 0x0000012e61ea18a0 Uncommon trap: trap_request=0xffffff45 fr.pc=0x0000012e4c714840 relative=0x00000000000002a0
Event: 67.498 Thread 0x0000012e61ea18a0 Uncommon trap: reason=unstable_if action=reinterpret pc=0x0000012e4c714840 method=java.lang.invoke.MethodType.equals(Ljava/lang/Object;)Z @ 11 c2
Event: 67.499 Thread 0x0000012e61ea18a0 DEOPT PACKING pc=0x0000012e4c714840 sp=0x000000157e9fddc0
Event: 67.499 Thread 0x0000012e61ea18a0 DEOPT UNPACKING pc=0x0000012e4c009d22 sp=0x000000157e9fdd78 mode 2
Event: 67.499 Thread 0x0000012e61ea18a0 Uncommon trap: trap_request=0xffffff54 fr.pc=0x0000012e4c824200 relative=0x00000000000039c0
Event: 67.499 Thread 0x0000012e61ea18a0 Uncommon trap: reason=speculate_null_assert action=make_not_entrant pc=0x0000012e4c824200 method=java.lang.invoke.MethodType$ConcurrentWeakInternSet.add(Ljava/lang/Object;)Ljava/lang/Object; @ 47 c2
Event: 67.499 Thread 0x0000012e61ea18a0 DEOPT PACKING pc=0x0000012e4c824200 sp=0x000000157e9fdf90
Event: 67.499 Thread 0x0000012e61ea18a0 DEOPT UNPACKING pc=0x0000012e4c009d22 sp=0x000000157e9fdf38 mode 2
Event: 163.498 Thread 0x0000012e5f8e0950 DEOPT PACKING pc=0x0000012e455878d4 sp=0x000000157dffeec0
Event: 163.499 Thread 0x0000012e5f8e0950 DEOPT UNPACKING pc=0x0000012e4c00a4c2 sp=0x000000157dffe380 mode 0
Event: 163.559 Thread 0x0000012e5f8dfeb0 DEOPT PACKING pc=0x0000012e455878d4 sp=0x000000157e0ff150
Event: 163.559 Thread 0x0000012e5f8dfeb0 DEOPT UNPACKING pc=0x0000012e4c00a4c2 sp=0x000000157e0fe610 mode 0
Event: 167.173 Thread 0x0000012e61ea5860 DEOPT PACKING pc=0x0000012e455878d4 sp=0x000000157e6ff120
Event: 167.173 Thread 0x0000012e61ea5860 DEOPT UNPACKING pc=0x0000012e4c00a4c2 sp=0x000000157e6fe5e0 mode 0
Event: 184.728 Thread 0x0000012e61ea1350 DEOPT PACKING pc=0x0000012e455878d4 sp=0x000000157e4ff3c0
Event: 184.728 Thread 0x0000012e61ea1350 DEOPT UNPACKING pc=0x0000012e4c00a4c2 sp=0x000000157e4fe880 mode 0
Event: 187.650 Thread 0x0000012e61ea18a0 DEOPT PACKING pc=0x0000012e455878d4 sp=0x000000157e9ff1c0
Event: 187.650 Thread 0x0000012e61ea18a0 DEOPT UNPACKING pc=0x0000012e4c00a4c2 sp=0x000000157e9fe680 mode 0
Event: 187.650 Thread 0x0000012e5f9c4850 DEOPT PACKING pc=0x0000012e455878d4 sp=0x000000157f8fefb0
Event: 187.650 Thread 0x0000012e5f9c4850 DEOPT UNPACKING pc=0x0000012e4c00a4c2 sp=0x000000157f8fe470 mode 0

Classes loaded (20 events):
Event: 163.381 Loading class java/io/PushbackInputStream
Event: 163.382 Loading class java/io/PushbackInputStream done
Event: 163.479 Loading class java/time/Clock$FixedClock
Event: 163.479 Loading class java/time/Clock$FixedClock done
Event: 163.483 Loading class java/time/Clock$TickClock
Event: 163.484 Loading class java/time/Clock$TickClock done
Event: 163.518 Loading class java/util/concurrent/atomic/AtomicLongFieldUpdater
Event: 163.518 Loading class java/util/concurrent/atomic/AtomicLongFieldUpdater done
Event: 163.519 Loading class java/util/concurrent/atomic/AtomicLongFieldUpdater$CASUpdater
Event: 163.519 Loading class java/util/concurrent/atomic/AtomicLongFieldUpdater$CASUpdater done
Event: 163.519 Loading class java/util/concurrent/atomic/AtomicLongFieldUpdater$CASUpdater$1
Event: 163.519 Loading class java/util/concurrent/atomic/AtomicLongFieldUpdater$CASUpdater$1 done
Event: 163.566 Loading class java/util/stream/ReduceOps$7
Event: 163.566 Loading class java/util/stream/ReduceOps$7 done
Event: 163.566 Loading class java/util/stream/ReduceOps$6ReducingSink
Event: 163.566 Loading class java/util/stream/ReduceOps$6ReducingSink done
Event: 163.581 Loading class java/util/stream/LongStream
Event: 163.582 Loading class java/util/stream/LongStream done
Event: 163.582 Loading class java/util/stream/DoubleStream
Event: 163.582 Loading class java/util/stream/DoubleStream done

Classes unloaded (0 events):
No events

Classes redefined (0 events):
No events

Internal exceptions (20 events):
Event: 97.577 Thread 0x0000012e5f9c1880 Exception <a 'java/net/ConnectException'{0x00000000869b02e8}: Connection refused: no further information> (0x00000000869b02e8) 
thrown [s\open\src\hotspot\share\prims\jni.cpp, line 538]
Event: 97.636 Thread 0x0000012e61ea4870 Exception <a 'java/net/ConnectException'{0x0000000086847b90}: Connection refused: no further information> (0x0000000086847b90) 
thrown [s\open\src\hotspot\share\prims\jni.cpp, line 538]
Event: 97.652 Thread 0x0000012e61ea4870 Exception <a 'java/net/ConnectException'{0x0000000086848fb8}: Connection refused: no further information> (0x0000000086848fb8) 
thrown [s\open\src\hotspot\share\prims\jni.cpp, line 538]
Event: 127.600 Thread 0x0000012e5f9c4850 Exception <a 'java/net/ConnectException'{0x00000000868da670}: Connection refused: no further information> (0x00000000868da670) 
thrown [s\open\src\hotspot\share\prims\jni.cpp, line 538]
Event: 127.616 Thread 0x0000012e5f9c1880 Exception <a 'java/net/ConnectException'{0x000000008673ec30}: Connection refused: no further information> (0x000000008673ec30) 
thrown [s\open\src\hotspot\share\prims\jni.cpp, line 538]
Event: 127.616 Thread 0x0000012e5f9c4850 Exception <a 'java/net/ConnectException'{0x00000000868dba98}: Connection refused: no further information> (0x00000000868dba98) 
thrown [s\open\src\hotspot\share\prims\jni.cpp, line 538]
Event: 127.631 Thread 0x0000012e5f9c1880 Exception <a 'java/net/ConnectException'{0x0000000086740058}: Connection refused: no further information> (0x0000000086740058) 
thrown [s\open\src\hotspot\share\prims\jni.cpp, line 538]
Event: 127.694 Thread 0x0000012e61ea4870 Exception <a 'java/net/ConnectException'{0x000000008660e6b8}: Connection refused: no further information> (0x000000008660e6b8) 
thrown [s\open\src\hotspot\share\prims\jni.cpp, line 538]
Event: 127.695 Thread 0x0000012e61ea4870 Exception <a 'java/net/ConnectException'{0x000000008660fae0}: Connection refused: no further information> (0x000000008660fae0) 
thrown [s\open\src\hotspot\share\prims\jni.cpp, line 538]
Event: 157.641 Thread 0x0000012e5f9c4850 Exception <a 'java/net/ConnectException'{0x00000000866bd9a8}: Connection refused: no further information> (0x00000000866bd9a8) 
thrown [s\open\src\hotspot\share\prims\jni.cpp, line 538]
Event: 157.642 Thread 0x0000012e5f9c4850 Exception <a 'java/net/ConnectException'{0x00000000866bedd0}: Connection refused: no further information> (0x00000000866bedd0) 
thrown [s\open\src\hotspot\share\prims\jni.cpp, line 538]
Event: 157.674 Thread 0x0000012e5f9c1880 Exception <a 'java/net/ConnectException'{0x000000008655c3d8}: Connection refused: no further information> (0x000000008655c3d8) 
thrown [s\open\src\hotspot\share\prims\jni.cpp, line 538]
Event: 157.675 Thread 0x0000012e5f9c1880 Exception <a 'java/net/ConnectException'{0x000000008655d800}: Connection refused: no further information> (0x000000008655d800) 
thrown [s\open\src\hotspot\share\prims\jni.cpp, line 538]
Event: 157.736 Thread 0x0000012e61ea4870 Exception <a 'java/net/ConnectException'{0x00000000865f6268}: Connection refused: no further information> (0x00000000865f6268) 
thrown [s\open\src\hotspot\share\prims\jni.cpp, line 538]
Event: 157.736 Thread 0x0000012e61ea4870 Exception <a 'java/net/ConnectException'{0x00000000865f7690}: Connection refused: no further information> (0x00000000865f7690) 
thrown [s\open\src\hotspot\share\prims\jni.cpp, line 538]
Event: 163.230 Thread 0x0000012e61ea6300 Exception <a 'java/lang/NoSuchMethodError'{0x0000000086333ea8}: 'java.lang.Object java.lang.invoke.DirectMethodHandle$Holder.invokeSpecial(java.lang.Object, java.lang.Object, java.lang.Object, java.lang.Object, java.lang.Object, long)'> (0x0000000086333ea8) 
thrown [s\open\src\hotspot\share\interpreter\linkResolver.cpp, line 773]
Event: 163.231 Thread 0x0000012e61ea6300 Exception <a 'java/lang/NoSuchMethodError'{0x0000000086337668}: 'java.lang.Object java.lang.invoke.Invokers$Holder.linkToTargetMethod(java.lang.Object, java.lang.Object, java.lang.Object, long, java.lang.Object)'> (0x0000000086337668) 
thrown [s\open\src\hotspot\share\interpreter\linkResolver.cpp, line 773]
Event: 163.531 Thread 0x0000012e61ea08b0 Exception <a 'java/lang/NoSuchMethodError'{0x0000000085c41a50}: 'java.lang.Object java.lang.invoke.DirectMethodHandle$Holder.invokeInterface(java.lang.Object, java.lang.Object, java.lang.Object, int)'> (0x0000000085c41a50) 
thrown [s\open\src\hotspot\share\interpreter\linkResolver.cpp, line 773]
Event: 187.669 Thread 0x0000012e5f9c4850 Exception <a 'java/net/ConnectException'{0x0000000085a95bd0}: Connection refused: no further information> (0x0000000085a95bd0) 
thrown [s\open\src\hotspot\share\prims\jni.cpp, line 538]
Event: 187.669 Thread 0x0000012e5f9c4850 Exception <a 'java/net/ConnectException'{0x0000000085a96ff8}: Connection refused: no further information> (0x0000000085a96ff8) 
thrown [s\open\src\hotspot\share\prims\jni.cpp, line 538]

VM Operations (20 events):
Event: 163.260 Executing VM operation: HandshakeAllThreads
Event: 163.261 Executing VM operation: HandshakeAllThreads done
Event: 163.261 Executing VM operation: Cleanup
Event: 163.261 Executing VM operation: Cleanup done
Event: 163.268 Executing VM operation: HandshakeAllThreads
Event: 163.268 Executing VM operation: HandshakeAllThreads done
Event: 163.374 Executing VM operation: HandshakeAllThreads
Event: 163.374 Executing VM operation: HandshakeAllThreads done
Event: 163.399 Executing VM operation: HandshakeAllThreads
Event: 163.399 Executing VM operation: HandshakeAllThreads done
Event: 163.477 Executing VM operation: HandshakeAllThreads
Event: 163.477 Executing VM operation: HandshakeAllThreads done
Event: 163.542 Executing VM operation: HandshakeAllThreads
Event: 163.542 Executing VM operation: HandshakeAllThreads done
Event: 163.571 Executing VM operation: HandshakeAllThreads
Event: 163.571 Executing VM operation: HandshakeAllThreads done
Event: 164.580 Executing VM operation: Cleanup
Event: 164.580 Executing VM operation: Cleanup done
Event: 177.658 Executing VM operation: Cleanup
Event: 177.658 Executing VM operation: Cleanup done

Events (20 events):
Event: 7.477 Thread 0x0000012e61ea2890 Thread added: 0x0000012e61ea2890
Event: 7.478 Thread 0x0000012e61ea6850 Thread added: 0x0000012e61ea6850
Event: 7.478 Thread 0x0000012e61e9f370 Thread added: 0x0000012e61e9f370
Event: 7.478 Thread 0x0000012e61e9f8c0 Thread added: 0x0000012e61e9f8c0
Event: 7.478 Thread 0x0000012e61e9fe10 Thread added: 0x0000012e61e9fe10
Event: 7.478 Thread 0x0000012e61ea1df0 Thread added: 0x0000012e61ea1df0
Event: 7.478 Thread 0x0000012e61ea2de0 Thread added: 0x0000012e61ea2de0
Event: 7.489 Thread 0x0000012e61ea3880 Thread added: 0x0000012e61ea3880
Event: 7.491 Thread 0x0000012e61ea0e00 Thread added: 0x0000012e61ea0e00
Event: 7.576 Thread 0x0000012e3c9d4a20 Thread exited: 0x0000012e3c9d4a20
Event: 7.576 Thread 0x0000012e5f9c4300 Thread added: 0x0000012e5f9c4300
Event: 10.497 Thread 0x0000012e61ea0360 Thread exited: 0x0000012e61ea0360
Event: 12.778 Thread 0x0000012e5d869430 Thread exited: 0x0000012e5d869430
Event: 37.462 Thread 0x0000012e5f9c1880 Thread added: 0x0000012e5f9c1880
Event: 37.462 Thread 0x0000012e5f9c4850 Thread added: 0x0000012e5f9c4850
Event: 163.287 Thread 0x0000012e5e978c40 Thread added: 0x0000012e5e978c40
Event: 163.484 Thread 0x0000012e5f9c2870 Thread added: 0x0000012e5f9c2870
Event: 163.538 Thread 0x0000012e5f9c4da0 Thread added: 0x0000012e5f9c4da0
Event: 163.546 Thread 0x0000012e5f9c0890 Thread added: 0x0000012e5f9c0890
Event: 165.499 Thread 0x0000012e5e978c40 Thread exited: 0x0000012e5e978c40


Dynamic libraries:
0x00007ff7ac260000 - 0x00007ff7ac270000 	C:\Program Files\Java\jdk-20\bin\java.exe
0x00007fffd1ed0000 - 0x00007fffd20e7000 	C:\WINDOWS\SYSTEM32\ntdll.dll
0x00007fffd0320000 - 0x00007fffd03e4000 	C:\WINDOWS\System32\KERNEL32.DLL
0x00007fffcf510000 - 0x00007fffcf8c7000 	C:\WINDOWS\System32\KERNELBASE.dll
0x00007fffcf8d0000 - 0x00007fffcf9e1000 	C:\WINDOWS\System32\ucrtbase.dll
0x00007fffca750000 - 0x00007fffca76b000 	C:\Program Files\Java\jdk-20\bin\VCRUNTIME140.dll
0x00007fffca7b0000 - 0x00007fffca7c9000 	C:\Program Files\Java\jdk-20\bin\jli.dll
0x00007fffd09a0000 - 0x00007fffd0a52000 	C:\WINDOWS\System32\ADVAPI32.dll
0x00007fffd07e0000 - 0x00007fffd0887000 	C:\WINDOWS\System32\msvcrt.dll
0x00007fffd03f0000 - 0x00007fffd0499000 	C:\WINDOWS\System32\sechost.dll
0x00007fffcf9f0000 - 0x00007fffcfa18000 	C:\WINDOWS\System32\bcrypt.dll
0x00007fffd04e0000 - 0x00007fffd05f4000 	C:\WINDOWS\System32\RPCRT4.dll
0x00007fffd0b40000 - 0x00007fffd0cef000 	C:\WINDOWS\System32\USER32.dll
0x00007fffcfb60000 - 0x00007fffcfb86000 	C:\WINDOWS\System32\win32u.dll
0x00007fffbb950000 - 0x00007fffbbbe3000 	C:\WINDOWS\WinSxS\amd64_microsoft.windows.common-controls_6595b64144ccf1df_6.0.22621.3646_none_27105dd3738543d4\COMCTL32.dll
0x00007fffd04b0000 - 0x00007fffd04d9000 	C:\WINDOWS\System32\GDI32.dll
0x00007fffcf280000 - 0x00007fffcf399000 	C:\WINDOWS\System32\gdi32full.dll
0x00007fffcf1e0000 - 0x00007fffcf27a000 	C:\WINDOWS\System32\msvcp_win.dll
0x00007fffcaf10000 - 0x00007fffcaf1a000 	C:\WINDOWS\SYSTEM32\VERSION.dll
0x00007fffcfc00000 - 0x00007fffcfc31000 	C:\WINDOWS\System32\IMM32.DLL
0x00007fffca7a0000 - 0x00007fffca7ac000 	C:\Program Files\Java\jdk-20\bin\vcruntime140_1.dll
0x00007fffa9ff0000 - 0x00007fffaa07e000 	C:\Program Files\Java\jdk-20\bin\msvcp140.dll
0x00007fff50370000 - 0x00007fff51007000 	C:\Program Files\Java\jdk-20\bin\server\jvm.dll
0x00007fffca9c0000 - 0x00007fffca9f4000 	C:\WINDOWS\SYSTEM32\WINMM.dll
0x00007fffccd30000 - 0x00007fffccd39000 	C:\WINDOWS\SYSTEM32\WSOCK32.dll
0x00007fffd0d80000 - 0x00007fffd0df1000 	C:\WINDOWS\System32\WS2_32.dll
0x00007fffce2e0000 - 0x00007fffce2f8000 	C:\WINDOWS\SYSTEM32\kernel.appcore.dll
0x00007fffc9090000 - 0x00007fffc909a000 	C:\Program Files\Java\jdk-20\bin\jimage.dll
0x00007fffccae0000 - 0x00007fffccd12000 	C:\WINDOWS\SYSTEM32\DBGHELP.DLL
0x00007fffd1670000 - 0x00007fffd19fe000 	C:\WINDOWS\System32\combase.dll
0x00007fffd0a60000 - 0x00007fffd0b37000 	C:\WINDOWS\System32\OLEAUT32.dll
0x00007fffb40b0000 - 0x00007fffb40e2000 	C:\WINDOWS\SYSTEM32\dbgcore.DLL
0x00007fffcfa20000 - 0x00007fffcfa9b000 	C:\WINDOWS\System32\bcryptPrimitives.dll
0x00007fffccdb0000 - 0x00007fffccdbe000 	C:\Program Files\Java\jdk-20\bin\instrument.dll
0x00007fffbdbb0000 - 0x00007fffbdbd6000 	C:\Program Files\Java\jdk-20\bin\java.dll
0x00007fff9e3c0000 - 0x00007fff9e497000 	C:\Program Files\Java\jdk-20\bin\jsvml.dll
0x00007fffd0e00000 - 0x00007fffd1669000 	C:\WINDOWS\System32\SHELL32.dll
0x00007fffcd110000 - 0x00007fffcda10000 	C:\WINDOWS\SYSTEM32\windows.storage.dll
0x00007fffccfd0000 - 0x00007fffcd10f000 	C:\WINDOWS\SYSTEM32\wintypes.dll
0x00007fffd0660000 - 0x00007fffd0759000 	C:\WINDOWS\System32\SHCORE.dll
0x00007fffd1bd0000 - 0x00007fffd1c2e000 	C:\WINDOWS\System32\shlwapi.dll
0x00007fffcf110000 - 0x00007fffcf136000 	C:\WINDOWS\SYSTEM32\profapi.dll
0x00007fffb0dc0000 - 0x00007fffb0dd8000 	C:\Program Files\Java\jdk-20\bin\zip.dll
0x00007fffbb330000 - 0x00007fffbb343000 	C:\Program Files\Java\jdk-20\bin\net.dll
0x00007fffcb0f0000 - 0x00007fffcb226000 	C:\WINDOWS\SYSTEM32\WINHTTP.dll
0x00007fffce750000 - 0x00007fffce7b9000 	C:\WINDOWS\system32\mswsock.dll
0x00007fffb0de0000 - 0x00007fffb0df6000 	C:\Program Files\Java\jdk-20\bin\nio.dll
0x00007fffbe010000 - 0x00007fffbe02a000 	C:\Program Files\JetBrains\IntelliJ IDEA Community Edition 2022.2.3\bin\breakgen64.dll
0x00007fffbdb40000 - 0x00007fffbdb47000 	C:\Program Files\Java\jdk-20\bin\extnet.dll
0x00007fffcdc70000 - 0x00007fffcdc9d000 	C:\WINDOWS\SYSTEM32\IPHLPAPI.DLL
0x00007fffd04a0000 - 0x00007fffd04a9000 	C:\WINDOWS\System32\NSI.dll
0x00007fffcb320000 - 0x00007fffcb339000 	C:\WINDOWS\SYSTEM32\dhcpcsvc6.DLL
0x00007fffcae40000 - 0x00007fffcae5f000 	C:\WINDOWS\SYSTEM32\dhcpcsvc.DLL
0x00007fffcdd30000 - 0x00007fffcde28000 	C:\WINDOWS\SYSTEM32\DNSAPI.dll
0x00007fffb94d0000 - 0x00007fffb94da000 	C:\Windows\System32\rasadhlp.dll
0x00007fffca810000 - 0x00007fffca893000 	C:\WINDOWS\System32\fwpuclnt.dll
0x00007fffb9360000 - 0x00007fffb936e000 	C:\Program Files\Java\jdk-20\bin\sunmscapi.dll
0x00007fffcf3a0000 - 0x00007fffcf507000 	C:\WINDOWS\System32\CRYPT32.dll
0x00007fffceb80000 - 0x00007fffcebae000 	C:\WINDOWS\SYSTEM32\ncrypt.dll
0x00007fffceb40000 - 0x00007fffceb77000 	C:\WINDOWS\SYSTEM32\NTASN1.dll
0x00007fffce9c0000 - 0x00007fffce9db000 	C:\WINDOWS\SYSTEM32\CRYPTSP.dll
0x00007fffce1c0000 - 0x00007fffce1f5000 	C:\WINDOWS\system32\rsaenh.dll
0x00007fffce820000 - 0x00007fffce848000 	C:\WINDOWS\SYSTEM32\USERENV.dll
0x00007fffce9e0000 - 0x00007fffce9ec000 	C:\WINDOWS\SYSTEM32\CRYPTBASE.dll
0x00007fffbb2a0000 - 0x00007fffbb2aa000 	C:\Program Files\Java\jdk-20\bin\management.dll
0x00007fffbb210000 - 0x00007fffbb21b000 	C:\Program Files\Java\jdk-20\bin\management_ext.dll
0x00007fffd1a00000 - 0x00007fffd1a08000 	C:\WINDOWS\System32\PSAPI.DLL
0x00007fffbdf70000 - 0x00007fffbdf80000 	C:\Program Files\Java\jdk-20\bin\verify.dll
0x00007fffb4800000 - 0x00007fffb4808000 	C:\WINDOWS\system32\wshunix.dll

dbghelp: loaded successfully - version: 4.0.5 - missing functions: none
symbol engine: initialized successfully - sym options: 0x614 - pdb path: .;C:\Program Files\Java\jdk-20\bin;C:\WINDOWS\SYSTEM32;C:\WINDOWS\WinSxS\amd64_microsoft.windows.common-controls_6595b64144ccf1df_6.0.22621.3646_none_27105dd3738543d4;C:\Program Files\Java\jdk-20\bin\server;C:\Program Files\JetBrains\IntelliJ IDEA Community Edition 2022.2.3\bin

VM Arguments:
jvm_args: -javaagent:C:\Program Files\JetBrains\IntelliJ IDEA Community Edition 2022.2.3\lib\idea_rt.jar=63416:C:\Program Files\JetBrains\IntelliJ IDEA Community Edition 2022.2.3\bin -Dfile.encoding=UTF-8 -Dsun.stdout.encoding=UTF-8 -Dsun.stderr.encoding=UTF-8 
java_command: com.anas.quiz_service.QuizServiceApplication
java_class_path (initial): X:\Microservices\quiz-service\target\classes;C:\Users\anasi\.m2\repository\org\springframework\boot\spring-boot-starter-data-jpa\3.3.4\spring-boot-starter-data-jpa-3.3.4.jar;C:\Users\anasi\.m2\repository\org\springframework\boot\spring-boot-starter-aop\3.3.4\spring-boot-starter-aop-3.3.4.jar;C:\Users\anasi\.m2\repository\org\springframework\spring-aop\6.1.13\spring-aop-6.1.13.jar;C:\Users\anasi\.m2\repository\org\aspectj\aspectjweaver\1.9.22.1\aspectjweaver-1.9.22.1.jar;C:\Users\anasi\.m2\repository\org\springframework\boot\spring-boot-starter-jdbc\3.3.4\spring-boot-starter-jdbc-3.3.4.jar;C:\Users\anasi\.m2\repository\com\zaxxer\HikariCP\5.1.0\HikariCP-5.1.0.jar;C:\Users\anasi\.m2\repository\org\springframework\spring-jdbc\6.1.13\spring-jdbc-6.1.13.jar;C:\Users\anasi\.m2\repository\org\hibernate\orm\hibernate-core\6.5.3.Final\hibernate-core-6.5.3.Final.jar;C:\Users\anasi\.m2\repository\jakarta\persistence\jakarta.persistence-api\3.1.0\jakarta.persistence-api-3.1.0.jar;C:\Users\anasi\.m2\repository\jakarta\transaction\jakarta.transaction-api\2.0.1\jakarta.transaction-api-2.0.1.jar;C:\Users\anasi\.m2\repository\org\jboss\logging\jboss-logging\3.5.3.Final\jboss-logging-3.5.3.Final.jar;C:\Users\anasi\.m2\repository\org\hibernate\common\hibernate-commons-annotations\6.0.6.Final\hibernate-commons-annotations-6.0.6.Final.jar;C:\Users\anasi\.m2\repository\io\smallrye\jandex\3.1.2\jandex-3.1.2.jar;C:\Users\anasi\.m2\repository\com\fasterxml\classmate\1.7.0\classmate-1.7.0.jar;C:\Users\anasi\.m2\repository\net\bytebuddy\byte-buddy\1.14.19\byte-buddy-1.14.19.jar;C:\Users\anasi\.m2\repository\org\glassfish\jaxb\jaxb-runtime\4.0.5\jaxb-runtime-4.0.5.jar;C:\Users\anasi\.m2\repository\org\glassfish\jaxb\jaxb-core\4.0.5\jaxb-core-4.0.5.jar;C:\Users\anasi\.m2\repository\org\eclipse\angus\angus-activation\2.0.2\angus-activation-2.0.2.jar;C:\Users\anasi\.m2\repository\org\glassfish\jaxb\txw2\4.0.5\txw2-4.0.5.jar;C:\Users\anasi\.m2\repository\com\sun\istack\istack-commons-runtime\4.1.2\istack-commons-runtime-4.1.2.jar;C:\Users\anasi\.m2\repository\jakarta\inject\jakarta.inject-api\2.0.1\jakarta.inject-api-2.0.1.jar;C:\Users\anasi\.m2\repository\org\antlr\antlr4-runtime\4.13.0\antlr4-runtime-4.13.0.jar;C:\Users\anasi\.m2\repository\org\springframework\data\spring-data-jpa\3.3.4\spring-data-jpa-3.3.4.jar;C:\Users\anasi\.m2\repository\org\springframework\data\spring-data-commons\3.3.4\spring-data-commons-3.3.4.jar;C:\Users\anasi\.m2\repository\org\springframework\spring-orm\6.1.13\spring-orm-6.1.13.jar;C:\Users\anasi\.m2\repository\org\springframework\spring-context\6.1.13\spring-context-6.1.13.jar;C:\Users\anasi\.m2\repository\org\springframework\spring-tx\6.1.13\spring-tx-6.1.13.jar;C:\Users\anasi\.m2\repository\org\springframework\spring-beans\6.1.13\spring-beans-6.1.13.jar;C:\Users\anasi\.m2\repository\jakarta\annotation\jakarta.annotation-api\2.1.1\jakarta.annotation-api-2.1.1.jar;C:\Users\anasi\.m2\repository\org\slf4j\slf4j-api\2.0.16\slf4j-api-2.0.16.jar;C:\Users\anasi\.m2\repository\org\springframework\spring-aspects\6.1.13\spring-aspects-6.1.13.jar;C:\Users\anasi\.m2\repository\org\springframework\boot\spring-boot-starter-web\3.3.4\spring-boot-starter-web-3.3.4.jar;C:\Users\anasi\.m2\repository\org\springframework\boot\spring-boot-starter\3.3.4\spring-boot-starter-3.3.4.jar;C:\Users\anasi\.m2\repository\org\springframework\boot\spring-boot\3.3.4\spring-boot-3.3.4.jar;C:\Users\anasi\.m2\repository\org\springframework\boot\spring-boot-autoconfigure\3.3.4\spring-boot-autoconfigure-3.3.4.jar;C:\Users\anasi\.m2\repository\org\springframework\boot\spring-boot-starter-logging\3.3.4\spring-boot-starter-logging-3.3.4.jar;C:\Users\anasi\.m2\repository\ch\qos\logback\logback-classic\1.5.8\logback-classic-1.5.8.jar;C:\Users\anasi\.m2\repository\ch\qos\logback\logback-core\1.5.8\logback-core-1.5.8.jar;C:\Users\anasi\.m2\repository\org\apache\logging\log4j\log4j-to-slf4j\2.23.1\log4j-to-slf4j-2.23.1.jar;C:\Users\anasi\.m2\repository\org\apache\logging\log4j\log4j-api\2.23.1\log4j-api-2.23.1.jar;C:\Users\anasi\.m2\repository\org\slf4j\jul-to-slf4j\2.0.16\jul-to-slf4j-2.0.16.jar;C:\Users\anasi\.m2\repository\org\yaml\snakeyaml\2.2\snakeyaml-2.2.jar;C:\Users\anasi\.m2\repository\org\springframework\boot\spring-boot-starter-json\3.3.4\spring-boot-starter-json-3.3.4.jar;C:\Users\anasi\.m2\repository\com\fasterxml\jackson\core\jackson-databind\2.17.2\jackson-databind-2.17.2.jar;C:\Users\anasi\.m2\repository\com\fasterxml\jackson\datatype\jackson-datatype-jdk8\2.17.2\jackson-datatype-jdk8-2.17.2.jar;C:\Users\anasi\.m2\repository\com\fasterxml\jackson\datatype\jackson-datatype-jsr310\2.17.2\jackson-datatype-jsr310-2.17.2.jar;C:\Users\anasi\.m2\repository\com\fasterxml\jackson\module\jackson-module-parameter-names\2.17.2\jackson-module-parameter-names-2.17.2.jar;C:\Users\anasi\.m2\repository\org\springframework\boot\spring-boot-starter-tomcat\3.3.4\spring-boot-starter-tomcat-3.3.4.jar;C:\Users\anasi\.m2\repository\org\apache\tomcat\embed\tomcat-embed-core\10.1.30\tomcat-embed-core-10.1.30.jar;C:\Users\anasi\.m2\repository\org\apache\tomcat\embed\tomcat-embed-el\10.1.30\tomcat-embed-el-10.1.30.jar;C:\Users\anasi\.m2\repository\org\apache\tomcat\embed\tomcat-embed-websocket\10.1.30\tomcat-embed-websocket-10.1.30.jar;C:\Users\anasi\.m2\repository\org\springframework\spring-web\6.1.13\spring-web-6.1.13.jar;C:\Users\anasi\.m2\repository\io\micrometer\micrometer-observation\1.13.4\micrometer-observation-1.13.4.jar;C:\Users\anasi\.m2\repository\io\micrometer\micrometer-commons\1.13.4\micrometer-commons-1.13.4.jar;C:\Users\anasi\.m2\repository\org\springframework\spring-webmvc\6.1.13\spring-webmvc-6.1.13.jar;C:\Users\anasi\.m2\repository\org\springframework\spring-expression\6.1.13\spring-expression-6.1.13.jar;C:\Users\anasi\.m2\repository\org\springframework\cloud\spring-cloud-starter-netflix-eureka-client\4.1.3\spring-cloud-starter-netflix-eureka-client-4.1.3.jar;C:\Users\anasi\.m2\repository\org\springframework\cloud\spring-cloud-starter\4.1.4\spring-cloud-starter-4.1.4.jar;C:\Users\anasi\.m2\repository\org\springframework\cloud\spring-cloud-context\4.1.4\spring-cloud-context-4.1.4.jar;C:\Users\anasi\.m2\repository\org\springframework\security\spring-security-rsa\1.1.3\spring-security-rsa-1.1.3.jar;C:\Users\anasi\.m2\repository\org\bouncycastle\bcprov-jdk18on\1.78\bcprov-jdk18on-1.78.jar;C:\Users\anasi\.m2\repository\org\springframework\cloud\spring-cloud-netflix-eureka-client\4.1.3\spring-cloud-netflix-eureka-client-4.1.3.jar;C:\Users\anasi\.m2\repository\org\apache\httpcomponents\client5\httpclient5\5.3.1\httpclient5-5.3.1.jar;C:\Users\anasi\.m2\repository\org\apache\httpcomponents\core5\httpcore5\5.2.5\httpcore5-5.2.5.jar;C:\Users\anasi\.m2\repository\org\apache\httpcomponents\core5\httpcore5-h2\5.2.5\httpcore5-h2-5.2.5.jar;C:\Users\anasi\.m2\repository\com\netflix\eureka\eureka-client\2.0.3\eureka-client-2.0.3.jar;C:\Users\anasi\.m2\repository\com\thoughtworks\xstream\xstream\1.4.20\xstream-1.4.20.jar;C:\Users\anasi\.m2\repository\io\github\x-stream\mxparser\1.2.2\mxparser-1.2.2.jar;C:\Users\anasi\.m2\repository\xmlpull\xmlpull\1.1.3.1\xmlpull-1.1.3.1.jar;C:\Users\anasi\.m2\repository\jakarta\ws\rs\jakarta.ws.rs-api\3.1.0\jakarta.ws.rs-api-3.1.0.jar;C:\Users\anasi\.m2\repository\com\netflix\spectator\spectator-api\1.7.3\spectator-api-1.7.3.jar;C:\Users\anasi\.m2\repository\org\apache\httpcomponents\httpclient\4.5.3\httpclient-4.5.3.jar;C:\Users\anasi\.m2\repository\org\apache\httpcomponents\httpcore\4.4.16\httpcore-4.4.16.jar;C:\Users\anasi\.m2\repository\commons-codec\commons-codec\1.16.1\commons-codec-1.16.1.jar;C:\Users\anasi\.m2\repository\commons-configuration\commons-configuration\1.10\commons-configuration-1.10.jar;C:\Users\anasi\.m2\repository\commons-lang\commons-lang\2.6\commons-lang-2.6.jar;C:\Users\anasi\.m2\repository\com\fasterxml\jackson\core\jackson-annotations\2.17.2\jackson-annotations-2.17.2.jar;C:\Users\anasi\.m2\repository\com\fasterxml\jackson\core\jackson-core\2.17.2\jackson-core-2.17.2.jar;C:\Users\anasi\.m2\repository\com\netflix\netflix-commons\netflix-eventbus\0.3.0\netflix-eventbus-0.3.0.jar;C:\Users\anasi\.m2\repository\com\netflix\netflix-commons\netflix-infix\0.3.0\netflix-infix-0.3.0.jar;C:\Users\anasi\.m2\repository\commons-jxpath\commons-jxpath\1.3\commons-jxpath-1.3.jar;C:\Users\anasi\.m2\repository\joda-time\joda-time\2.3\joda-time-2.3.jar;C:\Users\anasi\.m2\repository\org\antlr\antlr-runtime\3.4\antlr-runtime-3.4.jar;C:\Users\anasi\.m2\repository\org\antlr\stringtemplate\3.2.1\stringtemplate-3.2.1.jar;C:\Users\anasi\.m2\repository\antlr\antlr\2.7.7\antlr-2.7.7.jar;C:\Users\anasi\.m2\repository\com\google\code\gson\gson\2.10.1\gson-2.10.1.jar;C:\Users\anasi\.m2\repository\com\netflix\servo\servo-core\0.5.3\servo-core-0.5.3.jar;C:\Users\anasi\.m2\repository\org\apache\commons\commons-math\2.2\commons-math-2.2.jar;C:\Users\anasi\.m2\repository\javax\annotation\javax.annotation-api\1.2\javax.annotation-api-1.2.jar;C:\Users\anasi\.m2\repository\org\codehaus\jettison\jettison\1.5.4\jettison-1.5.4.jar;C:\Users\anasi\.m2\repository\com\netflix\eureka\eureka-core\2.0.3\eureka-core-2.0.3.jar;C:\Users\anasi\.m2\repository\com\fasterxml\woodstox\woodstox-core\6.2.1\woodstox-core-6.2.1.jar;C:\Users\anasi\.m2\repository\org\codehaus\woodstox\stax2-api\4.2.1\stax2-api-4.2.1.jar;C:\Users\anasi\.m2\repository\com\google\guava\guava\33.0.0-jre\guava-33.0.0-jre.jar;C:\Users\anasi\.m2\repository\com\google\guava\failureaccess\1.0.2\failureaccess-1.0.2.jar;C:\Users\anasi\.m2\repository\com\google\guava\listenablefuture\9999.0-empty-to-avoid-conflict-with-guava\listenablefuture-9999.0-empty-to-avoid-conflict-with-guava.jar;C:\Users\anasi\.m2\repository\com\google\errorprone\error_prone_annotations\2.23.0\error_prone_annotations-2.23.0.jar;C:\Users\anasi\.m2\repository\com\google\j2objc\j2objc-annotations\2.8\j2objc-annotations-2.8.jar;C:\Users\anasi\.m2\repository\org\springframework\cloud\spring-cloud-starter-loadbalancer\4.1.4\spring-cloud-starter-loadbalancer-4.1.4.jar;C:\Users\anasi\.m2\repository\org\springframework\cloud\spring-cloud-loadbalancer\4.1.4\spring-cloud-loadbalancer-4.1.4.jar;C:\Users\anasi\.m2\repository\io\projectreactor\reactor-core\3.6.10\reactor-core-3.6.10.jar;C:\Users\anasi\.m2\repository\org\reactivestreams\reactive-streams\1.0.4\reactive-streams-1.0.4.jar;C:\Users\anasi\.m2\repository\io\projectreactor\addons\reactor-extra\3.5.2\reactor-extra-3.5.2.jar;C:\Users\anasi\.m2\repository\org\springframework\boot\spring-boot-starter-cache\3.3.4\spring-boot-starter-cache-3.3.4.jar;C:\Users\anasi\.m2\repository\org\springframework\spring-context-support\6.1.13\spring-context-support-6.1.13.jar;C:\Users\anasi\.m2\repository\com\stoyanr\evictor\1.0.0\evictor-1.0.0.jar;C:\Users\anasi\.m2\repository\org\springframework\cloud\spring-cloud-starter-openfeign\4.1.3\spring-cloud-starter-openfeign-4.1.3.jar;C:\Users\anasi\.m2\repository\org\springframework\cloud\spring-cloud-openfeign-core\4.1.3\spring-cloud-openfeign-core-4.1.3.jar;C:\Users\anasi\.m2\repository\io\github\openfeign\form\feign-form-spring\3.8.0\feign-form-spring-3.8.0.jar;C:\Users\anasi\.m2\repository\io\github\openfeign\form\feign-form\3.8.0\feign-form-3.8.0.jar;C:\Users\anasi\.m2\repository\commons-fileupload\commons-fileupload\1.5\commons-fileupload-1.5.jar;C:\Users\anasi\.m2\repository\commons-io\commons-io\2.11.0\commons-io-2.11.0.jar;C:\Users\anasi\.m2\repository\org\springframework\cloud\spring-cloud-commons\4.1.4\spring-cloud-commons-4.1.4.jar;C:\Users\anasi\.m2\repository\org\springframework\security\spring-security-crypto\6.3.3\spring-security-crypto-6.3.3.jar;C:\Users\anasi\.m2\repository\io\github\openfeign\feign-core\13.3\feign-core-13.3.jar;C:\Users\anasi\.m2\repository\io\github\openfeign\feign-slf4j\13.3\feign-slf4j-13.3.jar;C:\Users\anasi\.m2\repository\org\postgresql\postgresql\42.7.4\postgresql-42.7.4.jar;C:\Users\anasi\.m2\repository\org\checkerframework\checker-qual\3.42.0\checker-qual-3.42.0.jar;C:\Users\anasi\.m2\repository\org\projectlombok\lombok\1.18.34\lombok-1.18.34.jar;C:\Users\anasi\.m2\repository\jakarta\xml\bind\jakarta.xml.bind-api\4.0.2\jakarta.xml.bind-api-4.0.2.jar;C:\Users\anasi\.m2\repository\jakarta\activation\jakarta.activation-api\2.1.3\jakarta.activation-api-2.1.3.jar;C:\Users\anasi\.m2\repository\org\springframework\spring-core\6.1.13\spring-core-6.1.13.jar;C:\Users\anasi\.m2\repository\org\springframework\spring-jcl\6.1.13\spring-jcl-6.1.13.jar
Launcher Type: SUN_STANDARD

[Global flags]
     intx CICompilerCount                          = 4                                         {product} {ergonomic}
     uint ConcGCThreads                            = 2                                         {product} {ergonomic}
     uint G1ConcRefinementThreads                  = 8                                         {product} {ergonomic}
   size_t G1HeapRegionSize                         = 1048576                                   {product} {ergonomic}
    uintx GCDrainStackTargetSize                   = 64                                        {product} {ergonomic}
   size_t InitialHeapSize                          = 132120576                                 {product} {ergonomic}
   size_t MarkStackSize                            = 4194304                                   {product} {ergonomic}
   size_t MaxHeapSize                              = 2103443456                                {product} {ergonomic}
   size_t MaxNewSize                               = 1261436928                                {product} {ergonomic}
   size_t MinHeapDeltaBytes                        = 1048576                                   {product} {ergonomic}
   size_t MinHeapSize                              = 8388608                                   {product} {ergonomic}
    uintx NonNMethodCodeHeapSize                   = 5839372                                {pd product} {ergonomic}
    uintx NonProfiledCodeHeapSize                  = 122909434                              {pd product} {ergonomic}
    uintx ProfiledCodeHeapSize                     = 122909434                              {pd product} {ergonomic}
    uintx ReservedCodeCacheSize                    = 251658240                              {pd product} {ergonomic}
     bool SegmentedCodeCache                       = true                                      {product} {ergonomic}
   size_t SoftMaxHeapSize                          = 2103443456                             {manageable} {ergonomic}
     bool UseCompressedClassPointers               = true                           {product lp64_product} {ergonomic}
     bool UseCompressedOops                        = true                           {product lp64_product} {ergonomic}
     bool UseG1GC                                  = true                                      {product} {ergonomic}
     bool UseLargePagesIndividualAllocation        = false                                  {pd product} {ergonomic}

Logging:
Log output configuration:
 #0: stdout all=warning uptime,level,tags foldmultilines=false
 #1: stderr all=off uptime,level,tags foldmultilines=false

Environment Variables:
JAVA_HOME=C:\Program Files\Amazon Corretto\jdk17.0.10_7
PATH=C:\Program Files\Amazon Corretto\jdk17.0.10_7\bin;C:\Program Files\Common Files\Oracle\Java\javapath;C:\Program Files (x86)\Common Files\Intel\Shared Libraries\redist\intel64_win\compiler;C:\Windows\system32;C:\Windows;C:\Windows\System32\Wbem;C:\Windows\System32\WindowsPowerShell\v1.0\;C:\Windows\System32\OpenSSH\;C:\Program Files (x86)\NVIDIA Corporation\PhysX\Common;C:\Program Files\NVIDIA Corporation\NVIDIA NvDLISR;C:\WINDOWS\system32;C:\WINDOWS;C:\WINDOWS\System32\Wbem;C:\WINDOWS\System32\WindowsPowerShell\v1.0\;C:\WINDOWS\System32\OpenSSH\;C:\msys64\mingw64\bin;C:\ProgramData\chocolatey\bin;C:\Program Files\Git\cmd;C:\Program Files (x86)\Yarn\bin\;C:\Program Files\Java\jdk-19\bin;C:\Program Files\apache-maven-3.9.6-bin\apache-maven-3.9.6\bin;D:\Node.js\;X:\Go\bin;C:\Users\anasi\AppData\Local\Microsoft\WindowsApps;C:\Users\anasi\AppData\Local\Programs\Microsoft VS Code\bin;C:\Users\anasi\AppData\Local\Yarn\bin;C:\Users\anasi\AppData\Local\Microsoft\WindowsApps;C:\Program Files\JetBrains\PyCharm Community Edition 2023.1.1\bin;;C:\Maven\bin;C:\Maven\apache-maven-3.9.4\bin;Z:\SQL\bin;C:\Users\anasi\AppData\Roaming\npm;C:\Users\anasi\go\bin
USERNAME=anasi
OS=Windows_NT
PROCESSOR_IDENTIFIER=Intel64 Family 6 Model 165 Stepping 2, GenuineIntel
TMP=C:\Users\anasi\AppData\Local\Temp
TEMP=C:\Users\anasi\AppData\Local\Temp




---------------  S Y S T E M  ---------------

OS:
 Windows 11 , 64 bit Build 22621 (10.0.22621.4000)
OS uptime: 17 days 18:39 hours
Hyper-V role detected

CPU: total 8 (initial active 8) (4 cores per cpu, 2 threads per core) family 6 model 165 stepping 2 microcode 0xea, cx8, cmov, fxsr, ht, mmx, 3dnowpref, sse, sse2, sse3, ssse3, sse4.1, sse4.2, popcnt, lzcnt, tsc, tscinvbit, avx, avx2, aes, erms, clmul, bmi1, bmi2, adx, fma, vzeroupper, clflush, clflushopt, hv, rdtscp, f16c

Memory: 4k page, system-wide physical 8023M (496M free)
TotalPageFile size 16215M (AvailPageFile size 14M)
current process WorkingSet (physical memory assigned to process): 144M, peak: 292M
current process commit charge ("private bytes"): 299M, peak: 329M

vm_info: Java HotSpot(TM) 64-Bit Server VM (20+36-2344) for windows-amd64 JRE (20+36-2344), built on 2023-02-10T19:30:15Z by "mach5one" with MS VC++ 17.1 (VS2022)

END.
