#
# There is insufficient memory for the Java Runtime Environment to continue.
# Native memory allocation (malloc) failed to allocate 32744 bytes for Chunk::new
# Possible reasons:
#   The system is out of physical RAM or swap space
#   The process is running with CompressedOops enabled, and the Java Heap may be blocking the growth of the native heap
# Possible solutions:
#   Reduce memory load on the system
#   Increase physical memory or swap space
#   Check if swap backing store is full
#   Decrease Java heap size (-Xmx/-Xms)
#   Decrease number of Java threads
#   Decrease Java thread stack sizes (-Xss)
#   Set larger code cache with -XX:ReservedCodeCacheSize=
#   JVM is running with Unscaled Compressed Oops mode in which the Java heap is
#     placed in the first 4GB address space. The Java Heap base address is the
#     maximum limit for the native heap growth. Please use -XX:HeapBaseMinAddress
#     to set the Java Heap base and to place the Java Heap above 4GB virtual address.
# This output file may be truncated or incomplete.
#
#  Out of Memory Error (arena.cpp:184), pid=9488, tid=24308
#
# JRE version: Java(TM) SE Runtime Environment (20.0+36) (build 20+36-2344)
# Java VM: Java HotSpot(TM) 64-Bit Server VM (20+36-2344, mixed mode, sharing, tiered, compressed oops, compressed class ptrs, g1 gc, windows-amd64)
# No core dump will be written. Minidumps are not enabled by default on client versions of Windows
#

---------------  S U M M A R Y ------------

Command Line: -javaagent:C:\Program Files\JetBrains\IntelliJ IDEA Community Edition 2022.2.3\lib\idea_rt.jar=65408:C:\Program Files\JetBrains\IntelliJ IDEA Community Edition 2022.2.3\bin -Dfile.encoding=UTF-8 -Dsun.stdout.encoding=UTF-8 -Dsun.stderr.encoding=UTF-8 com.anas.quiz_service.QuizServiceApplication

Host: Intel(R) Core(TM) i5-10300H CPU @ 2.50GHz, 8 cores, 7G,  Windows 11 , 64 bit Build 22621 (10.0.22621.4000)
Time: Fri Sep 27 04:03:34 2024 India Standard Time elapsed time: 1837.435818 seconds (0d 0h 30m 37s)

---------------  T H R E A D  ---------------

Current thread (0x0000018f7d808090):  JavaThread "C2 CompilerThread0" daemon [_thread_in_native, id=24308, stack(0x00000025a6f00000,0x00000025a7000000)]


Current CompileTask:
C2:1837435 7331       4       ch.qos.logback.classic.Logger::isDebugEnabled (6 bytes)

Stack: [0x00000025a6f00000,0x00000025a7000000]
Native frames: (J=compiled Java code, j=interpreted, Vv=VM code, C=native code)
V  [jvm.dll+0x6bb95a]
V  [jvm.dll+0x8483aa]
V  [jvm.dll+0x849fa5]
V  [jvm.dll+0x84a6a3]
V  [jvm.dll+0x280b0f]
V  [jvm.dll+0xc2b11]
V  [jvm.dll+0xc2e35]
V  [jvm.dll+0x69853d]
V  [jvm.dll+0x64cedb]
V  [jvm.dll+0x64b2b0]
V  [jvm.dll+0x24b0de]
V  [jvm.dll+0x24a651]
V  [jvm.dll+0x1ce491]
V  [jvm.dll+0x259e1b]
V  [jvm.dll+0x2584f0]
V  [jvm.dll+0x3f2895]
V  [jvm.dll+0x7f4906]
V  [jvm.dll+0x6ba5cb]
C  [ucrtbase.dll+0x29333]
C  [KERNEL32.DLL+0x1257d]
C  [ntdll.dll+0x5af28]


---------------  P R O C E S S  ---------------

Threads class SMR info:
_java_thread_list=0x0000018f015c7770, length=40, elements={
0x0000018f7923fa40, 0x0000018f792406e0, 0x0000018f79242e10, 0x0000018f79243750,
0x0000018f792450a0, 0x0000018f79246b20, 0x0000018f7d808090, 0x0000018f7d812fd0,
0x0000018f7d8cc6c0, 0x0000018f7dbfe940, 0x0000018f7ded2b90, 0x0000018f01068410,
0x0000018f01066490, 0x0000018f7ee0a400, 0x0000018f7e942840, 0x0000018f7e941da0,
0x0000018f7e941850, 0x0000018f7e941300, 0x0000018f7e943830, 0x0000018f7e940db0,
0x0000018f02f1e410, 0x0000018f02f1bee0, 0x0000018f02f199b0, 0x0000018f02f1eeb0,
0x0000018f02f1c430, 0x0000018f02f1d420, 0x0000018f02f1c980, 0x0000018f02f1dec0,
0x0000018f02f1ced0, 0x0000018f02f1d970, 0x0000018f02f1aef0, 0x0000018f02f1e960,
0x0000018f02f17480, 0x0000018f02f179d0, 0x0000018f02f1a450, 0x0000018f02f17f20,
0x0000018f02f18f10, 0x0000018f02f19460, 0x0000018f02f19f00, 0x0000018f02f1b990
}

Java Threads: ( => current thread )
  0x0000018f7923fa40 JavaThread "Reference Handler" daemon [_thread_blocked, id=23460, stack(0x00000025a6900000,0x00000025a6a00000)]
  0x0000018f792406e0 JavaThread "Finalizer" daemon [_thread_blocked, id=9424, stack(0x00000025a6a00000,0x00000025a6b00000)]
  0x0000018f79242e10 JavaThread "Signal Dispatcher" daemon [_thread_blocked, id=18048, stack(0x00000025a6b00000,0x00000025a6c00000)]
  0x0000018f79243750 JavaThread "Attach Listener" daemon [_thread_blocked, id=24164, stack(0x00000025a6c00000,0x00000025a6d00000)]
  0x0000018f792450a0 JavaThread "Service Thread" daemon [_thread_blocked, id=8596, stack(0x00000025a6d00000,0x00000025a6e00000)]
  0x0000018f79246b20 JavaThread "Monitor Deflation Thread" daemon [_thread_blocked, id=6216, stack(0x00000025a6e00000,0x00000025a6f00000)]
=>0x0000018f7d808090 JavaThread "C2 CompilerThread0" daemon [_thread_in_native, id=24308, stack(0x00000025a6f00000,0x00000025a7000000)]
  0x0000018f7d812fd0 JavaThread "C1 CompilerThread0" daemon [_thread_in_vm, id=23464, stack(0x00000025a7000000,0x00000025a7100000)]
  0x0000018f7d8cc6c0 JavaThread "Common-Cleaner" daemon [_thread_blocked, id=3376, stack(0x00000025a7100000,0x00000025a7200000)]
  0x0000018f7dbfe940 JavaThread "Monitor Ctrl-Break" daemon [_thread_in_native, id=17364, stack(0x00000025a7300000,0x00000025a7400000)]
  0x0000018f7ded2b90 JavaThread "Notification Thread" daemon [_thread_blocked, id=23820, stack(0x00000025a7400000,0x00000025a7500000)]
  0x0000018f01068410 JavaThread "Catalina-utility-1" [_thread_blocked, id=14680, stack(0x00000025a7e00000,0x00000025a7f00000)]
  0x0000018f01066490 JavaThread "Catalina-utility-2" [_thread_blocked, id=2124, stack(0x00000025a7f00000,0x00000025a8000000)]
  0x0000018f7ee0a400 JavaThread "container-0" [_thread_blocked, id=13848, stack(0x00000025a8000000,0x00000025a8100000)]
  0x0000018f7e942840 JavaThread "PostgreSQL-JDBC-Cleaner" daemon [_thread_blocked, id=12404, stack(0x00000025a8200000,0x00000025a8300000)]
  0x0000018f7e941da0 JavaThread "HikariPool-1 housekeeper" daemon [_thread_blocked, id=21540, stack(0x00000025a8300000,0x00000025a8400000)]
  0x0000018f7e941850 JavaThread "spring.cloud.inetutils" daemon [_thread_blocked, id=23116, stack(0x00000025a8500000,0x00000025a8600000)]
  0x0000018f7e941300 JavaThread "spectator-gauge-polling-0" daemon [_thread_blocked, id=24220, stack(0x00000025a8600000,0x00000025a8700000)]
  0x0000018f7e943830 JavaThread "AsyncResolver-bootstrap-%d" daemon [_thread_blocked, id=12144, stack(0x00000025a8700000,0x00000025a8800000)]
  0x0000018f7e940db0 JavaThread "DiscoveryClient-%d" daemon [_thread_blocked, id=3348, stack(0x00000025a8800000,0x00000025a8900000)]
  0x0000018f02f1e410 JavaThread "DiscoveryClient-%d" daemon [_thread_blocked, id=23188, stack(0x00000025a8900000,0x00000025a8a00000)]
  0x0000018f02f1bee0 JavaThread "DiscoveryClient-InstanceInfoReplicator-%d" daemon [_thread_blocked, id=23812, stack(0x00000025a8a00000,0x00000025a8b00000)]
  0x0000018f02f199b0 JavaThread "http-nio-8090-exec-1" daemon [_thread_blocked, id=21836, stack(0x00000025a8b00000,0x00000025a8c00000)]
  0x0000018f02f1eeb0 JavaThread "http-nio-8090-exec-2" daemon [_thread_blocked, id=21544, stack(0x00000025a8c00000,0x00000025a8d00000)]
  0x0000018f02f1c430 JavaThread "http-nio-8090-exec-3" daemon [_thread_blocked, id=6056, stack(0x00000025a8d00000,0x00000025a8e00000)]
  0x0000018f02f1d420 JavaThread "http-nio-8090-exec-4" daemon [_thread_blocked, id=15060, stack(0x00000025a8e00000,0x00000025a8f00000)]
  0x0000018f02f1c980 JavaThread "http-nio-8090-exec-5" daemon [_thread_blocked, id=20472, stack(0x00000025a8f00000,0x00000025a9000000)]
  0x0000018f02f1dec0 JavaThread "http-nio-8090-exec-6" daemon [_thread_blocked, id=18552, stack(0x00000025a9000000,0x00000025a9100000)]
  0x0000018f02f1ced0 JavaThread "http-nio-8090-exec-7" daemon [_thread_blocked, id=20128, stack(0x00000025a9100000,0x00000025a9200000)]
  0x0000018f02f1d970 JavaThread "http-nio-8090-exec-8" daemon [_thread_blocked, id=23968, stack(0x00000025a9200000,0x00000025a9300000)]
  0x0000018f02f1aef0 JavaThread "http-nio-8090-exec-9" daemon [_thread_blocked, id=8748, stack(0x00000025a9300000,0x00000025a9400000)]
  0x0000018f02f1e960 JavaThread "http-nio-8090-exec-10" daemon [_thread_blocked, id=5492, stack(0x00000025a9400000,0x00000025a9500000)]
  0x0000018f02f17480 JavaThread "http-nio-8090-Poller" daemon [_thread_in_native, id=23384, stack(0x00000025a9500000,0x00000025a9600000)]
  0x0000018f02f179d0 JavaThread "http-nio-8090-Acceptor" daemon [_thread_in_native, id=22184, stack(0x00000025a9600000,0x00000025a9700000)]
  0x0000018f02f1a450 JavaThread "DestroyJavaVM" [_thread_blocked, id=15968, stack(0x00000025a6200000,0x00000025a6300000)]
  0x0000018f02f17f20 JavaThread "DiscoveryClient-HeartbeatExecutor-%d" daemon [_thread_blocked, id=18752, stack(0x00000025a9700000,0x00000025a9800000)]
  0x0000018f02f18f10 JavaThread "DiscoveryClient-CacheRefreshExecutor-%d" daemon [_thread_in_vm, id=7252, stack(0x00000025a9800000,0x00000025a9900000)]
  0x0000018f02f19460 JavaThread "boundedElastic-evictor-1" daemon [_thread_blocked, id=18712, stack(0x00000025a9a00000,0x00000025a9b00000)]
  0x0000018f02f19f00 JavaThread "pool-4-thread-1" daemon [_thread_blocked, id=13248, stack(0x00000025a9b00000,0x00000025a9c00000)]
  0x0000018f02f1b990 JavaThread "AsyncResolver-bootstrap-executor-%d" daemon [_thread_blocked, id=15668, stack(0x00000025a6000000,0x00000025a6100000)]

Other Threads:
  0x0000018f79225040 VMThread "VM Thread" [stack: 0x00000025a6800000,0x00000025a6900000] [id=23336]
  0x0000018f7de50df0 WatcherThread "VM Periodic Task Thread" [stack: 0x00000025a7500000,0x00000025a7600000] [id=22676]
  0x0000018f5cb47070 WorkerThread "GC Thread#0" [stack: 0x00000025a6300000,0x00000025a6400000] [id=5380]
  0x0000018f7e392150 WorkerThread "GC Thread#1" [stack: 0x00000025a7600000,0x00000025a7700000] [id=22240]
  0x0000018f7e391070 WorkerThread "GC Thread#2" [stack: 0x00000025a7700000,0x00000025a7800000] [id=2092]
  0x0000018f7e392420 WorkerThread "GC Thread#3" [stack: 0x00000025a7800000,0x00000025a7900000] [id=9256]
  0x0000018f7e3926f0 WorkerThread "GC Thread#4" [stack: 0x00000025a7900000,0x00000025a7a00000] [id=11380]
  0x0000018f7e3929c0 WorkerThread "GC Thread#5" [stack: 0x00000025a7a00000,0x00000025a7b00000] [id=10572]
  0x0000018f7e391610 WorkerThread "GC Thread#6" [stack: 0x00000025a7c00000,0x00000025a7d00000] [id=3336]
  0x0000018f7e391bb0 WorkerThread "GC Thread#7" [stack: 0x00000025a7d00000,0x00000025a7e00000] [id=13072]
  0x0000018f5cb57ae0 ConcurrentGCThread "G1 Main Marker" [stack: 0x00000025a6400000,0x00000025a6500000] [id=13784]
  0x0000018f5cb58410 WorkerThread "G1 Conc#0" [stack: 0x00000025a6500000,0x00000025a6600000] [id=23444]
  0x0000018f7f0b3da0 WorkerThread "G1 Conc#1" [stack: 0x00000025a7b00000,0x00000025a7c00000] [id=22280]
  0x0000018f5cb8e9d0 ConcurrentGCThread "G1 Refine#0" [stack: 0x00000025a6600000,0x00000025a6700000] [id=14440]
  0x0000018f790e7450 ConcurrentGCThread "G1 Service" [stack: 0x00000025a6700000,0x00000025a6800000] [id=7720]

Threads with active compile tasks:
C2 CompilerThread0  1837477 7331       4       ch.qos.logback.classic.Logger::isDebugEnabled (6 bytes)
C1 CompilerThread0  1837477 7332       3       org.springframework.http.HttpHeaders::readOnlyHttpHeaders (28 bytes)

VM state: not at safepoint (normal execution)

VM Mutex/Monitor currently owned by a thread: None

OutOfMemory and StackOverflow Exception counts:
OutOfMemoryError java_heap_errors=1
LinkageErrors=163

Heap address: 0x0000000082a00000, size: 2006 MB, Compressed Oops mode: 32-bit

CDS archive(s) mapped at: [0x0000000800000000-0x0000000800c60000-0x0000000800c60000), size 12976128, SharedBaseAddress: 0x0000000800000000, ArchiveRelocationMode: 0.
Compressed class space mapped at: 0x0000000801000000-0x0000000841000000, reserved size: 1073741824
Narrow klass base: 0x0000000800000000, Narrow klass shift: 0, Narrow klass range: 0x100000000

GC Precious Log:
 CardTable entry size: 512
 Card Set container configuration: InlinePtr #cards 5 size 8 Array Of Cards #cards 12 size 40 Howl #buckets 4 coarsen threshold 1843 Howl Bitmap #cards 512 size 80 coarsen threshold 460 Card regions per heap region 1 cards per card region 2048
 CPUs: 8 total, 8 available
 Memory: 8023M
 Large Page Support: Disabled
 NUMA Support: Disabled
 Compressed Oops: Enabled (32-bit)
 Heap Region Size: 1M
 Heap Min Capacity: 8M
 Heap Initial Capacity: 126M
 Heap Max Capacity: 2006M
 Pre-touch: Disabled
 Parallel Workers: 8
 Concurrent Workers: 2
 Concurrent Refinement Workers: 8
 Periodic GC: Disabled

Heap:
 garbage-first heap   total 83968K, used 48284K [0x0000000082a00000, 0x0000000100000000)
  region size 1024K, 15 young (15360K), 3 survivors (3072K)
 Metaspace       used 75103K, committed 75904K, reserved 1179648K
  class space    used 10095K, committed 10432K, reserved 1048576K

Heap Regions: E=young(eden), S=young(survivor), O=old, HS=humongous(starts), HC=humongous(continues), CS=collection set, F=free, OA=open archive, CA=closed archive, TAMS=top-at-mark-start, PB=parsable bottom
|   0|0x0000000082a00000, 0x0000000082b00000, 0x0000000082b00000|100%|HS|  |TAMS 0x0000000082a00000| PB 0x0000000082a00000| Complete 
|   1|0x0000000082b00000, 0x0000000082c00000, 0x0000000082c00000|100%|HS|  |TAMS 0x0000000082b00000| PB 0x0000000082b00000| Complete 
|   2|0x0000000082c00000, 0x0000000082d00000, 0x0000000082d00000|100%| O|  |TAMS 0x0000000082c00000| PB 0x0000000082c00000| Untracked 
|   3|0x0000000082d00000, 0x0000000082e00000, 0x0000000082e00000|100%| O|  |TAMS 0x0000000082d00000| PB 0x0000000082d00000| Untracked 
|   4|0x0000000082e00000, 0x0000000082f00000, 0x0000000082f00000|100%| O|  |TAMS 0x0000000082e00000| PB 0x0000000082e00000| Untracked 
|   5|0x0000000082f00000, 0x0000000083000000, 0x0000000083000000|100%| O|  |TAMS 0x0000000082f00000| PB 0x0000000082f00000| Untracked 
|   6|0x0000000083000000, 0x0000000083100000, 0x0000000083100000|100%| O|  |TAMS 0x0000000083000000| PB 0x0000000083000000| Untracked 
|   7|0x0000000083100000, 0x0000000083200000, 0x0000000083200000|100%| O|  |TAMS 0x0000000083100000| PB 0x0000000083100000| Untracked 
|   8|0x0000000083200000, 0x00000000832fce00, 0x0000000083300000| 98%| O|  |TAMS 0x0000000083200000| PB 0x0000000083200000| Untracked 
|   9|0x0000000083300000, 0x0000000083400000, 0x0000000083400000|100%| O|  |TAMS 0x0000000083300000| PB 0x0000000083300000| Untracked 
|  10|0x0000000083400000, 0x0000000083500000, 0x0000000083500000|100%| O|  |TAMS 0x0000000083400000| PB 0x0000000083400000| Untracked 
|  11|0x0000000083500000, 0x0000000083600000, 0x0000000083600000|100%| O|  |TAMS 0x0000000083500000| PB 0x0000000083500000| Untracked 
|  12|0x0000000083600000, 0x0000000083700000, 0x0000000083700000|100%| O|  |TAMS 0x0000000083600000| PB 0x0000000083600000| Untracked 
|  13|0x0000000083700000, 0x0000000083800000, 0x0000000083800000|100%| O|  |TAMS 0x0000000083700000| PB 0x0000000083700000| Complete 
|  14|0x0000000083800000, 0x0000000083900000, 0x0000000083900000|100%| O|  |TAMS 0x0000000083800000| PB 0x0000000083800000| Complete 
|  15|0x0000000083900000, 0x0000000083a00000, 0x0000000083a00000|100%| O|  |TAMS 0x0000000083900000| PB 0x0000000083900000| Untracked 
|  16|0x0000000083a00000, 0x0000000083b00000, 0x0000000083b00000|100%| O|  |TAMS 0x0000000083a00000| PB 0x0000000083a00000| Untracked 
|  17|0x0000000083b00000, 0x0000000083c00000, 0x0000000083c00000|100%| O|  |TAMS 0x0000000083b00000| PB 0x0000000083b00000| Untracked 
|  18|0x0000000083c00000, 0x0000000083d00000, 0x0000000083d00000|100%| O|  |TAMS 0x0000000083c00000| PB 0x0000000083c00000| Untracked 
|  19|0x0000000083d00000, 0x0000000083e00000, 0x0000000083e00000|100%| O|  |TAMS 0x0000000083d00000| PB 0x0000000083d00000| Untracked 
|  20|0x0000000083e00000, 0x0000000083f00000, 0x0000000083f00000|100%| O|  |TAMS 0x0000000083e00000| PB 0x0000000083e00000| Untracked 
|  21|0x0000000083f00000, 0x0000000084000000, 0x0000000084000000|100%| O|  |TAMS 0x0000000083f00000| PB 0x0000000083f00000| Untracked 
|  22|0x0000000084000000, 0x0000000084100000, 0x0000000084100000|100%| O|  |TAMS 0x0000000084000000| PB 0x0000000084000000| Untracked 
|  23|0x0000000084100000, 0x0000000084200000, 0x0000000084200000|100%| O|  |TAMS 0x0000000084100000| PB 0x0000000084100000| Untracked 
|  24|0x0000000084200000, 0x0000000084300000, 0x0000000084300000|100%| O|  |TAMS 0x0000000084200000| PB 0x0000000084200000| Untracked 
|  25|0x0000000084300000, 0x0000000084400000, 0x0000000084400000|100%| O|  |TAMS 0x0000000084300000| PB 0x0000000084300000| Untracked 
|  26|0x0000000084400000, 0x0000000084500000, 0x0000000084500000|100%| O|  |TAMS 0x0000000084400000| PB 0x0000000084400000| Untracked 
|  27|0x0000000084500000, 0x00000000845dc200, 0x0000000084600000| 85%| O|  |TAMS 0x0000000084500000| PB 0x0000000084500000| Untracked 
|  28|0x0000000084600000, 0x0000000084600000, 0x0000000084700000|  0%| F|  |TAMS 0x0000000084600000| PB 0x0000000084600000| Untracked 
|  29|0x0000000084700000, 0x0000000084700000, 0x0000000084800000|  0%| F|  |TAMS 0x0000000084700000| PB 0x0000000084700000| Untracked 
|  30|0x0000000084800000, 0x0000000084900000, 0x0000000084900000|100%| O|  |TAMS 0x0000000084800000| PB 0x0000000084800000| Untracked 
|  31|0x0000000084900000, 0x0000000084a00000, 0x0000000084a00000|100%| O|  |TAMS 0x0000000084900000| PB 0x0000000084900000| Untracked 
|  32|0x0000000084a00000, 0x0000000084b00000, 0x0000000084b00000|100%| O|  |TAMS 0x0000000084a00000| PB 0x0000000084a00000| Untracked 
|  33|0x0000000084b00000, 0x0000000084b00000, 0x0000000084c00000|  0%| F|  |TAMS 0x0000000084b00000| PB 0x0000000084b00000| Untracked 
|  34|0x0000000084c00000, 0x0000000084c00000, 0x0000000084d00000|  0%| F|  |TAMS 0x0000000084c00000| PB 0x0000000084c00000| Untracked 
|  35|0x0000000084d00000, 0x0000000084d00000, 0x0000000084e00000|  0%| F|  |TAMS 0x0000000084d00000| PB 0x0000000084d00000| Untracked 
|  36|0x0000000084e00000, 0x0000000084e00000, 0x0000000084f00000|  0%| F|  |TAMS 0x0000000084e00000| PB 0x0000000084e00000| Untracked 
|  37|0x0000000084f00000, 0x0000000084f00000, 0x0000000085000000|  0%| F|  |TAMS 0x0000000084f00000| PB 0x0000000084f00000| Untracked 
|  38|0x0000000085000000, 0x000000008504e240, 0x0000000085100000| 30%| S|CS|TAMS 0x0000000085000000| PB 0x0000000085000000| Complete 
|  39|0x0000000085100000, 0x0000000085200000, 0x0000000085200000|100%| S|CS|TAMS 0x0000000085100000| PB 0x0000000085100000| Complete 
|  40|0x0000000085200000, 0x0000000085300000, 0x0000000085300000|100%| S|CS|TAMS 0x0000000085200000| PB 0x0000000085200000| Complete 
|  41|0x0000000085300000, 0x0000000085300000, 0x0000000085400000|  0%| F|  |TAMS 0x0000000085300000| PB 0x0000000085300000| Untracked 
|  42|0x0000000085400000, 0x0000000085400000, 0x0000000085500000|  0%| F|  |TAMS 0x0000000085400000| PB 0x0000000085400000| Untracked 
|  43|0x0000000085500000, 0x0000000085500000, 0x0000000085600000|  0%| F|  |TAMS 0x0000000085500000| PB 0x0000000085500000| Untracked 
|  44|0x0000000085600000, 0x0000000085600000, 0x0000000085700000|  0%| F|  |TAMS 0x0000000085600000| PB 0x0000000085600000| Untracked 
|  45|0x0000000085700000, 0x0000000085700000, 0x0000000085800000|  0%| F|  |TAMS 0x0000000085700000| PB 0x0000000085700000| Untracked 
|  46|0x0000000085800000, 0x0000000085800000, 0x0000000085900000|  0%| F|  |TAMS 0x0000000085800000| PB 0x0000000085800000| Untracked 
|  47|0x0000000085900000, 0x0000000085900000, 0x0000000085a00000|  0%| F|  |TAMS 0x0000000085900000| PB 0x0000000085900000| Untracked 
|  48|0x0000000085a00000, 0x0000000085a00000, 0x0000000085b00000|  0%| F|  |TAMS 0x0000000085a00000| PB 0x0000000085a00000| Untracked 
|  49|0x0000000085b00000, 0x0000000085b00000, 0x0000000085c00000|  0%| F|  |TAMS 0x0000000085b00000| PB 0x0000000085b00000| Untracked 
|  50|0x0000000085c00000, 0x0000000085c00000, 0x0000000085d00000|  0%| F|  |TAMS 0x0000000085c00000| PB 0x0000000085c00000| Untracked 
|  51|0x0000000085d00000, 0x0000000085d00000, 0x0000000085e00000|  0%| F|  |TAMS 0x0000000085d00000| PB 0x0000000085d00000| Untracked 
|  52|0x0000000085e00000, 0x0000000085e00000, 0x0000000085f00000|  0%| F|  |TAMS 0x0000000085e00000| PB 0x0000000085e00000| Untracked 
|  53|0x0000000085f00000, 0x0000000085f00000, 0x0000000086000000|  0%| F|  |TAMS 0x0000000085f00000| PB 0x0000000085f00000| Untracked 
|  54|0x0000000086000000, 0x0000000086000000, 0x0000000086100000|  0%| F|  |TAMS 0x0000000086000000| PB 0x0000000086000000| Untracked 
|  55|0x0000000086100000, 0x0000000086100000, 0x0000000086200000|  0%| F|  |TAMS 0x0000000086100000| PB 0x0000000086100000| Untracked 
|  56|0x0000000086200000, 0x0000000086200000, 0x0000000086300000|  0%| F|  |TAMS 0x0000000086200000| PB 0x0000000086200000| Untracked 
|  57|0x0000000086300000, 0x0000000086300000, 0x0000000086400000|  0%| F|  |TAMS 0x0000000086300000| PB 0x0000000086300000| Untracked 
|  58|0x0000000086400000, 0x0000000086400000, 0x0000000086500000|  0%| F|  |TAMS 0x0000000086400000| PB 0x0000000086400000| Untracked 
|  59|0x0000000086500000, 0x0000000086500000, 0x0000000086600000|  0%| F|  |TAMS 0x0000000086500000| PB 0x0000000086500000| Untracked 
|  60|0x0000000086600000, 0x0000000086600000, 0x0000000086700000|  0%| F|  |TAMS 0x0000000086600000| PB 0x0000000086600000| Untracked 
|  61|0x0000000086700000, 0x0000000086700000, 0x0000000086800000|  0%| F|  |TAMS 0x0000000086700000| PB 0x0000000086700000| Untracked 
|  62|0x0000000086800000, 0x0000000086800000, 0x0000000086900000|  0%| F|  |TAMS 0x0000000086800000| PB 0x0000000086800000| Untracked 
|  63|0x0000000086900000, 0x0000000086900000, 0x0000000086a00000|  0%| F|  |TAMS 0x0000000086900000| PB 0x0000000086900000| Untracked 
|  64|0x0000000086a00000, 0x0000000086a00000, 0x0000000086b00000|  0%| F|  |TAMS 0x0000000086a00000| PB 0x0000000086a00000| Untracked 
|  65|0x0000000086b00000, 0x0000000086b00000, 0x0000000086c00000|  0%| F|  |TAMS 0x0000000086b00000| PB 0x0000000086b00000| Untracked 
|  66|0x0000000086c00000, 0x0000000086c00000, 0x0000000086d00000|  0%| F|  |TAMS 0x0000000086c00000| PB 0x0000000086c00000| Untracked 
|  67|0x0000000086d00000, 0x0000000086d0ed00, 0x0000000086e00000|  5%| E|  |TAMS 0x0000000086d00000| PB 0x0000000086d00000| Complete 
|  68|0x0000000086e00000, 0x0000000086f00000, 0x0000000086f00000|100%| E|CS|TAMS 0x0000000086e00000| PB 0x0000000086e00000| Complete 
|  69|0x0000000086f00000, 0x0000000087000000, 0x0000000087000000|100%| E|CS|TAMS 0x0000000086f00000| PB 0x0000000086f00000| Complete 
|  70|0x0000000087000000, 0x0000000087100000, 0x0000000087100000|100%| E|CS|TAMS 0x0000000087000000| PB 0x0000000087000000| Complete 
|  71|0x0000000087100000, 0x0000000087200000, 0x0000000087200000|100%| E|CS|TAMS 0x0000000087100000| PB 0x0000000087100000| Complete 
|  72|0x0000000087200000, 0x0000000087300000, 0x0000000087300000|100%| E|CS|TAMS 0x0000000087200000| PB 0x0000000087200000| Complete 
|  73|0x0000000087300000, 0x0000000087400000, 0x0000000087400000|100%| E|CS|TAMS 0x0000000087300000| PB 0x0000000087300000| Complete 
|  74|0x0000000087400000, 0x0000000087500000, 0x0000000087500000|100%| E|CS|TAMS 0x0000000087400000| PB 0x0000000087400000| Complete 
|  75|0x0000000087500000, 0x0000000087600000, 0x0000000087600000|100%| E|CS|TAMS 0x0000000087500000| PB 0x0000000087500000| Complete 
|  76|0x0000000087600000, 0x0000000087700000, 0x0000000087700000|100%| E|CS|TAMS 0x0000000087600000| PB 0x0000000087600000| Complete 
|  77|0x0000000087700000, 0x0000000087800000, 0x0000000087800000|100%| E|CS|TAMS 0x0000000087700000| PB 0x0000000087700000| Complete 
| 125|0x000000008a700000, 0x000000008a800000, 0x000000008a800000|100%| E|CS|TAMS 0x000000008a700000| PB 0x000000008a700000| Complete 
|2003|0x00000000ffd00000, 0x00000000ffe00000, 0x00000000ffe00000|100%| O|  |TAMS 0x00000000ffd00000| PB 0x00000000ffd00000| Untracked 
|2004|0x00000000ffe00000, 0x00000000fff00000, 0x00000000fff00000|100%| O|  |TAMS 0x00000000ffe00000| PB 0x00000000ffe00000| Untracked 
|2005|0x00000000fff00000, 0x0000000100000000, 0x0000000100000000|100%| O|  |TAMS 0x00000000fff00000| PB 0x00000000fff00000| Untracked 

Card table byte_map: [0x0000018f742a0000,0x0000018f74690000] _byte_map_base: 0x0000018f73e8b000

Marking Bits: (CMBitMap*) 0x0000018f5cb475a0
 Bits: [0x0000018f74a80000, 0x0000018f769d8000)

Polling page: 0x0000018f5aa50000

Metaspace:

Usage:
  Non-class:     63.48 MB used.
      Class:      9.86 MB used.
       Both:     73.34 MB used.

Virtual space:
  Non-class space:      128.00 MB reserved,      63.94 MB ( 50%) committed,  2 nodes.
      Class space:        1.00 GB reserved,      10.19 MB ( <1%) committed,  1 nodes.
             Both:        1.12 GB reserved,      74.12 MB (  6%) committed. 

Chunk freelists:
   Non-Class:  3.97 MB
       Class:  1.66 MB
        Both:  5.63 MB

MaxMetaspaceSize: unlimited
CompressedClassSpaceSize: 1.00 GB
Initial GC threshold: 21.00 MB
Current GC threshold: 122.50 MB
CDS: on
MetaspaceReclaimPolicy: balanced
 - commit_granule_bytes: 65536.
 - commit_granule_words: 8192.
 - virtual_space_node_default_size: 8388608.
 - enlarge_chunks_in_place: 1.
 - new_chunks_are_fully_committed: 0.
 - uncommit_free_chunks: 1.
 - use_allocation_guard: 0.


Internal statistics:

num_allocs_failed_limit: 9.
num_arena_births: 1122.
num_arena_deaths: 0.
num_vsnodes_births: 3.
num_vsnodes_deaths: 0.
num_space_committed: 1186.
num_space_uncommitted: 0.
num_chunks_returned_to_freelist: 9.
num_chunks_taken_from_freelist: 3876.
num_chunk_merges: 9.
num_chunk_splits: 2765.
num_chunks_enlarged: 2119.
num_inconsistent_stats: 0.

CodeHeap 'non-profiled nmethods': size=120000Kb used=4065Kb max_used=4065Kb free=115934Kb
 bounds [0x0000018f6c650000, 0x0000018f6ca50000, 0x0000018f73b80000]
CodeHeap 'profiled nmethods': size=120000Kb used=12403Kb max_used=12403Kb free=107596Kb
 bounds [0x0000018f64b80000, 0x0000018f657a0000, 0x0000018f6c0b0000]
CodeHeap 'non-nmethods': size=5760Kb used=1763Kb max_used=1861Kb free=3996Kb
 bounds [0x0000018f6c0b0000, 0x0000018f6c320000, 0x0000018f6c650000]
 total_blobs=7208 nmethods=6476 adapters=641
 compilation: enabled
              stopped_count=0, restarted_count=0
 full_count=0

Compilation events (20 events):
Event: 1807.398 Thread 0x0000018f7d808090 nmethod 7321 0x0000018f6c890e10 code [0x0000018f6c890fc0, 0x0000018f6c891ac8]
Event: 1807.439 Thread 0x0000018f7d808090 7322       4       java.util.regex.Matcher::reset (128 bytes)
Event: 1807.440 Thread 0x0000018f7d812fd0 7324       3       org.springframework.util.LinkedCaseInsensitiveMap::forEach (9 bytes)
Event: 1807.440 Thread 0x0000018f7d812fd0 nmethod 7324 0x0000018f6579bf10 code [0x0000018f6579c0a0, 0x0000018f6579c268]
Event: 1807.443 Thread 0x0000018f7d812fd0 7326       3       com.netflix.discovery.shared.Applications$$Lambda$1531/0x0000000801972e10::apply (8 bytes)
Event: 1807.444 Thread 0x0000018f7d812fd0 nmethod 7326 0x0000018f6579c390 code [0x0000018f6579c540, 0x0000018f6579c890]
Event: 1807.444 Thread 0x0000018f7d812fd0 7327       3       com.netflix.discovery.shared.Applications::lambda$addInstanceToMap$3 (9 bytes)
Event: 1807.444 Thread 0x0000018f7d812fd0 nmethod 7327 0x0000018f6579ca10 code [0x0000018f6579cba0, 0x0000018f6579cd78]
Event: 1807.444 Thread 0x0000018f7d808090 nmethod 7322 0x0000018f6c890690 code [0x0000018f6c890820, 0x0000018f6c890b80]
Event: 1807.444 Thread 0x0000018f7d808090 7325       4       java.nio.MappedByteBuffer::rewind (5 bytes)
Event: 1807.444 Thread 0x0000018f7d808090 nmethod 7325 0x0000018f6c890390 code [0x0000018f6c890500, 0x0000018f6c890598]
Event: 1807.444 Thread 0x0000018f7d808090 7323       4       java.lang.StrictMath::ceil (10 bytes)
Event: 1807.446 Thread 0x0000018f7d808090 nmethod 7323 0x0000018f6c88ff90 code [0x0000018f6c890120, 0x0000018f6c890258]
Event: 1823.629 Thread 0x0000018f7d808090 7328       4       java.util.concurrent.ScheduledThreadPoolExecutor$DelayedWorkQueue::finishPoll (43 bytes)
Event: 1823.638 Thread 0x0000018f7d808090 nmethod 7328 0x0000018f6ca41610 code [0x0000018f6ca417e0, 0x0000018f6ca421a8]
Event: 1824.641 Thread 0x0000018f7d808090 7329   !   4       java.util.concurrent.ScheduledThreadPoolExecutor$DelayedWorkQueue::take (203 bytes)
Event: 1824.712 Thread 0x0000018f7d808090 nmethod 7329 0x0000018f6ca42810 code [0x0000018f6ca42c20, 0x0000018f6ca46900]
Event: 1825.671 Thread 0x0000018f7d808090 7330       4       java.util.concurrent.ScheduledThreadPoolExecutor$DelayedWorkQueue::take (5 bytes)
Event: 1825.672 Thread 0x0000018f7d808090 nmethod 7330 0x0000018f6c88fc90 code [0x0000018f6c88fe00, 0x0000018f6c88fea8]
Event: 1837.406 Thread 0x0000018f7d808090 7331       4       ch.qos.logback.classic.Logger::isDebugEnabled (6 bytes)

GC Heap History (20 events):
Event: 1.097 GC heap before
{Heap before GC invocations=1 (full 0):
 garbage-first heap   total 129024K, used 36061K [0x0000000082a00000, 0x0000000100000000)
  region size 1024K, 29 young (29696K), 3 survivors (3072K)
 Metaspace       used 12609K, committed 12928K, reserved 1114112K
  class space    used 1473K, committed 1600K, reserved 1048576K
}
Event: 1.104 GC heap after
{Heap after GC invocations=2 (full 0):
 garbage-first heap   total 129024K, used 11821K [0x0000000082a00000, 0x0000000100000000)
  region size 1024K, 3 young (3072K), 3 survivors (3072K)
 Metaspace       used 12609K, committed 12928K, reserved 1114112K
  class space    used 1473K, committed 1600K, reserved 1048576K
}
Event: 1.865 GC heap before
{Heap before GC invocations=2 (full 0):
 garbage-first heap   total 129024K, used 61997K [0x0000000082a00000, 0x0000000100000000)
  region size 1024K, 54 young (55296K), 3 survivors (3072K)
 Metaspace       used 21275K, committed 21504K, reserved 1114112K
  class space    used 2516K, committed 2624K, reserved 1048576K
}
Event: 1.875 GC heap after
{Heap after GC invocations=3 (full 0):
 garbage-first heap   total 129024K, used 16198K [0x0000000082a00000, 0x0000000100000000)
  region size 1024K, 7 young (7168K), 7 survivors (7168K)
 Metaspace       used 21275K, committed 21504K, reserved 1114112K
  class space    used 2516K, committed 2624K, reserved 1048576K
}
Event: 2.833 GC heap before
{Heap before GC invocations=4 (full 0):
 garbage-first heap   total 58368K, used 58182K [0x0000000082a00000, 0x0000000100000000)
  region size 1024K, 48 young (49152K), 7 survivors (7168K)
 Metaspace       used 28602K, committed 29056K, reserved 1114112K
  class space    used 3681K, committed 3904K, reserved 1048576K
}
Event: 2.847 GC heap after
{Heap after GC invocations=5 (full 0):
 garbage-first heap   total 69632K, used 19753K [0x0000000082a00000, 0x0000000100000000)
  region size 1024K, 8 young (8192K), 8 survivors (8192K)
 Metaspace       used 28602K, committed 29056K, reserved 1114112K
  class space    used 3681K, committed 3904K, reserved 1048576K
}
Event: 3.401 GC heap before
{Heap before GC invocations=5 (full 0):
 garbage-first heap   total 69632K, used 51497K [0x0000000082a00000, 0x0000000100000000)
  region size 1024K, 39 young (39936K), 8 survivors (8192K)
 Metaspace       used 35596K, committed 36096K, reserved 1114112K
  class space    used 4610K, committed 4864K, reserved 1048576K
}
Event: 3.413 GC heap after
{Heap after GC invocations=6 (full 0):
 garbage-first heap   total 69632K, used 22072K [0x0000000082a00000, 0x0000000100000000)
  region size 1024K, 3 young (3072K), 3 survivors (3072K)
 Metaspace       used 35596K, committed 36096K, reserved 1114112K
  class space    used 4610K, committed 4864K, reserved 1048576K
}
Event: 4.211 GC heap before
{Heap before GC invocations=7 (full 0):
 garbage-first heap   total 69632K, used 54840K [0x0000000082a00000, 0x0000000100000000)
  region size 1024K, 35 young (35840K), 3 survivors (3072K)
 Metaspace       used 44983K, committed 45568K, reserved 1114112K
  class space    used 5930K, committed 6208K, reserved 1048576K
}
Event: 4.215 GC heap after
{Heap after GC invocations=8 (full 0):
 garbage-first heap   total 69632K, used 23920K [0x0000000082a00000, 0x0000000100000000)
  region size 1024K, 5 young (5120K), 5 survivors (5120K)
 Metaspace       used 44983K, committed 45568K, reserved 1114112K
  class space    used 5930K, committed 6208K, reserved 1048576K
}
Event: 4.858 GC heap before
{Heap before GC invocations=8 (full 0):
 garbage-first heap   total 69632K, used 55664K [0x0000000082a00000, 0x0000000100000000)
  region size 1024K, 37 young (37888K), 5 survivors (5120K)
 Metaspace       used 54777K, committed 55424K, reserved 1114112K
  class space    used 7427K, committed 7744K, reserved 1048576K
}
Event: 4.862 GC heap after
{Heap after GC invocations=9 (full 0):
 garbage-first heap   total 69632K, used 25795K [0x0000000082a00000, 0x0000000100000000)
  region size 1024K, 4 young (4096K), 4 survivors (4096K)
 Metaspace       used 54777K, committed 55424K, reserved 1114112K
  class space    used 7427K, committed 7744K, reserved 1048576K
}
Event: 5.391 GC heap before
{Heap before GC invocations=9 (full 0):
 garbage-first heap   total 69632K, used 52419K [0x0000000082a00000, 0x0000000100000000)
  region size 1024K, 31 young (31744K), 4 survivors (4096K)
 Metaspace       used 59597K, committed 60288K, reserved 1114112K
  class space    used 8062K, committed 8384K, reserved 1048576K
}
Event: 5.399 GC heap after
{Heap after GC invocations=10 (full 0):
 garbage-first heap   total 69632K, used 28705K [0x0000000082a00000, 0x0000000100000000)
  region size 1024K, 5 young (5120K), 5 survivors (5120K)
 Metaspace       used 59597K, committed 60288K, reserved 1114112K
  class space    used 8062K, committed 8384K, reserved 1048576K
}
Event: 5.906 GC heap before
{Heap before GC invocations=11 (full 0):
 garbage-first heap   total 69632K, used 59425K [0x0000000082a00000, 0x0000000100000000)
  region size 1024K, 35 young (35840K), 5 survivors (5120K)
 Metaspace       used 63187K, committed 63936K, reserved 1114112K
  class space    used 8598K, committed 8896K, reserved 1048576K
}
Event: 5.912 GC heap after
{Heap after GC invocations=12 (full 0):
 garbage-first heap   total 69632K, used 31827K [0x0000000082a00000, 0x0000000100000000)
  region size 1024K, 4 young (4096K), 4 survivors (4096K)
 Metaspace       used 63187K, committed 63936K, reserved 1114112K
  class space    used 8598K, committed 8896K, reserved 1048576K
}
Event: 6.472 GC heap before
{Heap before GC invocations=12 (full 0):
 garbage-first heap   total 69632K, used 59475K [0x0000000082a00000, 0x0000000100000000)
  region size 1024K, 31 young (31744K), 4 survivors (4096K)
 Metaspace       used 68403K, committed 69120K, reserved 1114112K
  class space    used 9279K, committed 9600K, reserved 1048576K
}
Event: 6.479 GC heap after
{Heap after GC invocations=13 (full 0):
 garbage-first heap   total 69632K, used 34781K [0x0000000082a00000, 0x0000000100000000)
  region size 1024K, 4 young (4096K), 4 survivors (4096K)
 Metaspace       used 68403K, committed 69120K, reserved 1114112K
  class space    used 9279K, committed 9600K, reserved 1048576K
}
Event: 53.472 GC heap before
{Heap before GC invocations=13 (full 0):
 garbage-first heap   total 69632K, used 58333K [0x0000000082a00000, 0x0000000100000000)
  region size 1024K, 28 young (28672K), 4 survivors (4096K)
 Metaspace       used 74515K, committed 75264K, reserved 1114112K
  class space    used 10088K, committed 10432K, reserved 1048576K
}
Event: 53.478 GC heap after
{Heap after GC invocations=14 (full 0):
 garbage-first heap   total 83968K, used 37020K [0x0000000082a00000, 0x0000000100000000)
  region size 1024K, 3 young (3072K), 3 survivors (3072K)
 Metaspace       used 74515K, committed 75264K, reserved 1114112K
  class space    used 10088K, committed 10432K, reserved 1048576K
}

Dll operation events (14 events):
Event: 0.008 Loaded shared library C:\Program Files\Java\jdk-20\bin\java.dll
Event: 0.016 Loaded shared library C:\Program Files\Java\jdk-20\bin\jsvml.dll
Event: 0.133 Loaded shared library C:\Program Files\Java\jdk-20\bin\zip.dll
Event: 0.135 Loaded shared library C:\Program Files\Java\jdk-20\bin\instrument.dll
Event: 0.139 Loaded shared library C:\Program Files\Java\jdk-20\bin\net.dll
Event: 0.141 Loaded shared library C:\Program Files\Java\jdk-20\bin\nio.dll
Event: 0.144 Loaded shared library C:\Program Files\Java\jdk-20\bin\zip.dll
Event: 0.273 Loaded shared library C:\Program Files\JetBrains\IntelliJ IDEA Community Edition 2022.2.3\bin\breakgen64.dll
Event: 0.280 Loaded shared library C:\Program Files\Java\jdk-20\bin\extnet.dll
Event: 0.312 Loaded shared library C:\Program Files\Java\jdk-20\bin\jimage.dll
Event: 1.269 Loaded shared library C:\Program Files\Java\jdk-20\bin\sunmscapi.dll
Event: 2.954 Loaded shared library C:\Program Files\Java\jdk-20\bin\management.dll
Event: 2.955 Loaded shared library C:\Program Files\Java\jdk-20\bin\management_ext.dll
Event: 3.395 Loaded shared library C:\Program Files\Java\jdk-20\bin\verify.dll

Deoptimization events (20 events):
Event: 1357.244 Thread 0x0000018f02f18f10 Uncommon trap: trap_request=0xffffffcc fr.pc=0x0000018f6c8cb708 relative=0x0000000000000388
Event: 1357.244 Thread 0x0000018f02f18f10 Uncommon trap: reason=intrinsic_or_type_checked_inlining action=make_not_entrant pc=0x0000018f6c8cb708 method=java.util.ArrayList.toArray([Ljava/lang/Object;)[Ljava/lang/Object; @ 36 c2
Event: 1357.244 Thread 0x0000018f02f18f10 DEOPT PACKING pc=0x0000018f6c8cb708 sp=0x00000025a98fd050
Event: 1357.245 Thread 0x0000018f02f18f10 DEOPT UNPACKING pc=0x0000018f6c119d22 sp=0x00000025a98fd020 mode 2
Event: 1761.773 Thread 0x0000018f02f18470 Uncommon trap: trap_request=0xffffff45 fr.pc=0x0000018f6c8e2b70 relative=0x0000000000002bb0
Event: 1761.773 Thread 0x0000018f02f18470 Uncommon trap: reason=unstable_if action=reinterpret pc=0x0000018f6c8e2b70 method=java.util.concurrent.ThreadPoolExecutor.getTask()Ljava/lang/Runnable; @ 54 c2
Event: 1761.773 Thread 0x0000018f02f18470 DEOPT PACKING pc=0x0000018f6c8e2b70 sp=0x00000025a61ff290
Event: 1761.773 Thread 0x0000018f02f18470 DEOPT UNPACKING pc=0x0000018f6c119d22 sp=0x00000025a61ff288 mode 2
Event: 1761.779 Thread 0x0000018f02f189c0 Uncommon trap: trap_request=0xffffff45 fr.pc=0x0000018f6c7255ac relative=0x00000000000007cc
Event: 1761.779 Thread 0x0000018f02f189c0 Uncommon trap: reason=unstable_if action=reinterpret pc=0x0000018f6c7255ac method=sun.nio.ch.Util$BufferCache.get(I)Ljava/nio/ByteBuffer; @ 47 c2
Event: 1761.779 Thread 0x0000018f02f189c0 DEOPT PACKING pc=0x0000018f6c7255ac sp=0x00000025a72fe750
Event: 1761.780 Thread 0x0000018f02f189c0 DEOPT UNPACKING pc=0x0000018f6c119d22 sp=0x00000025a72fe608 mode 2
Event: 1773.318 Thread 0x0000018f02f189c0 Uncommon trap: trap_request=0xffffff45 fr.pc=0x0000018f6c6ace3c relative=0x00000000000002dc
Event: 1773.318 Thread 0x0000018f02f189c0 Uncommon trap: reason=unstable_if action=reinterpret pc=0x0000018f6c6ace3c method=sun.nio.ch.Util$BufferCache.get(I)Ljava/nio/ByteBuffer; @ 47 c2
Event: 1773.318 Thread 0x0000018f02f189c0 DEOPT PACKING pc=0x0000018f6c6ace3c sp=0x00000025a72fe450
Event: 1773.318 Thread 0x0000018f02f189c0 DEOPT UNPACKING pc=0x0000018f6c119d22 sp=0x00000025a72fe3a0 mode 2
Event: 1787.100 Thread 0x0000018f02f189c0 Uncommon trap: trap_request=0xffffff45 fr.pc=0x0000018f6c84bfa8 relative=0x00000000000001a8
Event: 1787.100 Thread 0x0000018f02f189c0 Uncommon trap: reason=unstable_if action=reinterpret pc=0x0000018f6c84bfa8 method=sun.nio.ch.Util$BufferCache.get(I)Ljava/nio/ByteBuffer; @ 47 c2
Event: 1787.100 Thread 0x0000018f02f189c0 DEOPT PACKING pc=0x0000018f6c84bfa8 sp=0x00000025a72fe4d0
Event: 1787.100 Thread 0x0000018f02f189c0 DEOPT UNPACKING pc=0x0000018f6c119d22 sp=0x00000025a72fe478 mode 2

Classes loaded (20 events):
Event: 51.052 Loading class java/text/MessageFormat$Field
Event: 51.052 Loading class java/text/MessageFormat$Field done
Event: 51.075 Loading class jdk/internal/loader/BootLoader$PackageHelper
Event: 51.075 Loading class jdk/internal/loader/BootLoader$PackageHelper done
Event: 51.084 Loading class java/util/stream/ReduceOps$7
Event: 51.084 Loading class java/util/stream/ReduceOps$7 done
Event: 51.084 Loading class java/util/stream/ReduceOps$6ReducingSink
Event: 51.084 Loading class java/util/stream/ReduceOps$6ReducingSink done
Event: 51.095 Loading class java/util/stream/LongStream
Event: 51.095 Loading class java/util/stream/LongStream done
Event: 51.095 Loading class java/util/stream/DoubleStream
Event: 51.097 Loading class java/util/stream/DoubleStream done
Event: 85.855 Loading class java/util/concurrent/ConcurrentSkipListMap$SubMap
Event: 85.866 Loading class java/util/concurrent/ConcurrentSkipListMap$SubMap done
Event: 85.866 Loading class java/util/concurrent/ConcurrentSkipListMap$Values
Event: 85.867 Loading class java/util/concurrent/ConcurrentSkipListMap$Values done
Event: 85.867 Loading class java/util/concurrent/ConcurrentSkipListMap$SubMap$SubMapValueIterator
Event: 85.867 Loading class java/util/concurrent/ConcurrentSkipListMap$SubMap$SubMapIter
Event: 85.867 Loading class java/util/concurrent/ConcurrentSkipListMap$SubMap$SubMapIter done
Event: 85.867 Loading class java/util/concurrent/ConcurrentSkipListMap$SubMap$SubMapValueIterator done

Classes unloaded (0 events):
No events

Classes redefined (0 events):
No events

Internal exceptions (20 events):
Event: 5.729 Thread 0x0000018f5cae5aa0 Exception <a 'java/lang/IncompatibleClassChangeError'{0x00000000859d6948}: Found class java.lang.Object, but interface was expected> (0x00000000859d6948) 
thrown [s\open\src\hotspot\share\interpreter\linkResolver.cpp, line 840]
Event: 5.759 Thread 0x0000018f5cae5aa0 Exception <a 'java/lang/NoSuchMethodError'{0x0000000085768118}: 'void java.lang.invoke.DirectMethodHandle$Holder.invokeVirtual(java.lang.Object, java.lang.Object, long)'> (0x0000000085768118) 
thrown [s\open\src\hotspot\share\interpreter\linkResolver.cpp, line 773]
Event: 5.806 Thread 0x0000018f5cae5aa0 Implicit null exception at 0x0000018f6c828d0f to 0x0000018f6c8292b2
Event: 5.821 Thread 0x0000018f5cae5aa0 Exception <a 'java/lang/IncompatibleClassChangeError'{0x000000008537b1c8}: Found class java.lang.Object, but interface was expected> (0x000000008537b1c8) 
thrown [s\open\src\hotspot\share\interpreter\linkResolver.cpp, line 840]
Event: 5.828 Thread 0x0000018f5cae5aa0 Implicit null exception at 0x0000018f6c79c04b to 0x0000018f6c79c284
Event: 6.084 Thread 0x0000018f5cae5aa0 Exception <a 'java/lang/NoSuchMethodError'{0x00000000862aa500}: 'java.lang.Object java.lang.invoke.DirectMethodHandle$Holder.invokeVirtual(java.lang.Object, java.lang.Object, java.lang.Object, java.lang.Object, java.lang.Object, java.lang.Object, java.lang.Object)'> (0x00000000862aa500) 
thrown [s\open\src\hotspot\share\interpreter\linkResolver.cpp, line 773]
Event: 6.098 Thread 0x0000018f5cae5aa0 Exception <a 'java/lang/NoSuchMethodError'{0x00000000861a48e8}: 'double java.lang.invoke.DirectMethodHandle$Holder.invokeVirtual(java.lang.Object, java.lang.Object)'> (0x00000000861a48e8) 
thrown [s\open\src\hotspot\share\interpreter\linkResolver.cpp, line 773]
Event: 6.580 Thread 0x0000018f5cae5aa0 Exception <a 'java/lang/NoSuchMethodError'{0x0000000086f83e10}: 'long java.lang.invoke.DirectMethodHandle$Holder.invokeStatic(java.lang.Object, java.lang.Object, int)'> (0x0000000086f83e10) 
thrown [s\open\src\hotspot\share\interpreter\linkResolver.cpp, line 773]
Event: 6.581 Thread 0x0000018f5cae5aa0 Exception <a 'java/lang/NoSuchMethodError'{0x0000000086f8e900}: 'java.lang.Object java.lang.invoke.DelegatingMethodHandle$Holder.reinvoke_L(java.lang.Object, int, int, long, java.lang.Object, long, long, long)'> (0x0000000086f8e900) 
thrown [s\open\src\hotspot\share\interpreter\linkResolver.cpp, line 773]
Event: 6.582 Thread 0x0000018f5cae5aa0 Exception <a 'java/lang/NoSuchMethodError'{0x0000000086fb2340}: 'java.lang.Object java.lang.invoke.DelegatingMethodHandle$Holder.reinvoke_L(java.lang.Object, java.lang.Object, java.lang.Object, java.lang.Object, java.lang.Object, java.lang.Object, java.lang.Object, java.lang.Object, java.lang.Object, java.lang.Object, java.lang.Object, java.lang.Object, java.lang.Object, java.lang.Object, int, java.lang.Object, java.lang.Object, java.lang.Object, java.lang.Object, java.lang.Object, java.lang.Object, java.l
Event: 6.585 Thread 0x0000018f5cae5aa0 Exception <a 'java/lang/NoSuchMethodError'{0x0000000086e09160}: 'java.lang.Object java.lang.invoke.DirectMethodHandle$Holder.invokeStatic(java.lang.Object, java.lang.Object, java.lang.Object, java.lang.Object, java.lang.Object, java.lang.Object, java.lang.Object, java.lang.Object, java.lang.Object, java.lang.Object, java.lang.Object, java.lang.Object, java.lang.Object)'> (0x0000000086e09160) 
thrown [s\open\src\hotspot\share\interpreter\linkResolver.cpp, line 773]
Event: 6.586 Thread 0x0000018f5cae5aa0 Exception <a 'java/lang/NoSuchMethodError'{0x0000000086e2a3b0}: 'java.lang.Object java.lang.invoke.DirectMethodHandle$Holder.invokeStatic(java.lang.Object, java.lang.Object, java.lang.Object, java.lang.Object, java.lang.Object, java.lang.Object, java.lang.Object, java.lang.Object, java.lang.Object, java.lang.Object, java.lang.Object, java.lang.Object, java.lang.Object, java.lang.Object)'> (0x0000000086e2a3b0) 
thrown [s\open\src\hotspot\share\interpreter\linkResolver.cpp, line 773]
Event: 6.586 Thread 0x0000018f5cae5aa0 Exception <a 'java/lang/NoSuchMethodError'{0x0000000086e400c8}: 'java.lang.Object java.lang.invoke.DelegatingMethodHandle$Holder.reinvoke_L(java.lang.Object, java.lang.Object, java.lang.Object, java.lang.Object, java.lang.Object, java.lang.Object, java.lang.Object, java.lang.Object, java.lang.Object, java.lang.Object, java.lang.Object, java.lang.Object, java.lang.Object, java.lang.Object, java.lang.Object, java.lang.Object, java.lang.Object, java.lang.Object, java.lang.Object, java.lang.Object, java.lang.O
Event: 6.637 Thread 0x0000018f02f1bee0 Exception <a 'java/lang/NoSuchMethodError'{0x000000008624fb98}: 'long java.lang.invoke.DelegatingMethodHandle$Holder.reinvoke_L(java.lang.Object, java.lang.Object)'> (0x000000008624fb98) 
thrown [s\open\src\hotspot\share\interpreter\linkResolver.cpp, line 773]
Event: 50.675 Thread 0x0000018f02f199b0 Exception <a 'java/lang/NoSuchMethodError'{0x00000000860fbc10}: 'java.lang.Object java.lang.invoke.DirectMethodHandle$Holder.invokeSpecial(java.lang.Object, java.lang.Object, java.lang.Object, java.lang.Object, java.lang.Object, long)'> (0x00000000860fbc10) 
thrown [s\open\src\hotspot\share\interpreter\linkResolver.cpp, line 773]
Event: 50.675 Thread 0x0000018f02f199b0 Exception <a 'java/lang/NoSuchMethodError'{0x00000000860ff3d0}: 'java.lang.Object java.lang.invoke.Invokers$Holder.linkToTargetMethod(java.lang.Object, java.lang.Object, java.lang.Object, long, java.lang.Object)'> (0x00000000860ff3d0) 
thrown [s\open\src\hotspot\share\interpreter\linkResolver.cpp, line 773]
Event: 50.849 Thread 0x0000018f02f199b0 Exception <a 'java/lang/NoSuchMethodError'{0x0000000085999b00}: 'java.lang.Object java.lang.invoke.DirectMethodHandle$Holder.invokeInterface(java.lang.Object, java.lang.Object, java.lang.Object, int)'> (0x0000000085999b00) 
thrown [s\open\src\hotspot\share\interpreter\linkResolver.cpp, line 773]
Event: 51.008 Thread 0x0000018f02f199b0 Exception <a 'java/lang/NoSuchMethodError'{0x0000000085629580}: 'int java.lang.invoke.DirectMethodHandle$Holder.invokeStatic(java.lang.Object, java.lang.Object, int, int)'> (0x0000000085629580) 
thrown [s\open\src\hotspot\share\interpreter\linkResolver.cpp, line 773]
Event: 51.023 Thread 0x0000018f02f199b0 Exception <a 'java/lang/NoSuchMethodError'{0x00000000856a65b0}: 'java.lang.Object java.lang.invoke.DirectMethodHandle$Holder.invokeInterface(java.lang.Object, java.lang.Object, java.lang.Object, java.lang.Object)'> (0x00000000856a65b0) 
thrown [s\open\src\hotspot\share\interpreter\linkResolver.cpp, line 773]
Event: 51.048 Thread 0x0000018f02f199b0 Exception <a 'java/lang/IncompatibleClassChangeError'{0x00000000855bde80}: Found class java.lang.Object, but interface was expected> (0x00000000855bde80) 
thrown [s\open\src\hotspot\share\interpreter\linkResolver.cpp, line 840]

VM Operations (20 events):
Event: 1748.098 Executing VM operation: Cleanup
Event: 1748.098 Executing VM operation: Cleanup done
Event: 1762.195 Executing VM operation: Cleanup
Event: 1762.195 Executing VM operation: Cleanup done
Event: 1766.214 Executing VM operation: Cleanup
Event: 1766.214 Executing VM operation: Cleanup done
Event: 1778.301 Executing VM operation: Cleanup
Event: 1778.301 Executing VM operation: Cleanup done
Event: 1780.329 Executing VM operation: Cleanup
Event: 1780.329 Executing VM operation: Cleanup done
Event: 1781.344 Executing VM operation: Cleanup
Event: 1781.344 Executing VM operation: Cleanup done
Event: 1787.378 Executing VM operation: Cleanup
Event: 1787.378 Executing VM operation: Cleanup done
Event: 1790.382 Executing VM operation: Cleanup
Event: 1790.382 Executing VM operation: Cleanup done
Event: 1806.494 Executing VM operation: Cleanup
Event: 1806.494 Executing VM operation: Cleanup done
Event: 1807.501 Executing VM operation: Cleanup
Event: 1807.501 Executing VM operation: Cleanup done

Events (20 events):
Event: 53.507 Thread 0x0000018f79225040 flushing nmethod 0x0000018f6c661e10
Event: 110.831 Thread 0x0000018f02f18470 Thread exited: 0x0000018f02f18470
Event: 121.081 Thread 0x0000018f02f1b990 Thread exited: 0x0000018f02f1b990
Event: 306.127 Thread 0x0000018f02f1b990 Thread added: 0x0000018f02f1b990
Event: 1761.767 Thread 0x0000018f02f18470 Thread added: 0x0000018f02f18470
Event: 1761.773 Thread 0x0000018f02f189c0 Thread added: 0x0000018f02f189c0
Event: 1770.879 Thread 0x0000018f02f18470 Thread exited: 0x0000018f02f18470
Event: 1770.942 Thread 0x0000018f02f189c0 Thread exited: 0x0000018f02f189c0
Event: 1773.316 Thread 0x0000018f02f18470 Thread added: 0x0000018f02f18470
Event: 1773.317 Thread 0x0000018f02f189c0 Thread added: 0x0000018f02f189c0
Event: 1786.018 Thread 0x0000018f02f18470 Thread exited: 0x0000018f02f18470
Event: 1786.080 Thread 0x0000018f02f189c0 Thread exited: 0x0000018f02f189c0
Event: 1787.097 Thread 0x0000018f02f18470 Thread added: 0x0000018f02f18470
Event: 1787.098 Thread 0x0000018f02f189c0 Thread added: 0x0000018f02f189c0
Event: 1797.015 Thread 0x0000018f02f18470 Thread exited: 0x0000018f02f18470
Event: 1797.094 Thread 0x0000018f02f189c0 Thread exited: 0x0000018f02f189c0
Event: 1800.301 Thread 0x0000018f02f18470 Thread added: 0x0000018f02f18470
Event: 1800.302 Thread 0x0000018f02f189c0 Thread added: 0x0000018f02f189c0
Event: 1805.307 Thread 0x0000018f02f18470 Thread exited: 0x0000018f02f18470
Event: 1805.385 Thread 0x0000018f02f189c0 Thread exited: 0x0000018f02f189c0


Dynamic libraries:
0x00007ff7ac260000 - 0x00007ff7ac270000 	C:\Program Files\Java\jdk-20\bin\java.exe
0x00007fffd1ed0000 - 0x00007fffd20e7000 	C:\WINDOWS\SYSTEM32\ntdll.dll
0x00007fffd0320000 - 0x00007fffd03e4000 	C:\WINDOWS\System32\KERNEL32.DLL
0x00007fffcf510000 - 0x00007fffcf8c7000 	C:\WINDOWS\System32\KERNELBASE.dll
0x00007fffcf8d0000 - 0x00007fffcf9e1000 	C:\WINDOWS\System32\ucrtbase.dll
0x00007fffca7b0000 - 0x00007fffca7c9000 	C:\Program Files\Java\jdk-20\bin\jli.dll
0x00007fffca750000 - 0x00007fffca76b000 	C:\Program Files\Java\jdk-20\bin\VCRUNTIME140.dll
0x00007fffd09a0000 - 0x00007fffd0a52000 	C:\WINDOWS\System32\ADVAPI32.dll
0x00007fffd07e0000 - 0x00007fffd0887000 	C:\WINDOWS\System32\msvcrt.dll
0x00007fffd03f0000 - 0x00007fffd0499000 	C:\WINDOWS\System32\sechost.dll
0x00007fffcf9f0000 - 0x00007fffcfa18000 	C:\WINDOWS\System32\bcrypt.dll
0x00007fffd04e0000 - 0x00007fffd05f4000 	C:\WINDOWS\System32\RPCRT4.dll
0x00007fffd0b40000 - 0x00007fffd0cef000 	C:\WINDOWS\System32\USER32.dll
0x00007fffcfb60000 - 0x00007fffcfb86000 	C:\WINDOWS\System32\win32u.dll
0x00007fffbb950000 - 0x00007fffbbbe3000 	C:\WINDOWS\WinSxS\amd64_microsoft.windows.common-controls_6595b64144ccf1df_6.0.22621.3646_none_27105dd3738543d4\COMCTL32.dll
0x00007fffd04b0000 - 0x00007fffd04d9000 	C:\WINDOWS\System32\GDI32.dll
0x00007fffcf280000 - 0x00007fffcf399000 	C:\WINDOWS\System32\gdi32full.dll
0x00007fffcf1e0000 - 0x00007fffcf27a000 	C:\WINDOWS\System32\msvcp_win.dll
0x00007fffcaf10000 - 0x00007fffcaf1a000 	C:\WINDOWS\SYSTEM32\VERSION.dll
0x00007fffcfc00000 - 0x00007fffcfc31000 	C:\WINDOWS\System32\IMM32.DLL
0x00007fffca7a0000 - 0x00007fffca7ac000 	C:\Program Files\Java\jdk-20\bin\vcruntime140_1.dll
0x00007fffa9ff0000 - 0x00007fffaa07e000 	C:\Program Files\Java\jdk-20\bin\msvcp140.dll
0x00007fff50370000 - 0x00007fff51007000 	C:\Program Files\Java\jdk-20\bin\server\jvm.dll
0x00007fffccd30000 - 0x00007fffccd39000 	C:\WINDOWS\SYSTEM32\WSOCK32.dll
0x00007fffca9c0000 - 0x00007fffca9f4000 	C:\WINDOWS\SYSTEM32\WINMM.dll
0x00007fffd0d80000 - 0x00007fffd0df1000 	C:\WINDOWS\System32\WS2_32.dll
0x00007fffce2e0000 - 0x00007fffce2f8000 	C:\WINDOWS\SYSTEM32\kernel.appcore.dll
0x00007fffc9090000 - 0x00007fffc909a000 	C:\Program Files\Java\jdk-20\bin\jimage.dll
0x00007fffccae0000 - 0x00007fffccd12000 	C:\WINDOWS\SYSTEM32\DBGHELP.DLL
0x00007fffd1670000 - 0x00007fffd19fe000 	C:\WINDOWS\System32\combase.dll
0x00007fffd0a60000 - 0x00007fffd0b37000 	C:\WINDOWS\System32\OLEAUT32.dll
0x00007fffb40b0000 - 0x00007fffb40e2000 	C:\WINDOWS\SYSTEM32\dbgcore.DLL
0x00007fffcfa20000 - 0x00007fffcfa9b000 	C:\WINDOWS\System32\bcryptPrimitives.dll
0x00007fffccdb0000 - 0x00007fffccdbe000 	C:\Program Files\Java\jdk-20\bin\instrument.dll
0x00007fffbdbb0000 - 0x00007fffbdbd6000 	C:\Program Files\Java\jdk-20\bin\java.dll
0x00007fff9e3c0000 - 0x00007fff9e497000 	C:\Program Files\Java\jdk-20\bin\jsvml.dll
0x00007fffd0e00000 - 0x00007fffd1669000 	C:\WINDOWS\System32\SHELL32.dll
0x00007fffcd110000 - 0x00007fffcda10000 	C:\WINDOWS\SYSTEM32\windows.storage.dll
0x00007fffccfd0000 - 0x00007fffcd10f000 	C:\WINDOWS\SYSTEM32\wintypes.dll
0x00007fffd0660000 - 0x00007fffd0759000 	C:\WINDOWS\System32\SHCORE.dll
0x00007fffd1bd0000 - 0x00007fffd1c2e000 	C:\WINDOWS\System32\shlwapi.dll
0x00007fffcf110000 - 0x00007fffcf136000 	C:\WINDOWS\SYSTEM32\profapi.dll
0x00007fffb0dc0000 - 0x00007fffb0dd8000 	C:\Program Files\Java\jdk-20\bin\zip.dll
0x00007fffbb330000 - 0x00007fffbb343000 	C:\Program Files\Java\jdk-20\bin\net.dll
0x00007fffcb0f0000 - 0x00007fffcb226000 	C:\WINDOWS\SYSTEM32\WINHTTP.dll
0x00007fffce750000 - 0x00007fffce7b9000 	C:\WINDOWS\system32\mswsock.dll
0x00007fffb0de0000 - 0x00007fffb0df6000 	C:\Program Files\Java\jdk-20\bin\nio.dll
0x00007fffbe010000 - 0x00007fffbe02a000 	C:\Program Files\JetBrains\IntelliJ IDEA Community Edition 2022.2.3\bin\breakgen64.dll
0x00007fffbdb40000 - 0x00007fffbdb47000 	C:\Program Files\Java\jdk-20\bin\extnet.dll
0x00007fffcdc70000 - 0x00007fffcdc9d000 	C:\WINDOWS\SYSTEM32\IPHLPAPI.DLL
0x00007fffd04a0000 - 0x00007fffd04a9000 	C:\WINDOWS\System32\NSI.dll
0x00007fffcb320000 - 0x00007fffcb339000 	C:\WINDOWS\SYSTEM32\dhcpcsvc6.DLL
0x00007fffcae40000 - 0x00007fffcae5f000 	C:\WINDOWS\SYSTEM32\dhcpcsvc.DLL
0x00007fffcdd30000 - 0x00007fffcde28000 	C:\WINDOWS\SYSTEM32\DNSAPI.dll
0x00007fffb94d0000 - 0x00007fffb94da000 	C:\Windows\System32\rasadhlp.dll
0x00007fffca810000 - 0x00007fffca893000 	C:\WINDOWS\System32\fwpuclnt.dll
0x00007fffb9360000 - 0x00007fffb936e000 	C:\Program Files\Java\jdk-20\bin\sunmscapi.dll
0x00007fffcf3a0000 - 0x00007fffcf507000 	C:\WINDOWS\System32\CRYPT32.dll
0x00007fffceb80000 - 0x00007fffcebae000 	C:\WINDOWS\SYSTEM32\ncrypt.dll
0x00007fffceb40000 - 0x00007fffceb77000 	C:\WINDOWS\SYSTEM32\NTASN1.dll
0x00007fffce9c0000 - 0x00007fffce9db000 	C:\WINDOWS\SYSTEM32\CRYPTSP.dll
0x00007fffce1c0000 - 0x00007fffce1f5000 	C:\WINDOWS\system32\rsaenh.dll
0x00007fffce820000 - 0x00007fffce848000 	C:\WINDOWS\SYSTEM32\USERENV.dll
0x00007fffce9e0000 - 0x00007fffce9ec000 	C:\WINDOWS\SYSTEM32\CRYPTBASE.dll
0x00007fffbb2a0000 - 0x00007fffbb2aa000 	C:\Program Files\Java\jdk-20\bin\management.dll
0x00007fffbb210000 - 0x00007fffbb21b000 	C:\Program Files\Java\jdk-20\bin\management_ext.dll
0x00007fffd1a00000 - 0x00007fffd1a08000 	C:\WINDOWS\System32\PSAPI.DLL
0x00007fffbdf70000 - 0x00007fffbdf80000 	C:\Program Files\Java\jdk-20\bin\verify.dll
0x00007fffb4800000 - 0x00007fffb4808000 	C:\WINDOWS\system32\wshunix.dll

dbghelp: loaded successfully - version: 4.0.5 - missing functions: none
symbol engine: initialized successfully - sym options: 0x614 - pdb path: .;C:\Program Files\Java\jdk-20\bin;C:\WINDOWS\SYSTEM32;C:\WINDOWS\WinSxS\amd64_microsoft.windows.common-controls_6595b64144ccf1df_6.0.22621.3646_none_27105dd3738543d4;C:\Program Files\Java\jdk-20\bin\server;C:\Program Files\JetBrains\IntelliJ IDEA Community Edition 2022.2.3\bin

VM Arguments:
jvm_args: -javaagent:C:\Program Files\JetBrains\IntelliJ IDEA Community Edition 2022.2.3\lib\idea_rt.jar=65408:C:\Program Files\JetBrains\IntelliJ IDEA Community Edition 2022.2.3\bin -Dfile.encoding=UTF-8 -Dsun.stdout.encoding=UTF-8 -Dsun.stderr.encoding=UTF-8 
java_command: com.anas.quiz_service.QuizServiceApplication
java_class_path (initial): X:\Microservices\quiz-service\target\classes;C:\Users\anasi\.m2\repository\org\springframework\boot\spring-boot-starter-data-jpa\3.3.4\spring-boot-starter-data-jpa-3.3.4.jar;C:\Users\anasi\.m2\repository\org\springframework\boot\spring-boot-starter-aop\3.3.4\spring-boot-starter-aop-3.3.4.jar;C:\Users\anasi\.m2\repository\org\springframework\spring-aop\6.1.13\spring-aop-6.1.13.jar;C:\Users\anasi\.m2\repository\org\aspectj\aspectjweaver\1.9.22.1\aspectjweaver-1.9.22.1.jar;C:\Users\anasi\.m2\repository\org\springframework\boot\spring-boot-starter-jdbc\3.3.4\spring-boot-starter-jdbc-3.3.4.jar;C:\Users\anasi\.m2\repository\com\zaxxer\HikariCP\5.1.0\HikariCP-5.1.0.jar;C:\Users\anasi\.m2\repository\org\springframework\spring-jdbc\6.1.13\spring-jdbc-6.1.13.jar;C:\Users\anasi\.m2\repository\org\hibernate\orm\hibernate-core\6.5.3.Final\hibernate-core-6.5.3.Final.jar;C:\Users\anasi\.m2\repository\jakarta\persistence\jakarta.persistence-api\3.1.0\jakarta.persistence-api-3.1.0.jar;C:\Users\anasi\.m2\repository\jakarta\transaction\jakarta.transaction-api\2.0.1\jakarta.transaction-api-2.0.1.jar;C:\Users\anasi\.m2\repository\org\jboss\logging\jboss-logging\3.5.3.Final\jboss-logging-3.5.3.Final.jar;C:\Users\anasi\.m2\repository\org\hibernate\common\hibernate-commons-annotations\6.0.6.Final\hibernate-commons-annotations-6.0.6.Final.jar;C:\Users\anasi\.m2\repository\io\smallrye\jandex\3.1.2\jandex-3.1.2.jar;C:\Users\anasi\.m2\repository\com\fasterxml\classmate\1.7.0\classmate-1.7.0.jar;C:\Users\anasi\.m2\repository\net\bytebuddy\byte-buddy\1.14.19\byte-buddy-1.14.19.jar;C:\Users\anasi\.m2\repository\org\glassfish\jaxb\jaxb-runtime\4.0.5\jaxb-runtime-4.0.5.jar;C:\Users\anasi\.m2\repository\org\glassfish\jaxb\jaxb-core\4.0.5\jaxb-core-4.0.5.jar;C:\Users\anasi\.m2\repository\org\eclipse\angus\angus-activation\2.0.2\angus-activation-2.0.2.jar;C:\Users\anasi\.m2\repository\org\glassfish\jaxb\txw2\4.0.5\txw2-4.0.5.jar;C:\Users\anasi\.m2\repository\com\sun\istack\istack-commons-runtime\4.1.2\istack-commons-runtime-4.1.2.jar;C:\Users\anasi\.m2\repository\jakarta\inject\jakarta.inject-api\2.0.1\jakarta.inject-api-2.0.1.jar;C:\Users\anasi\.m2\repository\org\antlr\antlr4-runtime\4.13.0\antlr4-runtime-4.13.0.jar;C:\Users\anasi\.m2\repository\org\springframework\data\spring-data-jpa\3.3.4\spring-data-jpa-3.3.4.jar;C:\Users\anasi\.m2\repository\org\springframework\data\spring-data-commons\3.3.4\spring-data-commons-3.3.4.jar;C:\Users\anasi\.m2\repository\org\springframework\spring-orm\6.1.13\spring-orm-6.1.13.jar;C:\Users\anasi\.m2\repository\org\springframework\spring-context\6.1.13\spring-context-6.1.13.jar;C:\Users\anasi\.m2\repository\org\springframework\spring-tx\6.1.13\spring-tx-6.1.13.jar;C:\Users\anasi\.m2\repository\org\springframework\spring-beans\6.1.13\spring-beans-6.1.13.jar;C:\Users\anasi\.m2\repository\jakarta\annotation\jakarta.annotation-api\2.1.1\jakarta.annotation-api-2.1.1.jar;C:\Users\anasi\.m2\repository\org\slf4j\slf4j-api\2.0.16\slf4j-api-2.0.16.jar;C:\Users\anasi\.m2\repository\org\springframework\spring-aspects\6.1.13\spring-aspects-6.1.13.jar;C:\Users\anasi\.m2\repository\org\springframework\boot\spring-boot-starter-web\3.3.4\spring-boot-starter-web-3.3.4.jar;C:\Users\anasi\.m2\repository\org\springframework\boot\spring-boot-starter\3.3.4\spring-boot-starter-3.3.4.jar;C:\Users\anasi\.m2\repository\org\springframework\boot\spring-boot\3.3.4\spring-boot-3.3.4.jar;C:\Users\anasi\.m2\repository\org\springframework\boot\spring-boot-autoconfigure\3.3.4\spring-boot-autoconfigure-3.3.4.jar;C:\Users\anasi\.m2\repository\org\springframework\boot\spring-boot-starter-logging\3.3.4\spring-boot-starter-logging-3.3.4.jar;C:\Users\anasi\.m2\repository\ch\qos\logback\logback-classic\1.5.8\logback-classic-1.5.8.jar;C:\Users\anasi\.m2\repository\ch\qos\logback\logback-core\1.5.8\logback-core-1.5.8.jar;C:\Users\anasi\.m2\repository\org\apache\logging\log4j\log4j-to-slf4j\2.23.1\log4j-to-slf4j-2.23.1.jar;C:\Users\anasi\.m2\repository\org\apache\logging\log4j\log4j-api\2.23.1\log4j-api-2.23.1.jar;C:\Users\anasi\.m2\repository\org\slf4j\jul-to-slf4j\2.0.16\jul-to-slf4j-2.0.16.jar;C:\Users\anasi\.m2\repository\org\yaml\snakeyaml\2.2\snakeyaml-2.2.jar;C:\Users\anasi\.m2\repository\org\springframework\boot\spring-boot-starter-json\3.3.4\spring-boot-starter-json-3.3.4.jar;C:\Users\anasi\.m2\repository\com\fasterxml\jackson\core\jackson-databind\2.17.2\jackson-databind-2.17.2.jar;C:\Users\anasi\.m2\repository\com\fasterxml\jackson\datatype\jackson-datatype-jdk8\2.17.2\jackson-datatype-jdk8-2.17.2.jar;C:\Users\anasi\.m2\repository\com\fasterxml\jackson\datatype\jackson-datatype-jsr310\2.17.2\jackson-datatype-jsr310-2.17.2.jar;C:\Users\anasi\.m2\repository\com\fasterxml\jackson\module\jackson-module-parameter-names\2.17.2\jackson-module-parameter-names-2.17.2.jar;C:\Users\anasi\.m2\repository\org\springframework\boot\spring-boot-starter-tomcat\3.3.4\spring-boot-starter-tomcat-3.3.4.jar;C:\Users\anasi\.m2\repository\org\apache\tomcat\embed\tomcat-embed-core\10.1.30\tomcat-embed-core-10.1.30.jar;C:\Users\anasi\.m2\repository\org\apache\tomcat\embed\tomcat-embed-el\10.1.30\tomcat-embed-el-10.1.30.jar;C:\Users\anasi\.m2\repository\org\apache\tomcat\embed\tomcat-embed-websocket\10.1.30\tomcat-embed-websocket-10.1.30.jar;C:\Users\anasi\.m2\repository\org\springframework\spring-web\6.1.13\spring-web-6.1.13.jar;C:\Users\anasi\.m2\repository\io\micrometer\micrometer-observation\1.13.4\micrometer-observation-1.13.4.jar;C:\Users\anasi\.m2\repository\io\micrometer\micrometer-commons\1.13.4\micrometer-commons-1.13.4.jar;C:\Users\anasi\.m2\repository\org\springframework\spring-webmvc\6.1.13\spring-webmvc-6.1.13.jar;C:\Users\anasi\.m2\repository\org\springframework\spring-expression\6.1.13\spring-expression-6.1.13.jar;C:\Users\anasi\.m2\repository\org\springframework\cloud\spring-cloud-starter-netflix-eureka-client\4.1.3\spring-cloud-starter-netflix-eureka-client-4.1.3.jar;C:\Users\anasi\.m2\repository\org\springframework\cloud\spring-cloud-starter\4.1.4\spring-cloud-starter-4.1.4.jar;C:\Users\anasi\.m2\repository\org\springframework\cloud\spring-cloud-context\4.1.4\spring-cloud-context-4.1.4.jar;C:\Users\anasi\.m2\repository\org\springframework\security\spring-security-rsa\1.1.3\spring-security-rsa-1.1.3.jar;C:\Users\anasi\.m2\repository\org\bouncycastle\bcprov-jdk18on\1.78\bcprov-jdk18on-1.78.jar;C:\Users\anasi\.m2\repository\org\springframework\cloud\spring-cloud-netflix-eureka-client\4.1.3\spring-cloud-netflix-eureka-client-4.1.3.jar;C:\Users\anasi\.m2\repository\org\apache\httpcomponents\client5\httpclient5\5.3.1\httpclient5-5.3.1.jar;C:\Users\anasi\.m2\repository\org\apache\httpcomponents\core5\httpcore5\5.2.5\httpcore5-5.2.5.jar;C:\Users\anasi\.m2\repository\org\apache\httpcomponents\core5\httpcore5-h2\5.2.5\httpcore5-h2-5.2.5.jar;C:\Users\anasi\.m2\repository\com\netflix\eureka\eureka-client\2.0.3\eureka-client-2.0.3.jar;C:\Users\anasi\.m2\repository\com\thoughtworks\xstream\xstream\1.4.20\xstream-1.4.20.jar;C:\Users\anasi\.m2\repository\io\github\x-stream\mxparser\1.2.2\mxparser-1.2.2.jar;C:\Users\anasi\.m2\repository\xmlpull\xmlpull\1.1.3.1\xmlpull-1.1.3.1.jar;C:\Users\anasi\.m2\repository\jakarta\ws\rs\jakarta.ws.rs-api\3.1.0\jakarta.ws.rs-api-3.1.0.jar;C:\Users\anasi\.m2\repository\com\netflix\spectator\spectator-api\1.7.3\spectator-api-1.7.3.jar;C:\Users\anasi\.m2\repository\org\apache\httpcomponents\httpclient\4.5.3\httpclient-4.5.3.jar;C:\Users\anasi\.m2\repository\org\apache\httpcomponents\httpcore\4.4.16\httpcore-4.4.16.jar;C:\Users\anasi\.m2\repository\commons-codec\commons-codec\1.16.1\commons-codec-1.16.1.jar;C:\Users\anasi\.m2\repository\commons-configuration\commons-configuration\1.10\commons-configuration-1.10.jar;C:\Users\anasi\.m2\repository\commons-lang\commons-lang\2.6\commons-lang-2.6.jar;C:\Users\anasi\.m2\repository\com\fasterxml\jackson\core\jackson-annotations\2.17.2\jackson-annotations-2.17.2.jar;C:\Users\anasi\.m2\repository\com\fasterxml\jackson\core\jackson-core\2.17.2\jackson-core-2.17.2.jar;C:\Users\anasi\.m2\repository\com\netflix\netflix-commons\netflix-eventbus\0.3.0\netflix-eventbus-0.3.0.jar;C:\Users\anasi\.m2\repository\com\netflix\netflix-commons\netflix-infix\0.3.0\netflix-infix-0.3.0.jar;C:\Users\anasi\.m2\repository\commons-jxpath\commons-jxpath\1.3\commons-jxpath-1.3.jar;C:\Users\anasi\.m2\repository\joda-time\joda-time\2.3\joda-time-2.3.jar;C:\Users\anasi\.m2\repository\org\antlr\antlr-runtime\3.4\antlr-runtime-3.4.jar;C:\Users\anasi\.m2\repository\org\antlr\stringtemplate\3.2.1\stringtemplate-3.2.1.jar;C:\Users\anasi\.m2\repository\antlr\antlr\2.7.7\antlr-2.7.7.jar;C:\Users\anasi\.m2\repository\com\google\code\gson\gson\2.10.1\gson-2.10.1.jar;C:\Users\anasi\.m2\repository\com\netflix\servo\servo-core\0.5.3\servo-core-0.5.3.jar;C:\Users\anasi\.m2\repository\org\apache\commons\commons-math\2.2\commons-math-2.2.jar;C:\Users\anasi\.m2\repository\javax\annotation\javax.annotation-api\1.2\javax.annotation-api-1.2.jar;C:\Users\anasi\.m2\repository\org\codehaus\jettison\jettison\1.5.4\jettison-1.5.4.jar;C:\Users\anasi\.m2\repository\com\netflix\eureka\eureka-core\2.0.3\eureka-core-2.0.3.jar;C:\Users\anasi\.m2\repository\com\fasterxml\woodstox\woodstox-core\6.2.1\woodstox-core-6.2.1.jar;C:\Users\anasi\.m2\repository\org\codehaus\woodstox\stax2-api\4.2.1\stax2-api-4.2.1.jar;C:\Users\anasi\.m2\repository\com\google\guava\guava\33.0.0-jre\guava-33.0.0-jre.jar;C:\Users\anasi\.m2\repository\com\google\guava\failureaccess\1.0.2\failureaccess-1.0.2.jar;C:\Users\anasi\.m2\repository\com\google\guava\listenablefuture\9999.0-empty-to-avoid-conflict-with-guava\listenablefuture-9999.0-empty-to-avoid-conflict-with-guava.jar;C:\Users\anasi\.m2\repository\com\google\errorprone\error_prone_annotations\2.23.0\error_prone_annotations-2.23.0.jar;C:\Users\anasi\.m2\repository\com\google\j2objc\j2objc-annotations\2.8\j2objc-annotations-2.8.jar;C:\Users\anasi\.m2\repository\org\springframework\cloud\spring-cloud-starter-loadbalancer\4.1.4\spring-cloud-starter-loadbalancer-4.1.4.jar;C:\Users\anasi\.m2\repository\org\springframework\cloud\spring-cloud-loadbalancer\4.1.4\spring-cloud-loadbalancer-4.1.4.jar;C:\Users\anasi\.m2\repository\io\projectreactor\reactor-core\3.6.10\reactor-core-3.6.10.jar;C:\Users\anasi\.m2\repository\org\reactivestreams\reactive-streams\1.0.4\reactive-streams-1.0.4.jar;C:\Users\anasi\.m2\repository\io\projectreactor\addons\reactor-extra\3.5.2\reactor-extra-3.5.2.jar;C:\Users\anasi\.m2\repository\org\springframework\boot\spring-boot-starter-cache\3.3.4\spring-boot-starter-cache-3.3.4.jar;C:\Users\anasi\.m2\repository\org\springframework\spring-context-support\6.1.13\spring-context-support-6.1.13.jar;C:\Users\anasi\.m2\repository\com\stoyanr\evictor\1.0.0\evictor-1.0.0.jar;C:\Users\anasi\.m2\repository\org\springframework\cloud\spring-cloud-starter-openfeign\4.1.3\spring-cloud-starter-openfeign-4.1.3.jar;C:\Users\anasi\.m2\repository\org\springframework\cloud\spring-cloud-openfeign-core\4.1.3\spring-cloud-openfeign-core-4.1.3.jar;C:\Users\anasi\.m2\repository\io\github\openfeign\form\feign-form-spring\3.8.0\feign-form-spring-3.8.0.jar;C:\Users\anasi\.m2\repository\io\github\openfeign\form\feign-form\3.8.0\feign-form-3.8.0.jar;C:\Users\anasi\.m2\repository\commons-fileupload\commons-fileupload\1.5\commons-fileupload-1.5.jar;C:\Users\anasi\.m2\repository\commons-io\commons-io\2.11.0\commons-io-2.11.0.jar;C:\Users\anasi\.m2\repository\org\springframework\cloud\spring-cloud-commons\4.1.4\spring-cloud-commons-4.1.4.jar;C:\Users\anasi\.m2\repository\org\springframework\security\spring-security-crypto\6.3.3\spring-security-crypto-6.3.3.jar;C:\Users\anasi\.m2\repository\io\github\openfeign\feign-core\13.3\feign-core-13.3.jar;C:\Users\anasi\.m2\repository\io\github\openfeign\feign-slf4j\13.3\feign-slf4j-13.3.jar;C:\Users\anasi\.m2\repository\org\postgresql\postgresql\42.7.4\postgresql-42.7.4.jar;C:\Users\anasi\.m2\repository\org\checkerframework\checker-qual\3.42.0\checker-qual-3.42.0.jar;C:\Users\anasi\.m2\repository\org\projectlombok\lombok\1.18.34\lombok-1.18.34.jar;C:\Users\anasi\.m2\repository\jakarta\xml\bind\jakarta.xml.bind-api\4.0.2\jakarta.xml.bind-api-4.0.2.jar;C:\Users\anasi\.m2\repository\jakarta\activation\jakarta.activation-api\2.1.3\jakarta.activation-api-2.1.3.jar;C:\Users\anasi\.m2\repository\org\springframework\spring-core\6.1.13\spring-core-6.1.13.jar;C:\Users\anasi\.m2\repository\org\springframework\spring-jcl\6.1.13\spring-jcl-6.1.13.jar
Launcher Type: SUN_STANDARD

[Global flags]
     intx CICompilerCount                          = 4                                         {product} {ergonomic}
     uint ConcGCThreads                            = 2                                         {product} {ergonomic}
     uint G1ConcRefinementThreads                  = 8                                         {product} {ergonomic}
   size_t G1HeapRegionSize                         = 1048576                                   {product} {ergonomic}
    uintx GCDrainStackTargetSize                   = 64                                        {product} {ergonomic}
   size_t InitialHeapSize                          = 132120576                                 {product} {ergonomic}
   size_t MarkStackSize                            = 4194304                                   {product} {ergonomic}
   size_t MaxHeapSize                              = 2103443456                                {product} {ergonomic}
   size_t MaxNewSize                               = 1261436928                                {product} {ergonomic}
   size_t MinHeapDeltaBytes                        = 1048576                                   {product} {ergonomic}
   size_t MinHeapSize                              = 8388608                                   {product} {ergonomic}
    uintx NonNMethodCodeHeapSize                   = 5839372                                {pd product} {ergonomic}
    uintx NonProfiledCodeHeapSize                  = 122909434                              {pd product} {ergonomic}
    uintx ProfiledCodeHeapSize                     = 122909434                              {pd product} {ergonomic}
    uintx ReservedCodeCacheSize                    = 251658240                              {pd product} {ergonomic}
     bool SegmentedCodeCache                       = true                                      {product} {ergonomic}
   size_t SoftMaxHeapSize                          = 2103443456                             {manageable} {ergonomic}
     bool UseCompressedClassPointers               = true                           {product lp64_product} {ergonomic}
     bool UseCompressedOops                        = true                           {product lp64_product} {ergonomic}
     bool UseG1GC                                  = true                                      {product} {ergonomic}
     bool UseLargePagesIndividualAllocation        = false                                  {pd product} {ergonomic}

Logging:
Log output configuration:
 #0: stdout all=warning uptime,level,tags foldmultilines=false
 #1: stderr all=off uptime,level,tags foldmultilines=false

Environment Variables:
JAVA_HOME=C:\Program Files\Amazon Corretto\jdk17.0.10_7
PATH=C:\Program Files\Amazon Corretto\jdk17.0.10_7\bin;C:\Program Files\Common Files\Oracle\Java\javapath;C:\Program Files (x86)\Common Files\Intel\Shared Libraries\redist\intel64_win\compiler;C:\Windows\system32;C:\Windows;C:\Windows\System32\Wbem;C:\Windows\System32\WindowsPowerShell\v1.0\;C:\Windows\System32\OpenSSH\;C:\Program Files (x86)\NVIDIA Corporation\PhysX\Common;C:\Program Files\NVIDIA Corporation\NVIDIA NvDLISR;C:\WINDOWS\system32;C:\WINDOWS;C:\WINDOWS\System32\Wbem;C:\WINDOWS\System32\WindowsPowerShell\v1.0\;C:\WINDOWS\System32\OpenSSH\;C:\msys64\mingw64\bin;C:\ProgramData\chocolatey\bin;C:\Program Files\Git\cmd;C:\Program Files (x86)\Yarn\bin\;C:\Program Files\Java\jdk-19\bin;C:\Program Files\apache-maven-3.9.6-bin\apache-maven-3.9.6\bin;D:\Node.js\;X:\Go\bin;C:\Users\anasi\AppData\Local\Microsoft\WindowsApps;C:\Users\anasi\AppData\Local\Programs\Microsoft VS Code\bin;C:\Users\anasi\AppData\Local\Yarn\bin;C:\Users\anasi\AppData\Local\Microsoft\WindowsApps;C:\Program Files\JetBrains\PyCharm Community Edition 2023.1.1\bin;;C:\Maven\bin;C:\Maven\apache-maven-3.9.4\bin;Z:\SQL\bin;C:\Users\anasi\AppData\Roaming\npm;C:\Users\anasi\go\bin
USERNAME=anasi
OS=Windows_NT
PROCESSOR_IDENTIFIER=Intel64 Family 6 Model 165 Stepping 2, GenuineIntel
TMP=C:\Users\anasi\AppData\Local\Temp
TEMP=C:\Users\anasi\AppData\Local\Temp




---------------  S Y S T E M  ---------------

OS:
 Windows 11 , 64 bit Build 22621 (10.0.22621.4000)
OS uptime: 17 days 19:27 hours
Hyper-V role detected

CPU: total 8 (initial active 8) (4 cores per cpu, 2 threads per core) family 6 model 165 stepping 2 microcode 0xea, cx8, cmov, fxsr, ht, mmx, 3dnowpref, sse, sse2, sse3, ssse3, sse4.1, sse4.2, popcnt, lzcnt, tsc, tscinvbit, avx, avx2, aes, erms, clmul, bmi1, bmi2, adx, fma, vzeroupper, clflush, clflushopt, hv, rdtscp, f16c

Memory: 4k page, system-wide physical 8023M (518M free)
TotalPageFile size 16215M (AvailPageFile size 0M)
current process WorkingSet (physical memory assigned to process): 64M, peak: 276M
current process commit charge ("private bytes"): 292M, peak: 314M

vm_info: Java HotSpot(TM) 64-Bit Server VM (20+36-2344) for windows-amd64 JRE (20+36-2344), built on 2023-02-10T19:30:15Z by "mach5one" with MS VC++ 17.1 (VS2022)

END.
