#
# There is insufficient memory for the Java Runtime Environment to continue.
# Native memory allocation (malloc) failed to allocate 423648 bytes for Chunk::new
# Possible reasons:
#   The system is out of physical RAM or swap space
#   The process is running with CompressedOops enabled, and the Java Heap may be blocking the growth of the native heap
# Possible solutions:
#   Reduce memory load on the system
#   Increase physical memory or swap space
#   Check if swap backing store is full
#   Decrease Java heap size (-Xmx/-Xms)
#   Decrease number of Java threads
#   Decrease Java thread stack sizes (-Xss)
#   Set larger code cache with -XX:ReservedCodeCacheSize=
#   JVM is running with Unscaled Compressed Oops mode in which the Java heap is
#     placed in the first 4GB address space. The Java Heap base address is the
#     maximum limit for the native heap growth. Please use -XX:HeapBaseMinAddress
#     to set the Java Heap base and to place the Java Heap above 4GB virtual address.
# This output file may be truncated or incomplete.
#
#  Out of Memory Error (arena.cpp:184), pid=21180, tid=9616
#
# JRE version: Java(TM) SE Runtime Environment (20.0+36) (build 20+36-2344)
# Java VM: Java HotSpot(TM) 64-Bit Server VM (20+36-2344, mixed mode, sharing, tiered, compressed oops, compressed class ptrs, g1 gc, windows-amd64)
# No core dump will be written. Minidumps are not enabled by default on client versions of Windows
#

---------------  S U M M A R Y ------------

Command Line: -javaagent:C:\Program Files\JetBrains\IntelliJ IDEA Community Edition 2022.2.3\lib\idea_rt.jar=60715:C:\Program Files\JetBrains\IntelliJ IDEA Community Edition 2022.2.3\bin -Dfile.encoding=UTF-8 -Dsun.stdout.encoding=UTF-8 -Dsun.stderr.encoding=UTF-8 com.anas.service_registry.ServiceRegistryApplication

Host: Intel(R) Core(TM) i5-10300H CPU @ 2.50GHz, 8 cores, 7G,  Windows 11 , 64 bit Build 22621 (10.0.22621.4000)
Time: Fri Sep 27 03:16:46 2024 India Standard Time elapsed time: 21.758490 seconds (0d 0h 0m 21s)

---------------  T H R E A D  ---------------

Current thread (0x000002192eb86860):  JavaThread "C2 CompilerThread1" daemon [_thread_in_native, id=9616, stack(0x000000b702d00000,0x000000b702e00000)]


Current CompileTask:
C2:  21758 6175       4       java.lang.Class::getMethodsRecursive (99 bytes)

Stack: [0x000000b702d00000,0x000000b702e00000]
Native frames: (J=compiled Java code, j=interpreted, Vv=VM code, C=native code)
V  [jvm.dll+0x6bb95a]
V  [jvm.dll+0x8483aa]
V  [jvm.dll+0x849fa5]
V  [jvm.dll+0x84a6a3]
V  [jvm.dll+0x280b0f]
V  [jvm.dll+0xc2b11]
V  [jvm.dll+0xc2e35]
V  [jvm.dll+0x3bb17c]
V  [jvm.dll+0x3857f5]
V  [jvm.dll+0x384c6a]
V  [jvm.dll+0x24b259]
V  [jvm.dll+0x24a651]
V  [jvm.dll+0x1ce491]
V  [jvm.dll+0x259e1b]
V  [jvm.dll+0x2584f0]
V  [jvm.dll+0x3f2895]
V  [jvm.dll+0x7f4906]
V  [jvm.dll+0x6ba5cb]
C  [ucrtbase.dll+0x29333]
C  [KERNEL32.DLL+0x1257d]
C  [ntdll.dll+0x5af28]


---------------  P R O C E S S  ---------------

Threads class SMR info:
_java_thread_list=0x000002192f0fb830, length=37, elements={
0x0000021927efc5e0, 0x0000021927efd1c0, 0x0000021927f007a0, 0x0000021927f012e0,
0x0000021927f01c20, 0x0000021927f0acf0, 0x0000021927f0d4b0, 0x0000021927f15e40,
0x0000021927ecc130, 0x000002192c66b440, 0x000002192c66b990, 0x000002192d7585e0,
0x000002192d759b20, 0x000002192d759080, 0x000002192d75b060, 0x000002192f6e2590,
0x000002192f6e2040, 0x000002192f6e0060, 0x000002192f6e3580, 0x000002192f6e6ff0,
0x000002192f6e3ad0, 0x000002192f6e4020, 0x000002192f6e05b0, 0x000002192f6e0b00,
0x000002192f6e4570, 0x000002192f6e5010, 0x000002192f6e6000, 0x000002192f6e1050,
0x000002192f6e4ac0, 0x000002192f6e5560, 0x000002192f6e5ab0, 0x000002192f6e6550,
0x000002192f6e2ae0, 0x000002192f6e6aa0, 0x000002192f6e15a0, 0x000002192f6e7540,
0x000002192eb86860
}

Java Threads: ( => current thread )
  0x0000021927efc5e0 JavaThread "Reference Handler" daemon [_thread_blocked, id=4888, stack(0x000000b702400000,0x000000b702500000)]
  0x0000021927efd1c0 JavaThread "Finalizer" daemon [_thread_blocked, id=9124, stack(0x000000b702500000,0x000000b702600000)]
  0x0000021927f007a0 JavaThread "Signal Dispatcher" daemon [_thread_blocked, id=16464, stack(0x000000b702600000,0x000000b702700000)]
  0x0000021927f012e0 JavaThread "Attach Listener" daemon [_thread_blocked, id=17668, stack(0x000000b702700000,0x000000b702800000)]
  0x0000021927f01c20 JavaThread "Service Thread" daemon [_thread_blocked, id=19900, stack(0x000000b702800000,0x000000b702900000)]
  0x0000021927f0acf0 JavaThread "Monitor Deflation Thread" daemon [_thread_blocked, id=17008, stack(0x000000b702900000,0x000000b702a00000)]
  0x0000021927f0d4b0 JavaThread "C2 CompilerThread0" daemon [_thread_in_native, id=22580, stack(0x000000b702a00000,0x000000b702b00000)]
  0x0000021927f15e40 JavaThread "C1 CompilerThread0" daemon [_thread_blocked, id=7772, stack(0x000000b702b00000,0x000000b702c00000)]
  0x0000021927ecc130 JavaThread "Common-Cleaner" daemon [_thread_blocked, id=17372, stack(0x000000b702c00000,0x000000b702d00000)]
  0x000002192c66b440 JavaThread "Monitor Ctrl-Break" daemon [_thread_in_native, id=3632, stack(0x000000b702e00000,0x000000b702f00000)]
  0x000002192c66b990 JavaThread "Notification Thread" daemon [_thread_blocked, id=14516, stack(0x000000b702f00000,0x000000b703000000)]
  0x000002192d7585e0 JavaThread "Catalina-utility-1" [_thread_blocked, id=9516, stack(0x000000b703900000,0x000000b703a00000)]
  0x000002192d759b20 JavaThread "Catalina-utility-2" [_thread_blocked, id=9776, stack(0x000000b703a00000,0x000000b703b00000)]
  0x000002192d759080 JavaThread "container-0" [_thread_blocked, id=14968, stack(0x000000b703b00000,0x000000b703c00000)]
  0x000002192d75b060 JavaThread "spring.cloud.inetutils" daemon [_thread_blocked, id=20436, stack(0x000000b703c00000,0x000000b703d00000)]
  0x000002192f6e2590 JavaThread "spectator-gauge-polling-0" daemon [_thread_blocked, id=17728, stack(0x000000b703d00000,0x000000b703e00000)]
  0x000002192f6e2040 JavaThread "Eureka-DeltaRetentionTimer" daemon [_thread_blocked, id=8920, stack(0x000000b703e00000,0x000000b703f00000)]
  0x000002192f6e0060 JavaThread "Eureka-EvictionTimer" daemon [_thread_blocked, id=21436, stack(0x000000b703f00000,0x000000b704000000)]
  0x000002192f6e3580 JavaThread "Eureka-MeasureRateTimer" daemon [_thread_blocked, id=15700, stack(0x000000b704000000,0x000000b704100000)]
  0x000002192f6e6ff0 JavaThread "ReplicaAwareInstanceRegistry - RenewalThresholdUpdater" daemon [_thread_blocked, id=18672, stack(0x000000b704100000,0x000000b704200000)]
  0x000002192f6e3ad0 JavaThread "Eureka-MeasureRateTimer" daemon [_thread_blocked, id=11632, stack(0x000000b704200000,0x000000b704300000)]
  0x000002192f6e4020 JavaThread "Eureka-PeerNodesUpdater" daemon [_thread_blocked, id=18900, stack(0x000000b704300000,0x000000b704400000)]
  0x000002192f6e05b0 JavaThread "Eureka-CacheFillTimer" daemon [_thread_blocked, id=7188, stack(0x000000b704400000,0x000000b704500000)]
  0x000002192f6e0b00 JavaThread "http-nio-8761-exec-1" daemon [_thread_blocked, id=6328, stack(0x000000b704600000,0x000000b704700000)]
  0x000002192f6e4570 JavaThread "http-nio-8761-exec-2" daemon [_thread_in_vm, id=21964, stack(0x000000b704700000,0x000000b704800000)]
  0x000002192f6e5010 JavaThread "http-nio-8761-exec-3" daemon [_thread_blocked, id=21616, stack(0x000000b704800000,0x000000b704900000)]
  0x000002192f6e6000 JavaThread "http-nio-8761-exec-4" daemon [_thread_blocked, id=16508, stack(0x000000b704900000,0x000000b704a00000)]
  0x000002192f6e1050 JavaThread "http-nio-8761-exec-5" daemon [_thread_in_Java, id=19204, stack(0x000000b704a00000,0x000000b704b00000)]
  0x000002192f6e4ac0 JavaThread "http-nio-8761-exec-6" daemon [_thread_blocked, id=7392, stack(0x000000b704b00000,0x000000b704c00000)]
  0x000002192f6e5560 JavaThread "http-nio-8761-exec-7" daemon [_thread_blocked, id=10976, stack(0x000000b704c00000,0x000000b704d00000)]
  0x000002192f6e5ab0 JavaThread "http-nio-8761-exec-8" daemon [_thread_blocked, id=24084, stack(0x000000b704d00000,0x000000b704e00000)]
  0x000002192f6e6550 JavaThread "http-nio-8761-exec-9" daemon [_thread_blocked, id=20212, stack(0x000000b704e00000,0x000000b704f00000)]
  0x000002192f6e2ae0 JavaThread "http-nio-8761-exec-10" daemon [_thread_blocked, id=17996, stack(0x000000b704f00000,0x000000b705000000)]
  0x000002192f6e6aa0 JavaThread "http-nio-8761-Poller" daemon [_thread_in_native, id=21020, stack(0x000000b704500000,0x000000b704600000)]
  0x000002192f6e15a0 JavaThread "http-nio-8761-Acceptor" daemon [_thread_in_native, id=20096, stack(0x000000b705000000,0x000000b705100000)]
  0x000002192f6e7540 JavaThread "DestroyJavaVM" [_thread_blocked, id=13336, stack(0x000000b701d00000,0x000000b701e00000)]
=>0x000002192eb86860 JavaThread "C2 CompilerThread1" daemon [_thread_in_native, id=9616, stack(0x000000b702d00000,0x000000b702e00000)]

Other Threads:
  0x0000021927ee17f0 VMThread "VM Thread" [stack: 0x000000b702300000,0x000000b702400000] [id=22532]
  0x000002192c4fed10 WatcherThread "VM Periodic Task Thread" [stack: 0x000000b703000000,0x000000b703100000] [id=14572]
  0x0000021909667100 WorkerThread "GC Thread#0" [stack: 0x000000b701e00000,0x000000b701f00000] [id=12480]
  0x000002192cc0c560 WorkerThread "GC Thread#1" [stack: 0x000000b703100000,0x000000b703200000] [id=13028]
  0x000002192cc0c290 WorkerThread "GC Thread#2" [stack: 0x000000b703200000,0x000000b703300000] [id=22632]
  0x000002192cc0cdd0 WorkerThread "GC Thread#3" [stack: 0x000000b703300000,0x000000b703400000] [id=16176]
  0x000002192cc0d0a0 WorkerThread "GC Thread#4" [stack: 0x000000b703400000,0x000000b703500000] [id=24212]
  0x000002192cc0d370 WorkerThread "GC Thread#5" [stack: 0x000000b703500000,0x000000b703600000] [id=15484]
  0x000002192cc0c830 WorkerThread "GC Thread#6" [stack: 0x000000b703700000,0x000000b703800000] [id=11752]
  0x000002192cc0bfc0 WorkerThread "GC Thread#7" [stack: 0x000000b703800000,0x000000b703900000] [id=13908]
  0x0000021909677c70 ConcurrentGCThread "G1 Main Marker" [stack: 0x000000b701f00000,0x000000b702000000] [id=7844]
  0x00000219096786a0 WorkerThread "G1 Conc#0" [stack: 0x000000b702000000,0x000000b702100000] [id=11048]
  0x000002192dbecdc0 WorkerThread "G1 Conc#1" [stack: 0x000000b703600000,0x000000b703700000] [id=9816]
  0x0000021927d9f5a0 ConcurrentGCThread "G1 Refine#0" [stack: 0x000000b702100000,0x000000b702200000] [id=13900]
  0x0000021927da1100 ConcurrentGCThread "G1 Service" [stack: 0x000000b702200000,0x000000b702300000] [id=23452]

Threads with active compile tasks:
C2 CompilerThread0    21784 6116       4       java.lang.invoke.MethodType::methodType (69 bytes)
C1 CompilerThread0    21784 6222       3       sun.reflect.generics.repository.ClassRepository::computeSuperInterfaces (62 bytes)
C2 CompilerThread1    21784 6175       4       java.lang.Class::getMethodsRecursive (99 bytes)

VM state: not at safepoint (normal execution)

VM Mutex/Monitor currently owned by a thread: None

Heap address: 0x0000000082a00000, size: 2006 MB, Compressed Oops mode: 32-bit

CDS archive(s) mapped at: [0x0000000800000000-0x0000000800c60000-0x0000000800c60000), size 12976128, SharedBaseAddress: 0x0000000800000000, ArchiveRelocationMode: 0.
Compressed class space mapped at: 0x0000000801000000-0x0000000841000000, reserved size: 1073741824
Narrow klass base: 0x0000000800000000, Narrow klass shift: 0, Narrow klass range: 0x100000000

GC Precious Log:
 CardTable entry size: 512
 Card Set container configuration: InlinePtr #cards 5 size 8 Array Of Cards #cards 12 size 40 Howl #buckets 4 coarsen threshold 1843 Howl Bitmap #cards 512 size 80 coarsen threshold 460 Card regions per heap region 1 cards per card region 2048
 CPUs: 8 total, 8 available
 Memory: 8023M
 Large Page Support: Disabled
 NUMA Support: Disabled
 Compressed Oops: Enabled (32-bit)
 Heap Region Size: 1M
 Heap Min Capacity: 8M
 Heap Initial Capacity: 126M
 Heap Max Capacity: 2006M
 Pre-touch: Disabled
 Parallel Workers: 8
 Concurrent Workers: 2
 Concurrent Refinement Workers: 8
 Periodic GC: Disabled

Heap:
 garbage-first heap   total 66560K, used 49770K [0x0000000082a00000, 0x0000000100000000)
  region size 1024K, 22 young (22528K), 3 survivors (3072K)
 Metaspace       used 53356K, committed 54144K, reserved 1114112K
  class space    used 7017K, committed 7360K, reserved 1048576K

Heap Regions: E=young(eden), S=young(survivor), O=old, HS=humongous(starts), HC=humongous(continues), CS=collection set, F=free, OA=open archive, CA=closed archive, TAMS=top-at-mark-start, PB=parsable bottom
|   0|0x0000000082a00000, 0x0000000082b00000, 0x0000000082b00000|100%|HS|  |TAMS 0x0000000082a00000| PB 0x0000000082a00000| Complete 
|   1|0x0000000082b00000, 0x0000000082c00000, 0x0000000082c00000|100%| O|  |TAMS 0x0000000082b00000| PB 0x0000000082b00000| Untracked 
|   2|0x0000000082c00000, 0x0000000082d00000, 0x0000000082d00000|100%| O|  |TAMS 0x0000000082c00000| PB 0x0000000082c00000| Untracked 
|   3|0x0000000082d00000, 0x0000000082e00000, 0x0000000082e00000|100%| O|  |TAMS 0x0000000082d00000| PB 0x0000000082d00000| Untracked 
|   4|0x0000000082e00000, 0x0000000082f00000, 0x0000000082f00000|100%| O|  |TAMS 0x0000000082e00000| PB 0x0000000082e00000| Untracked 
|   5|0x0000000082f00000, 0x0000000083000000, 0x0000000083000000|100%| O|  |TAMS 0x0000000082f00000| PB 0x0000000082f00000| Untracked 
|   6|0x0000000083000000, 0x0000000083100000, 0x0000000083100000|100%| O|  |TAMS 0x0000000083000000| PB 0x0000000083000000| Untracked 
|   7|0x0000000083100000, 0x00000000831f6e00, 0x0000000083200000| 96%| O|  |TAMS 0x0000000083100000| PB 0x0000000083100000| Untracked 
|   8|0x0000000083200000, 0x0000000083300000, 0x0000000083300000|100%| O|  |TAMS 0x0000000083200000| PB 0x0000000083200000| Untracked 
|   9|0x0000000083300000, 0x0000000083400000, 0x0000000083400000|100%| O|  |TAMS 0x0000000083300000| PB 0x0000000083300000| Untracked 
|  10|0x0000000083400000, 0x0000000083500000, 0x0000000083500000|100%| O|  |TAMS 0x0000000083400000| PB 0x0000000083400000| Untracked 
|  11|0x0000000083500000, 0x0000000083600000, 0x0000000083600000|100%| O|  |TAMS 0x0000000083500000| PB 0x0000000083500000| Untracked 
|  12|0x0000000083600000, 0x0000000083700000, 0x0000000083700000|100%| O|  |TAMS 0x0000000083600000| PB 0x0000000083600000| Untracked 
|  13|0x0000000083700000, 0x0000000083800000, 0x0000000083800000|100%| O|  |TAMS 0x0000000083700000| PB 0x0000000083700000| Untracked 
|  14|0x0000000083800000, 0x0000000083900000, 0x0000000083900000|100%| O|  |TAMS 0x0000000083800000| PB 0x0000000083800000| Untracked 
|  15|0x0000000083900000, 0x0000000083a00000, 0x0000000083a00000|100%| O|  |TAMS 0x0000000083900000| PB 0x0000000083900000| Untracked 
|  16|0x0000000083a00000, 0x0000000083b00000, 0x0000000083b00000|100%| O|  |TAMS 0x0000000083a00000| PB 0x0000000083a00000| Untracked 
|  17|0x0000000083b00000, 0x0000000083c00000, 0x0000000083c00000|100%| O|  |TAMS 0x0000000083b00000| PB 0x0000000083b00000| Untracked 
|  18|0x0000000083c00000, 0x0000000083d00000, 0x0000000083d00000|100%| O|  |TAMS 0x0000000083c00000| PB 0x0000000083c00000| Untracked 
|  19|0x0000000083d00000, 0x0000000083e00000, 0x0000000083e00000|100%| O|  |TAMS 0x0000000083d00000| PB 0x0000000083d00000| Untracked 
|  20|0x0000000083e00000, 0x0000000083f00000, 0x0000000083f00000|100%| O|  |TAMS 0x0000000083e00000| PB 0x0000000083e00000| Untracked 
|  21|0x0000000083f00000, 0x0000000084000000, 0x0000000084000000|100%| O|  |TAMS 0x0000000083f00000| PB 0x0000000083f00000| Untracked 
|  22|0x0000000084000000, 0x0000000084100000, 0x0000000084100000|100%| O|  |TAMS 0x0000000084000000| PB 0x0000000084000000| Untracked 
|  23|0x0000000084100000, 0x0000000084200000, 0x0000000084200000|100%| O|  |TAMS 0x0000000084100000| PB 0x0000000084100000| Untracked 
|  24|0x0000000084200000, 0x0000000084300000, 0x0000000084300000|100%| O|  |TAMS 0x0000000084200000| PB 0x0000000084200000| Untracked 
|  25|0x0000000084300000, 0x0000000084400000, 0x0000000084400000|100%| O|  |TAMS 0x0000000084300000| PB 0x0000000084300000| Untracked 
|  26|0x0000000084400000, 0x000000008446c600, 0x0000000084500000| 42%| O|  |TAMS 0x0000000084400000| PB 0x0000000084400000| Untracked 
|  27|0x0000000084500000, 0x0000000084500000, 0x0000000084600000|  0%| F|  |TAMS 0x0000000084500000| PB 0x0000000084500000| Untracked 
|  28|0x0000000084600000, 0x0000000084600000, 0x0000000084700000|  0%| F|  |TAMS 0x0000000084600000| PB 0x0000000084600000| Untracked 
|  29|0x0000000084700000, 0x0000000084700000, 0x0000000084800000|  0%| F|  |TAMS 0x0000000084700000| PB 0x0000000084700000| Untracked 
|  30|0x0000000084800000, 0x0000000084900000, 0x0000000084900000|100%| O|  |TAMS 0x0000000084800000| PB 0x0000000084800000| Untracked 
|  31|0x0000000084900000, 0x0000000084a00000, 0x0000000084a00000|100%| O|  |TAMS 0x0000000084900000| PB 0x0000000084900000| Untracked 
|  32|0x0000000084a00000, 0x0000000084b00000, 0x0000000084b00000|100%| O|  |TAMS 0x0000000084a00000| PB 0x0000000084a00000| Untracked 
|  33|0x0000000084b00000, 0x0000000084b00000, 0x0000000084c00000|  0%| F|  |TAMS 0x0000000084b00000| PB 0x0000000084b00000| Untracked 
|  34|0x0000000084c00000, 0x0000000084c37530, 0x0000000084d00000| 21%| S|CS|TAMS 0x0000000084c00000| PB 0x0000000084c00000| Complete 
|  35|0x0000000084d00000, 0x0000000084d00000, 0x0000000084e00000|  0%| F|  |TAMS 0x0000000084d00000| PB 0x0000000084d00000| Untracked 
|  36|0x0000000084e00000, 0x0000000084e00000, 0x0000000084f00000|  0%| F|  |TAMS 0x0000000084e00000| PB 0x0000000084e00000| Untracked 
|  37|0x0000000084f00000, 0x0000000084f00000, 0x0000000085000000|  0%| F|  |TAMS 0x0000000084f00000| PB 0x0000000084f00000| Untracked 
|  38|0x0000000085000000, 0x0000000085100000, 0x0000000085100000|100%| S|CS|TAMS 0x0000000085000000| PB 0x0000000085000000| Complete 
|  39|0x0000000085100000, 0x0000000085200000, 0x0000000085200000|100%| S|CS|TAMS 0x0000000085100000| PB 0x0000000085100000| Complete 
|  40|0x0000000085200000, 0x0000000085200000, 0x0000000085300000|  0%| F|  |TAMS 0x0000000085200000| PB 0x0000000085200000| Untracked 
|  41|0x0000000085300000, 0x0000000085300000, 0x0000000085400000|  0%| F|  |TAMS 0x0000000085300000| PB 0x0000000085300000| Untracked 
|  42|0x0000000085400000, 0x0000000085400000, 0x0000000085500000|  0%| F|  |TAMS 0x0000000085400000| PB 0x0000000085400000| Untracked 
|  43|0x0000000085500000, 0x0000000085500000, 0x0000000085600000|  0%| F|  |TAMS 0x0000000085500000| PB 0x0000000085500000| Untracked 
|  44|0x0000000085600000, 0x0000000085600000, 0x0000000085700000|  0%| F|  |TAMS 0x0000000085600000| PB 0x0000000085600000| Untracked 
|  45|0x0000000085700000, 0x0000000085700000, 0x0000000085800000|  0%| F|  |TAMS 0x0000000085700000| PB 0x0000000085700000| Untracked 
|  46|0x0000000085800000, 0x00000000858527c8, 0x0000000085900000| 32%| E|  |TAMS 0x0000000085800000| PB 0x0000000085800000| Complete 
|  47|0x0000000085900000, 0x0000000085a00000, 0x0000000085a00000|100%| E|CS|TAMS 0x0000000085900000| PB 0x0000000085900000| Complete 
|  48|0x0000000085a00000, 0x0000000085b00000, 0x0000000085b00000|100%| E|CS|TAMS 0x0000000085a00000| PB 0x0000000085a00000| Complete 
|  49|0x0000000085b00000, 0x0000000085c00000, 0x0000000085c00000|100%| E|CS|TAMS 0x0000000085b00000| PB 0x0000000085b00000| Complete 
|  50|0x0000000085c00000, 0x0000000085d00000, 0x0000000085d00000|100%| E|CS|TAMS 0x0000000085c00000| PB 0x0000000085c00000| Complete 
|  51|0x0000000085d00000, 0x0000000085e00000, 0x0000000085e00000|100%| E|CS|TAMS 0x0000000085d00000| PB 0x0000000085d00000| Complete 
|  52|0x0000000085e00000, 0x0000000085f00000, 0x0000000085f00000|100%| E|CS|TAMS 0x0000000085e00000| PB 0x0000000085e00000| Complete 
|  53|0x0000000085f00000, 0x0000000086000000, 0x0000000086000000|100%| E|CS|TAMS 0x0000000085f00000| PB 0x0000000085f00000| Complete 
|  54|0x0000000086000000, 0x0000000086100000, 0x0000000086100000|100%| E|CS|TAMS 0x0000000086000000| PB 0x0000000086000000| Complete 
|  55|0x0000000086100000, 0x0000000086200000, 0x0000000086200000|100%| E|  |TAMS 0x0000000086100000| PB 0x0000000086100000| Complete 
|  56|0x0000000086200000, 0x0000000086300000, 0x0000000086300000|100%| E|CS|TAMS 0x0000000086200000| PB 0x0000000086200000| Complete 
|  63|0x0000000086900000, 0x0000000086a00000, 0x0000000086a00000|100%| E|CS|TAMS 0x0000000086900000| PB 0x0000000086900000| Complete 
|  64|0x0000000086a00000, 0x0000000086b00000, 0x0000000086b00000|100%| E|CS|TAMS 0x0000000086a00000| PB 0x0000000086a00000| Complete 
|  65|0x0000000086b00000, 0x0000000086c00000, 0x0000000086c00000|100%| E|CS|TAMS 0x0000000086b00000| PB 0x0000000086b00000| Complete 
|  66|0x0000000086c00000, 0x0000000086d00000, 0x0000000086d00000|100%| E|CS|TAMS 0x0000000086c00000| PB 0x0000000086c00000| Complete 
|  67|0x0000000086d00000, 0x0000000086e00000, 0x0000000086e00000|100%| E|CS|TAMS 0x0000000086d00000| PB 0x0000000086d00000| Complete 
|  68|0x0000000086e00000, 0x0000000086f00000, 0x0000000086f00000|100%| E|CS|TAMS 0x0000000086e00000| PB 0x0000000086e00000| Complete 
|  69|0x0000000086f00000, 0x0000000087000000, 0x0000000087000000|100%| E|CS|TAMS 0x0000000086f00000| PB 0x0000000086f00000| Complete 
| 125|0x000000008a700000, 0x000000008a800000, 0x000000008a800000|100%| E|CS|TAMS 0x000000008a700000| PB 0x000000008a700000| Complete 

Card table byte_map: [0x0000021922cf0000,0x00000219230e0000] _byte_map_base: 0x00000219228db000

Marking Bits: (CMBitMap*) 0x0000021909667730
 Bits: [0x00000219234d0000, 0x0000021925428000)

Polling page: 0x00000219096b0000

Metaspace:

Usage:
  Non-class:     45.28 MB used.
      Class:      6.86 MB used.
       Both:     52.14 MB used.

Virtual space:
  Non-class space:       64.00 MB reserved,      45.69 MB ( 71%) committed,  1 nodes.
      Class space:        1.00 GB reserved,       7.19 MB ( <1%) committed,  1 nodes.
             Both:        1.06 GB reserved,      52.88 MB (  5%) committed. 

Chunk freelists:
   Non-Class:  2.20 MB
       Class:  784.00 KB
        Both:  2.97 MB

MaxMetaspaceSize: unlimited
CompressedClassSpaceSize: 1.00 GB
Initial GC threshold: 21.00 MB
Current GC threshold: 59.06 MB
CDS: on
MetaspaceReclaimPolicy: balanced
 - commit_granule_bytes: 65536.
 - commit_granule_words: 8192.
 - virtual_space_node_default_size: 8388608.
 - enlarge_chunks_in_place: 1.
 - new_chunks_are_fully_committed: 0.
 - uncommit_free_chunks: 1.
 - use_allocation_guard: 0.


Internal statistics:

num_allocs_failed_limit: 6.
num_arena_births: 1084.
num_arena_deaths: 0.
num_vsnodes_births: 2.
num_vsnodes_deaths: 0.
num_space_committed: 846.
num_space_uncommitted: 0.
num_chunks_returned_to_freelist: 6.
num_chunks_taken_from_freelist: 3060.
num_chunk_merges: 6.
num_chunk_splits: 2069.
num_chunks_enlarged: 1487.
num_inconsistent_stats: 0.

CodeHeap 'non-profiled nmethods': size=120000Kb used=3573Kb max_used=3573Kb free=116426Kb
 bounds [0x000002191a970000, 0x000002191acf0000, 0x0000021921ea0000]
CodeHeap 'profiled nmethods': size=120000Kb used=12650Kb max_used=12650Kb free=107349Kb
 bounds [0x0000021912ea0000, 0x0000021913b00000, 0x000002191a3d0000]
CodeHeap 'non-nmethods': size=5760Kb used=1643Kb max_used=1697Kb free=4116Kb
 bounds [0x000002191a3d0000, 0x000002191a640000, 0x000002191a970000]
 total_blobs=6419 nmethods=5777 adapters=551
 compilation: enabled
              stopped_count=0, restarted_count=0
 full_count=0

Compilation events (20 events):
Event: 21.734 Thread 0x0000021927f15e40 6198       1       org.glassfish.jersey.model.internal.RankedProvider::getRank (5 bytes)
Event: 21.735 Thread 0x0000021927f15e40 nmethod 6198 0x000002191acec410 code [0x000002191acec580, 0x000002191acec648]
Event: 21.735 Thread 0x0000021927f15e40 6199       3       com.fasterxml.jackson.databind.cfg.MapperConfig::isEnabled (9 bytes)
Event: 21.735 Thread 0x0000021927f15e40 nmethod 6199 0x0000021913af5390 code [0x0000021913af5520, 0x0000021913af5700]
Event: 21.736 Thread 0x0000021927f15e40 6200       3       com.fasterxml.jackson.databind.MapperFeature::enabledIn (17 bytes)
Event: 21.736 Thread 0x0000021927f15e40 nmethod 6200 0x0000021913af5810 code [0x0000021913af59a0, 0x0000021913af5b10]
Event: 21.737 Thread 0x0000021927f15e40 6201       3       ch.qos.logback.classic.Logger::appendLoopOnAppenders (18 bytes)
Event: 21.737 Thread 0x0000021927f15e40 nmethod 6201 0x0000021913af5b90 code [0x0000021913af5d20, 0x0000021913af5ee0]
Event: 21.746 Thread 0x0000021927f15e40 6203       3       sun.reflect.generics.parser.SignatureParser::parseIdentifier (13 bytes)
Event: 21.746 Thread 0x0000021927f15e40 nmethod 6203 0x0000021913af5f90 code [0x0000021913af6140, 0x0000021913af6390]
Event: 21.751 Thread 0x0000021927f15e40 6204       1       com.fasterxml.jackson.databind.cfg.BaseSettings::getAnnotationIntrospector (5 bytes)
Event: 21.751 Thread 0x0000021927f15e40 nmethod 6204 0x000002191aceca10 code [0x000002191acecb80, 0x000002191acecc48]
Event: 21.752 Thread 0x0000021927f15e40 6205       1       com.netflix.discovery.converters.EurekaJacksonCodec$InstanceInfoDeserializer$InstanceInfoField::getElementName (5 bytes)
Event: 21.752 Thread 0x0000021927f15e40 nmethod 6205 0x000002191acecd10 code [0x000002191acece80, 0x000002191acecf48]
Event: 21.752 Thread 0x0000021927f15e40 6206       3       java.util.Arrays::hashCode (44 bytes)
Event: 21.752 Thread 0x0000021927f15e40 nmethod 6206 0x0000021913af6490 code [0x0000021913af6620, 0x0000021913af6840]
Event: 21.752 Thread 0x0000021927f15e40 6207       1       io.micrometer.common.ImmutableKeyValue::getKey (5 bytes)
Event: 21.753 Thread 0x0000021927f15e40 nmethod 6207 0x000002191aced010 code [0x000002191aced180, 0x000002191aced248]
Event: 21.753 Thread 0x0000021927f15e40 6208       3       io.micrometer.core.instrument.config.MeterFilter::map (2 bytes)
Event: 21.753 Thread 0x0000021927f15e40 nmethod 6208 0x0000021913af6910 code [0x0000021913af6aa0, 0x0000021913af6bb0]

GC Heap History (20 events):
Event: 0.791 GC heap before
{Heap before GC invocations=0 (full 0):
 garbage-first heap   total 129024K, used 24576K [0x0000000082a00000, 0x0000000100000000)
  region size 1024K, 23 young (23552K), 0 survivors (0K)
 Metaspace       used 5841K, committed 6080K, reserved 1114112K
  class space    used 655K, committed 768K, reserved 1048576K
}
Event: 0.796 GC heap after
{Heap after GC invocations=1 (full 0):
 garbage-first heap   total 129024K, used 8029K [0x0000000082a00000, 0x0000000100000000)
  region size 1024K, 3 young (3072K), 3 survivors (3072K)
 Metaspace       used 5841K, committed 6080K, reserved 1114112K
  class space    used 655K, committed 768K, reserved 1048576K
}
Event: 1.235 GC heap before
{Heap before GC invocations=1 (full 0):
 garbage-first heap   total 129024K, used 34653K [0x0000000082a00000, 0x0000000100000000)
  region size 1024K, 30 young (30720K), 3 survivors (3072K)
 Metaspace       used 12732K, committed 13056K, reserved 1114112K
  class space    used 1481K, committed 1600K, reserved 1048576K
}
Event: 1.242 GC heap after
{Heap after GC invocations=2 (full 0):
 garbage-first heap   total 129024K, used 11085K [0x0000000082a00000, 0x0000000100000000)
  region size 1024K, 3 young (3072K), 3 survivors (3072K)
 Metaspace       used 12732K, committed 13056K, reserved 1114112K
  class space    used 1481K, committed 1600K, reserved 1048576K
}
Event: 1.944 GC heap before
{Heap before GC invocations=2 (full 0):
 garbage-first heap   total 129024K, used 63309K [0x0000000082a00000, 0x0000000100000000)
  region size 1024K, 56 young (57344K), 3 survivors (3072K)
 Metaspace       used 21224K, committed 21504K, reserved 1114112K
  class space    used 2493K, committed 2624K, reserved 1048576K
}
Event: 1.951 GC heap after
{Heap after GC invocations=3 (full 0):
 garbage-first heap   total 129024K, used 14943K [0x0000000082a00000, 0x0000000100000000)
  region size 1024K, 7 young (7168K), 7 survivors (7168K)
 Metaspace       used 21224K, committed 21504K, reserved 1114112K
  class space    used 2493K, committed 2624K, reserved 1048576K
}
Event: 2.582 GC heap before
{Heap before GC invocations=4 (full 0):
 garbage-first heap   total 55296K, used 40543K [0x0000000082a00000, 0x0000000100000000)
  region size 1024K, 32 young (32768K), 7 survivors (7168K)
 Metaspace       used 25044K, committed 25536K, reserved 1114112K
  class space    used 3028K, committed 3264K, reserved 1048576K
}
Event: 2.593 GC heap after
{Heap after GC invocations=5 (full 0):
 garbage-first heap   total 55296K, used 17998K [0x0000000082a00000, 0x0000000100000000)
  region size 1024K, 3 young (3072K), 3 survivors (3072K)
 Metaspace       used 25044K, committed 25536K, reserved 1114112K
  class space    used 3028K, committed 3264K, reserved 1048576K
}
Event: 3.155 GC heap before
{Heap before GC invocations=5 (full 0):
 garbage-first heap   total 55296K, used 43598K [0x0000000082a00000, 0x0000000100000000)
  region size 1024K, 27 young (27648K), 3 survivors (3072K)
 Metaspace       used 29992K, committed 30592K, reserved 1114112K
  class space    used 3692K, committed 3968K, reserved 1048576K
}
Event: 3.166 GC heap after
{Heap after GC invocations=6 (full 0):
 garbage-first heap   total 55296K, used 19721K [0x0000000082a00000, 0x0000000100000000)
  region size 1024K, 3 young (3072K), 3 survivors (3072K)
 Metaspace       used 29992K, committed 30592K, reserved 1114112K
  class space    used 3692K, committed 3968K, reserved 1048576K
}
Event: 3.351 GC heap before
{Heap before GC invocations=6 (full 0):
 garbage-first heap   total 55296K, used 43273K [0x0000000082a00000, 0x0000000100000000)
  region size 1024K, 26 young (26624K), 3 survivors (3072K)
 Metaspace       used 31090K, committed 31616K, reserved 1114112K
  class space    used 3844K, committed 4096K, reserved 1048576K
}
Event: 3.356 GC heap after
{Heap after GC invocations=7 (full 0):
 garbage-first heap   total 55296K, used 21003K [0x0000000082a00000, 0x0000000100000000)
  region size 1024K, 2 young (2048K), 2 survivors (2048K)
 Metaspace       used 31090K, committed 31616K, reserved 1114112K
  class space    used 3844K, committed 4096K, reserved 1048576K
}
Event: 3.668 GC heap before
{Heap before GC invocations=7 (full 0):
 garbage-first heap   total 55296K, used 40459K [0x0000000082a00000, 0x0000000100000000)
  region size 1024K, 22 young (22528K), 2 survivors (2048K)
 Metaspace       used 35586K, committed 36096K, reserved 1114112K
  class space    used 4516K, committed 4736K, reserved 1048576K
}
Event: 3.673 GC heap after
{Heap after GC invocations=8 (full 0):
 garbage-first heap   total 66560K, used 22173K [0x0000000082a00000, 0x0000000100000000)
  region size 1024K, 3 young (3072K), 3 survivors (3072K)
 Metaspace       used 35586K, committed 36096K, reserved 1114112K
  class space    used 4516K, committed 4736K, reserved 1048576K
}
Event: 4.071 GC heap before
{Heap before GC invocations=9 (full 0):
 garbage-first heap   total 66560K, used 53917K [0x0000000082a00000, 0x0000000100000000)
  region size 1024K, 35 young (35840K), 3 survivors (3072K)
 Metaspace       used 39566K, committed 40192K, reserved 1114112K
  class space    used 5038K, committed 5312K, reserved 1048576K
}
Event: 4.081 GC heap after
{Heap after GC invocations=10 (full 0):
 garbage-first heap   total 66560K, used 27416K [0x0000000082a00000, 0x0000000100000000)
  region size 1024K, 5 young (5120K), 5 survivors (5120K)
 Metaspace       used 39566K, committed 40192K, reserved 1114112K
  class space    used 5038K, committed 5312K, reserved 1048576K
}
Event: 4.618 GC heap before
{Heap before GC invocations=10 (full 0):
 garbage-first heap   total 66560K, used 55064K [0x0000000082a00000, 0x0000000100000000)
  region size 1024K, 32 young (32768K), 5 survivors (5120K)
 Metaspace       used 43750K, committed 44352K, reserved 1114112K
  class space    used 5726K, committed 6016K, reserved 1048576K
}
Event: 4.624 GC heap after
{Heap after GC invocations=11 (full 0):
 garbage-first heap   total 66560K, used 30064K [0x0000000082a00000, 0x0000000100000000)
  region size 1024K, 3 young (3072K), 3 survivors (3072K)
 Metaspace       used 43750K, committed 44352K, reserved 1114112K
  class space    used 5726K, committed 6016K, reserved 1048576K
}
Event: 5.130 GC heap before
{Heap before GC invocations=11 (full 0):
 garbage-first heap   total 66560K, used 55664K [0x0000000082a00000, 0x0000000100000000)
  region size 1024K, 28 young (28672K), 3 survivors (3072K)
 Metaspace       used 48192K, committed 48960K, reserved 1114112K
  class space    used 6376K, committed 6720K, reserved 1048576K
}
Event: 5.133 GC heap after
{Heap after GC invocations=12 (full 0):
 garbage-first heap   total 66560K, used 32362K [0x0000000082a00000, 0x0000000100000000)
  region size 1024K, 3 young (3072K), 3 survivors (3072K)
 Metaspace       used 48192K, committed 48960K, reserved 1114112K
  class space    used 6376K, committed 6720K, reserved 1048576K
}

Dll operation events (14 events):
Event: 0.011 Loaded shared library C:\Program Files\Java\jdk-20\bin\java.dll
Event: 0.020 Loaded shared library C:\Program Files\Java\jdk-20\bin\jsvml.dll
Event: 0.157 Loaded shared library C:\Program Files\Java\jdk-20\bin\zip.dll
Event: 0.160 Loaded shared library C:\Program Files\Java\jdk-20\bin\instrument.dll
Event: 0.166 Loaded shared library C:\Program Files\Java\jdk-20\bin\net.dll
Event: 0.167 Loaded shared library C:\Program Files\Java\jdk-20\bin\nio.dll
Event: 0.171 Loaded shared library C:\Program Files\Java\jdk-20\bin\zip.dll
Event: 0.376 Loaded shared library C:\Program Files\JetBrains\IntelliJ IDEA Community Edition 2022.2.3\bin\breakgen64.dll
Event: 0.383 Loaded shared library C:\Program Files\Java\jdk-20\bin\extnet.dll
Event: 0.417 Loaded shared library C:\Program Files\Java\jdk-20\bin\jimage.dll
Event: 1.447 Loaded shared library C:\Program Files\Java\jdk-20\bin\sunmscapi.dll
Event: 2.928 Loaded shared library C:\Program Files\Java\jdk-20\bin\management.dll
Event: 2.930 Loaded shared library C:\Program Files\Java\jdk-20\bin\management_ext.dll
Event: 3.070 Loaded shared library C:\Program Files\Java\jdk-20\bin\verify.dll

Deoptimization events (20 events):
Event: 21.689 Thread 0x000002192f6e1050 Uncommon trap: reason=unstable_if action=reinterpret pc=0x000002191ac7dcd4 method=java.util.regex.Pattern$BmpCharProperty.match(Ljava/util/regex/Matcher;ILjava/lang/CharSequence;)Z @ 39 c2
Event: 21.689 Thread 0x000002192f6e0b00 Uncommon trap: reason=unstable_if action=reinterpret pc=0x000002191ac7dcd4 method=java.util.regex.Pattern$BmpCharProperty.match(Ljava/util/regex/Matcher;ILjava/lang/CharSequence;)Z @ 39 c2
Event: 21.689 Thread 0x000002192f6e1050 DEOPT PACKING pc=0x000002191ac7dcd4 sp=0x000000b704afcee0
Event: 21.689 Thread 0x000002192f6e0b00 DEOPT PACKING pc=0x000002191ac7dcd4 sp=0x000000b7046fd390
Event: 21.689 Thread 0x000002192f6e0b00 DEOPT UNPACKING pc=0x000002191a439d22 sp=0x000000b7046fd330 mode 2
Event: 21.689 Thread 0x000002192f6e1050 DEOPT UNPACKING pc=0x000002191a439d22 sp=0x000000b704afce80 mode 2
Event: 21.689 Thread 0x000002192f6e4570 DEOPT PACKING pc=0x000002191ac7dcd4 sp=0x000000b7047fd0a0
Event: 21.689 Thread 0x000002192f6e4570 DEOPT UNPACKING pc=0x000002191a439d22 sp=0x000000b7047fd040 mode 2
Event: 21.694 Thread 0x000002192f6e4570 Uncommon trap: trap_request=0xffffff45 fr.pc=0x000002191ac0c144 relative=0x0000000000000204
Event: 21.694 Thread 0x000002192f6e4570 Uncommon trap: reason=unstable_if action=reinterpret pc=0x000002191ac0c144 method=java.util.concurrent.ConcurrentHashMap.addCount(JI)V @ 34 c2
Event: 21.694 Thread 0x000002192f6e4570 DEOPT PACKING pc=0x000002191ac0c144 sp=0x000000b7047fb780
Event: 21.694 Thread 0x000002192f6e4570 DEOPT UNPACKING pc=0x000002191a439d22 sp=0x000000b7047fb6c0 mode 2
Event: 21.702 Thread 0x000002192f6e0b00 Uncommon trap: trap_request=0xffffff45 fr.pc=0x000002191ac4c670 relative=0x0000000000000070
Event: 21.702 Thread 0x000002192f6e0b00 Uncommon trap: reason=unstable_if action=reinterpret pc=0x000002191ac4c670 method=java.util.concurrent.ConcurrentHashMap.sumCount()J @ 11 c2
Event: 21.702 Thread 0x000002192f6e0b00 DEOPT PACKING pc=0x000002191ac4c670 sp=0x000000b7046fb680
Event: 21.702 Thread 0x000002192f6e0b00 DEOPT UNPACKING pc=0x000002191a439d22 sp=0x000000b7046fb5e8 mode 2
Event: 21.703 Thread 0x000002192f6e0b00 Uncommon trap: trap_request=0xffffff45 fr.pc=0x000002191abc69a4 relative=0x0000000000000124
Event: 21.703 Thread 0x000002192f6e0b00 Uncommon trap: reason=unstable_if action=reinterpret pc=0x000002191abc69a4 method=java.util.Arrays.hashCode([Ljava/lang/Object;)I @ 34 c2
Event: 21.703 Thread 0x000002192f6e0b00 DEOPT PACKING pc=0x000002191abc69a4 sp=0x000000b7046fd170
Event: 21.703 Thread 0x000002192f6e0b00 DEOPT UNPACKING pc=0x000002191a439d22 sp=0x000000b7046fd0e8 mode 2

Classes loaded (20 events):
Event: 21.628 Loading class java/util/concurrent/CompletableFuture$Completion
Event: 21.629 Loading class java/util/concurrent/CompletableFuture$AsynchronousCompletionTask
Event: 21.629 Loading class java/util/concurrent/CompletableFuture$AsynchronousCompletionTask done
Event: 21.630 Loading class java/util/concurrent/CompletableFuture$Completion done
Event: 21.640 Loading class java/io/PushbackInputStream
Event: 21.644 Loading class java/io/PushbackInputStream done
Event: 21.693 Loading class java/util/concurrent/locks/AbstractQueuedSynchronizer$SharedNode
Event: 21.693 Loading class java/util/concurrent/locks/AbstractQueuedSynchronizer$SharedNode done
Event: 21.704 Loading class java/util/concurrent/CancellationException
Event: 21.704 Loading class java/util/concurrent/CancellationException done
Event: 21.752 Loading class java/util/ArrayDeque$DescendingIterator
Event: 21.752 Loading class java/util/ArrayDeque$DescendingIterator done
Event: 21.752 Loading class java/util/zip/GZIPOutputStream
Event: 21.753 Loading class java/util/zip/DeflaterOutputStream
Event: 21.753 Loading class java/util/zip/DeflaterOutputStream done
Event: 21.753 Loading class java/util/zip/GZIPOutputStream done
Event: 21.753 Loading class java/util/zip/Deflater
Event: 21.753 Loading class java/util/zip/Deflater done
Event: 21.754 Loading class java/util/zip/Deflater$DeflaterZStreamRef
Event: 21.754 Loading class java/util/zip/Deflater$DeflaterZStreamRef done

Classes unloaded (0 events):
No events

Classes redefined (0 events):
No events

Internal exceptions (20 events):
Event: 4.400 Thread 0x0000021909606a20 Exception <a 'java/lang/NoSuchMethodError'{0x0000000085ac0a88}: 'int java.lang.invoke.DirectMethodHandle$Holder.invokeStatic(java.lang.Object)'> (0x0000000085ac0a88) 
thrown [s\open\src\hotspot\share\interpreter\linkResolver.cpp, line 773]
Event: 4.400 Thread 0x0000021909606a20 Exception <a 'java/lang/NoSuchMethodError'{0x0000000085ac3e90}: 'int java.lang.invoke.DirectMethodHandle$Holder.invokeStaticInit(java.lang.Object)'> (0x0000000085ac3e90) 
thrown [s\open\src\hotspot\share\interpreter\linkResolver.cpp, line 773]
Event: 4.426 Thread 0x0000021909606a20 Exception <a 'java/lang/NoSuchMethodError'{0x000000008586c7e0}: 'void java.lang.invoke.DirectMethodHandle$Holder.invokeVirtual(java.lang.Object, java.lang.Object, long)'> (0x000000008586c7e0) 
thrown [s\open\src\hotspot\share\interpreter\linkResolver.cpp, line 773]
Event: 4.476 Thread 0x0000021909606a20 Exception <a 'java/lang/NoSuchMethodError'{0x00000000855b2e08}: 'int java.lang.invoke.DirectMethodHandle$Holder.invokeStaticInit(java.lang.Object, java.lang.Object, java.lang.Object, java.lang.Object)'> (0x00000000855b2e08) 
thrown [s\open\src\hotspot\share\interpreter\linkResolver.cpp, line 773]
Event: 4.481 Thread 0x0000021909606a20 Implicit null exception at 0x000002191ab39b8f to 0x000002191ab3a122
Event: 4.513 Thread 0x0000021909606a20 Exception <a 'java/lang/NoSuchMethodError'{0x00000000853be410}: 'java.lang.Object java.lang.invoke.DirectMethodHandle$Holder.newInvokeSpecial(java.lang.Object, java.lang.Object, java.lang.Object, java.lang.Object, java.lang.Object, java.lang.Object, java.lang.Object, java.lang.Object, java.lang.Object)'> (0x00000000853be410) 
thrown [s\open\src\hotspot\share\interpreter\linkResolver.cpp, line 773]
Event: 4.641 Thread 0x0000021909606a20 Exception <a 'java/lang/NoSuchMethodError'{0x000000008a7a2478}: 'java.lang.Object java.lang.invoke.DirectMethodHandle$Holder.invokeVirtual(java.lang.Object, java.lang.Object, java.lang.Object, java.lang.Object, java.lang.Object, java.lang.Object, java.lang.Object)'> (0x000000008a7a2478) 
thrown [s\open\src\hotspot\share\interpreter\linkResolver.cpp, line 773]
Event: 4.727 Thread 0x0000021909606a20 Exception <a 'java/lang/NoSuchMethodError'{0x0000000086cf8820}: 'double java.lang.invoke.DirectMethodHandle$Holder.invokeStatic(java.lang.Object, java.lang.Object)'> (0x0000000086cf8820) 
thrown [s\open\src\hotspot\share\interpreter\linkResolver.cpp, line 773]
Event: 5.015 Thread 0x0000021909606a20 Exception <a 'java/lang/NoSuchMethodError'{0x000000008585aa48}: 'double java.lang.invoke.DirectMethodHandle$Holder.invokeVirtual(java.lang.Object, java.lang.Object)'> (0x000000008585aa48) 
thrown [s\open\src\hotspot\share\interpreter\linkResolver.cpp, line 773]
Event: 5.080 Thread 0x0000021909606a20 Exception <a 'java/lang/NoSuchMethodError'{0x00000000854633e8}: 'java.lang.Object java.lang.invoke.DirectMethodHandle$Holder.invokeVirtual(java.lang.Object, java.lang.Object, java.lang.Object, java.lang.Object, java.lang.Object, java.lang.Object, java.lang.Object, java.lang.Object, java.lang.Object)'> (0x00000000854633e8) 
thrown [s\open\src\hotspot\share\interpreter\linkResolver.cpp, line 773]
Event: 5.107 Thread 0x0000021909606a20 Exception <a 'java/lang/NoSuchMethodError'{0x000000008522ce90}: 'void java.lang.invoke.DirectMethodHandle$Holder.invokeStatic(java.lang.Object, java.lang.Object, double)'> (0x000000008522ce90) 
thrown [s\open\src\hotspot\share\interpreter\linkResolver.cpp, line 773]
Event: 5.119 Thread 0x0000021909606a20 Exception <a 'java/lang/NoSuchMethodError'{0x000000008528fde0}: 'double java.lang.invoke.DirectMethodHandle$Holder.invokeStatic(java.lang.Object, java.lang.Object, java.lang.Object)'> (0x000000008528fde0) 
thrown [s\open\src\hotspot\share\interpreter\linkResolver.cpp, line 773]
Event: 5.134 Thread 0x0000021909606a20 Exception <a 'java/lang/NoSuchMethodError'{0x000000008a7834b8}: 'java.lang.Object java.lang.invoke.DirectMethodHandle$Holder.newInvokeSpecial(java.lang.Object, java.lang.Object, int, java.lang.Object, java.lang.Object)'> (0x000000008a7834b8) 
thrown [s\open\src\hotspot\share\interpreter\linkResolver.cpp, line 773]
Event: 5.144 Thread 0x000002192c66b990 Exception <a 'java/lang/NoSuchMethodError'{0x000000008a71e8f8}: 'long java.lang.invoke.DirectMethodHandle$Holder.invokeStatic(java.lang.Object, java.lang.Object, java.lang.Object)'> (0x000000008a71e8f8) 
thrown [s\open\src\hotspot\share\interpreter\linkResolver.cpp, line 773]
Event: 5.304 Thread 0x0000021909606a20 Exception <a 'java/lang/IncompatibleClassChangeError'{0x0000000086dcf1d0}: Found class java.lang.Object, but interface was expected> (0x0000000086dcf1d0) 
thrown [s\open\src\hotspot\share\interpreter\linkResolver.cpp, line 840]
Event: 5.325 Thread 0x0000021909606a20 Implicit null exception at 0x000002191aaaf715 to 0x000002191aaaf9c0
Event: 21.530 Thread 0x000002192f6e0b00 Exception <a 'java/lang/NoSuchMethodError'{0x000000008610f500}: 'java.lang.Object java.lang.invoke.DirectMethodHandle$Holder.invokeSpecial(java.lang.Object, java.lang.Object, java.lang.Object, java.lang.Object, java.lang.Object, long)'> (0x000000008610f500) 
thrown [s\open\src\hotspot\share\interpreter\linkResolver.cpp, line 773]
Event: 21.530 Thread 0x000002192f6e0b00 Exception <a 'java/lang/NoSuchMethodError'{0x0000000086112cc0}: 'java.lang.Object java.lang.invoke.Invokers$Holder.linkToTargetMethod(java.lang.Object, java.lang.Object, java.lang.Object, long, java.lang.Object)'> (0x0000000086112cc0) 
thrown [s\open\src\hotspot\share\interpreter\linkResolver.cpp, line 773]
Event: 21.703 Thread 0x000002192f6e0b00 Implicit null exception at 0x000002191abc68e0 to 0x000002191abc6988
Event: 21.710 Thread 0x000002192f6e0b00 Exception <a 'java/lang/NoSuchMethodError'{0x0000000085ed5000}: 'java.lang.Object java.lang.invoke.DirectMethodHandle$Holder.invokeVirtual(java.lang.Object, java.lang.Object, java.lang.Object, java.lang.Object, java.lang.Object, java.lang.Object, java.lang.Object, java.lang.Object)'> (0x0000000085ed5000) 
thrown [s\open\src\hotspot\share\interpreter\linkResolver.cpp, line 773]

VM Operations (20 events):
Event: 4.618 Executing VM operation: G1CollectForAllocation
Event: 4.625 Executing VM operation: G1CollectForAllocation done
Event: 4.665 Executing VM operation: HandshakeAllThreads
Event: 4.665 Executing VM operation: HandshakeAllThreads done
Event: 5.074 Executing VM operation: ICBufferFull
Event: 5.075 Executing VM operation: ICBufferFull done
Event: 5.119 Executing VM operation: HandshakeAllThreads
Event: 5.119 Executing VM operation: HandshakeAllThreads done
Event: 5.122 Executing VM operation: HandshakeAllThreads
Event: 5.122 Executing VM operation: HandshakeAllThreads done
Event: 5.130 Executing VM operation: G1CollectForAllocation
Event: 5.133 Executing VM operation: G1CollectForAllocation done
Event: 6.134 Executing VM operation: Cleanup
Event: 6.134 Executing VM operation: Cleanup done
Event: 21.546 Executing VM operation: HandshakeAllThreads
Event: 21.546 Executing VM operation: HandshakeAllThreads done
Event: 21.546 Executing VM operation: Cleanup
Event: 21.547 Executing VM operation: Cleanup done
Event: 21.708 Executing VM operation: HandshakeAllThreads
Event: 21.708 Executing VM operation: HandshakeAllThreads done

Events (20 events):
Event: 5.064 Thread 0x000002192f6e4020 Thread added: 0x000002192f6e4020
Event: 5.067 Thread 0x000002192f6e05b0 Thread added: 0x000002192f6e05b0
Event: 5.143 Thread 0x000002192f6e7a90 Thread added: 0x000002192f6e7a90
Event: 5.151 Thread 0x000002192f6e0b00 Thread added: 0x000002192f6e0b00
Event: 5.151 Thread 0x000002192f6e4570 Thread added: 0x000002192f6e4570
Event: 5.151 Thread 0x000002192f6e5010 Thread added: 0x000002192f6e5010
Event: 5.151 Thread 0x000002192f6e6000 Thread added: 0x000002192f6e6000
Event: 5.151 Thread 0x000002192f6e1050 Thread added: 0x000002192f6e1050
Event: 5.151 Thread 0x000002192f6e4ac0 Thread added: 0x000002192f6e4ac0
Event: 5.151 Thread 0x000002192f6e5560 Thread added: 0x000002192f6e5560
Event: 5.152 Thread 0x000002192f6e5ab0 Thread added: 0x000002192f6e5ab0
Event: 5.152 Thread 0x000002192f6e6550 Thread added: 0x000002192f6e6550
Event: 5.152 Thread 0x000002192f6e2ae0 Thread added: 0x000002192f6e2ae0
Event: 5.159 Thread 0x000002192f6e7a90 Thread exited: 0x000002192f6e7a90
Event: 5.162 Thread 0x000002192f6e6aa0 Thread added: 0x000002192f6e6aa0
Event: 5.163 Thread 0x000002192f6e15a0 Thread added: 0x000002192f6e15a0
Event: 5.370 Thread 0x0000021909606a20 Thread exited: 0x0000021909606a20
Event: 5.370 Thread 0x000002192f6e7540 Thread added: 0x000002192f6e7540
Event: 10.451 Thread 0x000002192c291d80 Thread exited: 0x000002192c291d80
Event: 21.698 Thread 0x000002192eb86860 Thread added: 0x000002192eb86860


Dynamic libraries:
0x00007ff7ac260000 - 0x00007ff7ac270000 	C:\Program Files\Java\jdk-20\bin\java.exe
0x00007fffd1ed0000 - 0x00007fffd20e7000 	C:\WINDOWS\SYSTEM32\ntdll.dll
0x00007fffd0320000 - 0x00007fffd03e4000 	C:\WINDOWS\System32\KERNEL32.DLL
0x00007fffcf510000 - 0x00007fffcf8c7000 	C:\WINDOWS\System32\KERNELBASE.dll
0x00007fffcf8d0000 - 0x00007fffcf9e1000 	C:\WINDOWS\System32\ucrtbase.dll
0x00007fffca750000 - 0x00007fffca76b000 	C:\Program Files\Java\jdk-20\bin\VCRUNTIME140.dll
0x00007fffca7b0000 - 0x00007fffca7c9000 	C:\Program Files\Java\jdk-20\bin\jli.dll
0x00007fffd09a0000 - 0x00007fffd0a52000 	C:\WINDOWS\System32\ADVAPI32.dll
0x00007fffd07e0000 - 0x00007fffd0887000 	C:\WINDOWS\System32\msvcrt.dll
0x00007fffd03f0000 - 0x00007fffd0499000 	C:\WINDOWS\System32\sechost.dll
0x00007fffcf9f0000 - 0x00007fffcfa18000 	C:\WINDOWS\System32\bcrypt.dll
0x00007fffd04e0000 - 0x00007fffd05f4000 	C:\WINDOWS\System32\RPCRT4.dll
0x00007fffd0b40000 - 0x00007fffd0cef000 	C:\WINDOWS\System32\USER32.dll
0x00007fffcfb60000 - 0x00007fffcfb86000 	C:\WINDOWS\System32\win32u.dll
0x00007fffbb950000 - 0x00007fffbbbe3000 	C:\WINDOWS\WinSxS\amd64_microsoft.windows.common-controls_6595b64144ccf1df_6.0.22621.3646_none_27105dd3738543d4\COMCTL32.dll
0x00007fffd04b0000 - 0x00007fffd04d9000 	C:\WINDOWS\System32\GDI32.dll
0x00007fffcf280000 - 0x00007fffcf399000 	C:\WINDOWS\System32\gdi32full.dll
0x00007fffcf1e0000 - 0x00007fffcf27a000 	C:\WINDOWS\System32\msvcp_win.dll
0x00007fffcaf10000 - 0x00007fffcaf1a000 	C:\WINDOWS\SYSTEM32\VERSION.dll
0x00007fffcfc00000 - 0x00007fffcfc31000 	C:\WINDOWS\System32\IMM32.DLL
0x00007fffca7a0000 - 0x00007fffca7ac000 	C:\Program Files\Java\jdk-20\bin\vcruntime140_1.dll
0x00007fffa9ff0000 - 0x00007fffaa07e000 	C:\Program Files\Java\jdk-20\bin\msvcp140.dll
0x00007fff50370000 - 0x00007fff51007000 	C:\Program Files\Java\jdk-20\bin\server\jvm.dll
0x00007fffccd30000 - 0x00007fffccd39000 	C:\WINDOWS\SYSTEM32\WSOCK32.dll
0x00007fffca9c0000 - 0x00007fffca9f4000 	C:\WINDOWS\SYSTEM32\WINMM.dll
0x00007fffd0d80000 - 0x00007fffd0df1000 	C:\WINDOWS\System32\WS2_32.dll
0x00007fffce2e0000 - 0x00007fffce2f8000 	C:\WINDOWS\SYSTEM32\kernel.appcore.dll
0x00007fffc9090000 - 0x00007fffc909a000 	C:\Program Files\Java\jdk-20\bin\jimage.dll
0x00007fffccae0000 - 0x00007fffccd12000 	C:\WINDOWS\SYSTEM32\DBGHELP.DLL
0x00007fffd1670000 - 0x00007fffd19fe000 	C:\WINDOWS\System32\combase.dll
0x00007fffd0a60000 - 0x00007fffd0b37000 	C:\WINDOWS\System32\OLEAUT32.dll
0x00007fffb40b0000 - 0x00007fffb40e2000 	C:\WINDOWS\SYSTEM32\dbgcore.DLL
0x00007fffcfa20000 - 0x00007fffcfa9b000 	C:\WINDOWS\System32\bcryptPrimitives.dll
0x00007fffccdb0000 - 0x00007fffccdbe000 	C:\Program Files\Java\jdk-20\bin\instrument.dll
0x00007fffbdbb0000 - 0x00007fffbdbd6000 	C:\Program Files\Java\jdk-20\bin\java.dll
0x00007fff9e3c0000 - 0x00007fff9e497000 	C:\Program Files\Java\jdk-20\bin\jsvml.dll
0x00007fffd0e00000 - 0x00007fffd1669000 	C:\WINDOWS\System32\SHELL32.dll
0x00007fffcd110000 - 0x00007fffcda10000 	C:\WINDOWS\SYSTEM32\windows.storage.dll
0x00007fffccfd0000 - 0x00007fffcd10f000 	C:\WINDOWS\SYSTEM32\wintypes.dll
0x00007fffd0660000 - 0x00007fffd0759000 	C:\WINDOWS\System32\SHCORE.dll
0x00007fffd1bd0000 - 0x00007fffd1c2e000 	C:\WINDOWS\System32\shlwapi.dll
0x00007fffcf110000 - 0x00007fffcf136000 	C:\WINDOWS\SYSTEM32\profapi.dll
0x00007fffb0dc0000 - 0x00007fffb0dd8000 	C:\Program Files\Java\jdk-20\bin\zip.dll
0x00007fffbb330000 - 0x00007fffbb343000 	C:\Program Files\Java\jdk-20\bin\net.dll
0x00007fffcb0f0000 - 0x00007fffcb226000 	C:\WINDOWS\SYSTEM32\WINHTTP.dll
0x00007fffce750000 - 0x00007fffce7b9000 	C:\WINDOWS\system32\mswsock.dll
0x00007fffb0de0000 - 0x00007fffb0df6000 	C:\Program Files\Java\jdk-20\bin\nio.dll
0x00007fffbe010000 - 0x00007fffbe02a000 	C:\Program Files\JetBrains\IntelliJ IDEA Community Edition 2022.2.3\bin\breakgen64.dll
0x00007fffbdb40000 - 0x00007fffbdb47000 	C:\Program Files\Java\jdk-20\bin\extnet.dll
0x00007fffcdc70000 - 0x00007fffcdc9d000 	C:\WINDOWS\SYSTEM32\IPHLPAPI.DLL
0x00007fffd04a0000 - 0x00007fffd04a9000 	C:\WINDOWS\System32\NSI.dll
0x00007fffcb320000 - 0x00007fffcb339000 	C:\WINDOWS\SYSTEM32\dhcpcsvc6.DLL
0x00007fffcae40000 - 0x00007fffcae5f000 	C:\WINDOWS\SYSTEM32\dhcpcsvc.DLL
0x00007fffcdd30000 - 0x00007fffcde28000 	C:\WINDOWS\SYSTEM32\DNSAPI.dll
0x00007fffb94d0000 - 0x00007fffb94da000 	C:\Windows\System32\rasadhlp.dll
0x00007fffca810000 - 0x00007fffca893000 	C:\WINDOWS\System32\fwpuclnt.dll
0x00007fffb9360000 - 0x00007fffb936e000 	C:\Program Files\Java\jdk-20\bin\sunmscapi.dll
0x00007fffcf3a0000 - 0x00007fffcf507000 	C:\WINDOWS\System32\CRYPT32.dll
0x00007fffceb80000 - 0x00007fffcebae000 	C:\WINDOWS\SYSTEM32\ncrypt.dll
0x00007fffceb40000 - 0x00007fffceb77000 	C:\WINDOWS\SYSTEM32\NTASN1.dll
0x00007fffce9c0000 - 0x00007fffce9db000 	C:\WINDOWS\SYSTEM32\CRYPTSP.dll
0x00007fffce1c0000 - 0x00007fffce1f5000 	C:\WINDOWS\system32\rsaenh.dll
0x00007fffce820000 - 0x00007fffce848000 	C:\WINDOWS\SYSTEM32\USERENV.dll
0x00007fffce9e0000 - 0x00007fffce9ec000 	C:\WINDOWS\SYSTEM32\CRYPTBASE.dll
0x00007fffbb2a0000 - 0x00007fffbb2aa000 	C:\Program Files\Java\jdk-20\bin\management.dll
0x00007fffbb210000 - 0x00007fffbb21b000 	C:\Program Files\Java\jdk-20\bin\management_ext.dll
0x00007fffd1a00000 - 0x00007fffd1a08000 	C:\WINDOWS\System32\PSAPI.DLL
0x00007fffbdf70000 - 0x00007fffbdf80000 	C:\Program Files\Java\jdk-20\bin\verify.dll
0x00007fffb4800000 - 0x00007fffb4808000 	C:\WINDOWS\system32\wshunix.dll

dbghelp: loaded successfully - version: 4.0.5 - missing functions: none
symbol engine: initialized successfully - sym options: 0x614 - pdb path: .;C:\Program Files\Java\jdk-20\bin;C:\WINDOWS\SYSTEM32;C:\WINDOWS\WinSxS\amd64_microsoft.windows.common-controls_6595b64144ccf1df_6.0.22621.3646_none_27105dd3738543d4;C:\Program Files\Java\jdk-20\bin\server;C:\Program Files\JetBrains\IntelliJ IDEA Community Edition 2022.2.3\bin

VM Arguments:
jvm_args: -javaagent:C:\Program Files\JetBrains\IntelliJ IDEA Community Edition 2022.2.3\lib\idea_rt.jar=60715:C:\Program Files\JetBrains\IntelliJ IDEA Community Edition 2022.2.3\bin -Dfile.encoding=UTF-8 -Dsun.stdout.encoding=UTF-8 -Dsun.stderr.encoding=UTF-8 
java_command: com.anas.service_registry.ServiceRegistryApplication
java_class_path (initial): X:\Microservices\service-registry\target\classes;C:\Users\anasi\.m2\repository\org\springframework\boot\spring-boot-starter-web\3.3.4\spring-boot-starter-web-3.3.4.jar;C:\Users\anasi\.m2\repository\org\springframework\boot\spring-boot-starter\3.3.4\spring-boot-starter-3.3.4.jar;C:\Users\anasi\.m2\repository\org\springframework\boot\spring-boot\3.3.4\spring-boot-3.3.4.jar;C:\Users\anasi\.m2\repository\org\springframework\boot\spring-boot-autoconfigure\3.3.4\spring-boot-autoconfigure-3.3.4.jar;C:\Users\anasi\.m2\repository\org\springframework\boot\spring-boot-starter-logging\3.3.4\spring-boot-starter-logging-3.3.4.jar;C:\Users\anasi\.m2\repository\ch\qos\logback\logback-classic\1.5.8\logback-classic-1.5.8.jar;C:\Users\anasi\.m2\repository\ch\qos\logback\logback-core\1.5.8\logback-core-1.5.8.jar;C:\Users\anasi\.m2\repository\org\apache\logging\log4j\log4j-to-slf4j\2.23.1\log4j-to-slf4j-2.23.1.jar;C:\Users\anasi\.m2\repository\org\apache\logging\log4j\log4j-api\2.23.1\log4j-api-2.23.1.jar;C:\Users\anasi\.m2\repository\org\slf4j\jul-to-slf4j\2.0.16\jul-to-slf4j-2.0.16.jar;C:\Users\anasi\.m2\repository\jakarta\annotation\jakarta.annotation-api\2.1.1\jakarta.annotation-api-2.1.1.jar;C:\Users\anasi\.m2\repository\org\yaml\snakeyaml\2.2\snakeyaml-2.2.jar;C:\Users\anasi\.m2\repository\org\springframework\boot\spring-boot-starter-json\3.3.4\spring-boot-starter-json-3.3.4.jar;C:\Users\anasi\.m2\repository\com\fasterxml\jackson\core\jackson-databind\2.17.2\jackson-databind-2.17.2.jar;C:\Users\anasi\.m2\repository\com\fasterxml\jackson\core\jackson-annotations\2.17.2\jackson-annotations-2.17.2.jar;C:\Users\anasi\.m2\repository\com\fasterxml\jackson\core\jackson-core\2.17.2\jackson-core-2.17.2.jar;C:\Users\anasi\.m2\repository\com\fasterxml\jackson\datatype\jackson-datatype-jdk8\2.17.2\jackson-datatype-jdk8-2.17.2.jar;C:\Users\anasi\.m2\repository\com\fasterxml\jackson\datatype\jackson-datatype-jsr310\2.17.2\jackson-datatype-jsr310-2.17.2.jar;C:\Users\anasi\.m2\repository\com\fasterxml\jackson\module\jackson-module-parameter-names\2.17.2\jackson-module-parameter-names-2.17.2.jar;C:\Users\anasi\.m2\repository\org\springframework\boot\spring-boot-starter-tomcat\3.3.4\spring-boot-starter-tomcat-3.3.4.jar;C:\Users\anasi\.m2\repository\org\apache\tomcat\embed\tomcat-embed-core\10.1.30\tomcat-embed-core-10.1.30.jar;C:\Users\anasi\.m2\repository\org\apache\tomcat\embed\tomcat-embed-el\10.1.30\tomcat-embed-el-10.1.30.jar;C:\Users\anasi\.m2\repository\org\apache\tomcat\embed\tomcat-embed-websocket\10.1.30\tomcat-embed-websocket-10.1.30.jar;C:\Users\anasi\.m2\repository\org\springframework\spring-web\6.1.13\spring-web-6.1.13.jar;C:\Users\anasi\.m2\repository\org\springframework\spring-beans\6.1.13\spring-beans-6.1.13.jar;C:\Users\anasi\.m2\repository\io\micrometer\micrometer-observation\1.13.4\micrometer-observation-1.13.4.jar;C:\Users\anasi\.m2\repository\io\micrometer\micrometer-commons\1.13.4\micrometer-commons-1.13.4.jar;C:\Users\anasi\.m2\repository\org\springframework\spring-webmvc\6.1.13\spring-webmvc-6.1.13.jar;C:\Users\anasi\.m2\repository\org\springframework\spring-aop\6.1.13\spring-aop-6.1.13.jar;C:\Users\anasi\.m2\repository\org\springframework\spring-context\6.1.13\spring-context-6.1.13.jar;C:\Users\anasi\.m2\repository\org\springframework\spring-expression\6.1.13\spring-expression-6.1.13.jar;C:\Users\anasi\.m2\repository\org\springframework\cloud\spring-cloud-starter-netflix-eureka-server\4.1.3\spring-cloud-starter-netflix-eureka-server-4.1.3.jar;C:\Users\anasi\.m2\repository\org\springframework\cloud\spring-cloud-starter\4.1.4\spring-cloud-starter-4.1.4.jar;C:\Users\anasi\.m2\repository\org\springframework\cloud\spring-cloud-context\4.1.4\spring-cloud-context-4.1.4.jar;C:\Users\anasi\.m2\repository\org\springframework\security\spring-security-crypto\6.3.3\spring-security-crypto-6.3.3.jar;C:\Users\anasi\.m2\repository\org\springframework\cloud\spring-cloud-commons\4.1.4\spring-cloud-commons-4.1.4.jar;C:\Users\anasi\.m2\repository\org\springframework\security\spring-security-rsa\1.1.3\spring-security-rsa-1.1.3.jar;C:\Users\anasi\.m2\repository\org\bouncycastle\bcprov-jdk18on\1.78\bcprov-jdk18on-1.78.jar;C:\Users\anasi\.m2\repository\org\springframework\cloud\spring-cloud-netflix-eureka-server\4.1.3\spring-cloud-netflix-eureka-server-4.1.3.jar;C:\Users\anasi\.m2\repository\org\springframework\boot\spring-boot-starter-actuator\3.3.4\spring-boot-starter-actuator-3.3.4.jar;C:\Users\anasi\.m2\repository\org\springframework\boot\spring-boot-actuator-autoconfigure\3.3.4\spring-boot-actuator-autoconfigure-3.3.4.jar;C:\Users\anasi\.m2\repository\org\springframework\boot\spring-boot-actuator\3.3.4\spring-boot-actuator-3.3.4.jar;C:\Users\anasi\.m2\repository\io\micrometer\micrometer-jakarta9\1.13.4\micrometer-jakarta9-1.13.4.jar;C:\Users\anasi\.m2\repository\io\micrometer\micrometer-core\1.13.4\micrometer-core-1.13.4.jar;C:\Users\anasi\.m2\repository\org\hdrhistogram\HdrHistogram\2.2.2\HdrHistogram-2.2.2.jar;C:\Users\anasi\.m2\repository\org\latencyutils\LatencyUtils\2.0.3\LatencyUtils-2.0.3.jar;C:\Users\anasi\.m2\repository\org\springframework\boot\spring-boot-starter-freemarker\3.3.4\spring-boot-starter-freemarker-3.3.4.jar;C:\Users\anasi\.m2\repository\org\freemarker\freemarker\2.3.33\freemarker-2.3.33.jar;C:\Users\anasi\.m2\repository\org\springframework\spring-context-support\6.1.13\spring-context-support-6.1.13.jar;C:\Users\anasi\.m2\repository\org\springframework\cloud\spring-cloud-netflix-eureka-client\4.1.3\spring-cloud-netflix-eureka-client-4.1.3.jar;C:\Users\anasi\.m2\repository\com\netflix\eureka\eureka-client\2.0.3\eureka-client-2.0.3.jar;C:\Users\anasi\.m2\repository\com\thoughtworks\xstream\xstream\1.4.20\xstream-1.4.20.jar;C:\Users\anasi\.m2\repository\io\github\x-stream\mxparser\1.2.2\mxparser-1.2.2.jar;C:\Users\anasi\.m2\repository\xmlpull\xmlpull\1.1.3.1\xmlpull-1.1.3.1.jar;C:\Users\anasi\.m2\repository\com\netflix\spectator\spectator-api\1.7.3\spectator-api-1.7.3.jar;C:\Users\anasi\.m2\repository\org\apache\httpcomponents\httpclient\4.5.3\httpclient-4.5.3.jar;C:\Users\anasi\.m2\repository\org\apache\httpcomponents\httpcore\4.4.16\httpcore-4.4.16.jar;C:\Users\anasi\.m2\repository\commons-configuration\commons-configuration\1.10\commons-configuration-1.10.jar;C:\Users\anasi\.m2\repository\commons-lang\commons-lang\2.6\commons-lang-2.6.jar;C:\Users\anasi\.m2\repository\com\netflix\netflix-commons\netflix-eventbus\0.3.0\netflix-eventbus-0.3.0.jar;C:\Users\anasi\.m2\repository\com\netflix\netflix-commons\netflix-infix\0.3.0\netflix-infix-0.3.0.jar;C:\Users\anasi\.m2\repository\commons-jxpath\commons-jxpath\1.3\commons-jxpath-1.3.jar;C:\Users\anasi\.m2\repository\joda-time\joda-time\2.3\joda-time-2.3.jar;C:\Users\anasi\.m2\repository\org\antlr\antlr-runtime\3.4\antlr-runtime-3.4.jar;C:\Users\anasi\.m2\repository\org\antlr\stringtemplate\3.2.1\stringtemplate-3.2.1.jar;C:\Users\anasi\.m2\repository\antlr\antlr\2.7.7\antlr-2.7.7.jar;C:\Users\anasi\.m2\repository\com\google\code\gson\gson\2.10.1\gson-2.10.1.jar;C:\Users\anasi\.m2\repository\com\netflix\servo\servo-core\0.5.3\servo-core-0.5.3.jar;C:\Users\anasi\.m2\repository\org\apache\commons\commons-math\2.2\commons-math-2.2.jar;C:\Users\anasi\.m2\repository\javax\annotation\javax.annotation-api\1.2\javax.annotation-api-1.2.jar;C:\Users\anasi\.m2\repository\org\codehaus\jettison\jettison\1.5.4\jettison-1.5.4.jar;C:\Users\anasi\.m2\repository\org\apache\httpcomponents\client5\httpclient5\5.3.1\httpclient5-5.3.1.jar;C:\Users\anasi\.m2\repository\org\apache\httpcomponents\core5\httpcore5\5.2.5\httpcore5-5.2.5.jar;C:\Users\anasi\.m2\repository\org\apache\httpcomponents\core5\httpcore5-h2\5.2.5\httpcore5-h2-5.2.5.jar;C:\Users\anasi\.m2\repository\com\netflix\eureka\eureka-client-jersey3\2.0.3\eureka-client-jersey3-2.0.3.jar;C:\Users\anasi\.m2\repository\org\glassfish\jersey\connectors\jersey-apache-connector\3.1.8\jersey-apache-connector-3.1.8.jar;C:\Users\anasi\.m2\repository\commons-codec\commons-codec\1.16.1\commons-codec-1.16.1.jar;C:\Users\anasi\.m2\repository\commons-logging\commons-logging\1.3.1\commons-logging-1.3.1.jar;C:\Users\anasi\.m2\repository\com\netflix\eureka\eureka-core-jersey3\2.0.3\eureka-core-jersey3-2.0.3.jar;C:\Users\anasi\.m2\repository\com\netflix\eureka\eureka-core\2.0.3\eureka-core-2.0.3.jar;C:\Users\anasi\.m2\repository\com\google\guava\guava\33.0.0-jre\guava-33.0.0-jre.jar;C:\Users\anasi\.m2\repository\com\google\guava\failureaccess\1.0.2\failureaccess-1.0.2.jar;C:\Users\anasi\.m2\repository\com\google\guava\listenablefuture\9999.0-empty-to-avoid-conflict-with-guava\listenablefuture-9999.0-empty-to-avoid-conflict-with-guava.jar;C:\Users\anasi\.m2\repository\org\checkerframework\checker-qual\3.41.0\checker-qual-3.41.0.jar;C:\Users\anasi\.m2\repository\com\google\errorprone\error_prone_annotations\2.23.0\error_prone_annotations-2.23.0.jar;C:\Users\anasi\.m2\repository\com\google\j2objc\j2objc-annotations\2.8\j2objc-annotations-2.8.jar;C:\Users\anasi\.m2\repository\org\glassfish\jersey\containers\jersey-container-servlet\3.1.8\jersey-container-servlet-3.1.8.jar;C:\Users\anasi\.m2\repository\org\glassfish\jersey\containers\jersey-container-servlet-core\3.1.8\jersey-container-servlet-core-3.1.8.jar;C:\Users\anasi\.m2\repository\org\glassfish\jersey\core\jersey-common\3.1.8\jersey-common-3.1.8.jar;C:\Users\anasi\.m2\repository\org\glassfish\hk2\osgi-resource-locator\1.0.3\osgi-resource-locator-1.0.3.jar;C:\Users\anasi\.m2\repository\jakarta\ws\rs\jakarta.ws.rs-api\3.1.0\jakarta.ws.rs-api-3.1.0.jar;C:\Users\anasi\.m2\repository\org\glassfish\jersey\core\jersey-server\3.1.8\jersey-server-3.1.8.jar;C:\Users\anasi\.m2\repository\jakarta\inject\jakarta.inject-api\2.0.1\jakarta.inject-api-2.0.1.jar;C:\Users\anasi\.m2\repository\jakarta\validation\jakarta.validation-api\3.0.2\jakarta.validation-api-3.0.2.jar;C:\Users\anasi\.m2\repository\org\glassfish\jersey\core\jersey-client\3.1.8\jersey-client-3.1.8.jar;C:\Users\anasi\.m2\repository\org\glassfish\jersey\inject\jersey-hk2\3.1.8\jersey-hk2-3.1.8.jar;C:\Users\anasi\.m2\repository\org\glassfish\hk2\hk2-locator\3.0.6\hk2-locator-3.0.6.jar;C:\Users\anasi\.m2\repository\org\glassfish\hk2\external\aopalliance-repackaged\3.0.6\aopalliance-repackaged-3.0.6.jar;C:\Users\anasi\.m2\repository\org\glassfish\hk2\hk2-utils\3.0.6\hk2-utils-3.0.6.jar;C:\Users\anasi\.m2\repository\org\javassist\javassist\3.30.2-GA\javassist-3.30.2-GA.jar;C:\Users\anasi\.m2\repository\org\glassfish\hk2\spring-bridge\3.1.1\spring-bridge-3.1.1.jar;C:\Users\anasi\.m2\repository\org\glassfish\hk2\hk2-api\3.1.1\hk2-api-3.1.1.jar;C:\Users\anasi\.m2\repository\com\fasterxml\jackson\dataformat\jackson-dataformat-xml\2.17.2\jackson-dataformat-xml-2.17.2.jar;C:\Users\anasi\.m2\repository\org\codehaus\woodstox\stax2-api\4.2.2\stax2-api-4.2.2.jar;C:\Users\anasi\.m2\repository\com\fasterxml\woodstox\woodstox-core\6.7.0\woodstox-core-6.7.0.jar;C:\Users\anasi\.m2\repository\org\springframework\cloud\spring-cloud-starter-loadbalancer\4.1.4\spring-cloud-starter-loadbalancer-4.1.4.jar;C:\Users\anasi\.m2\repository\org\springframework\cloud\spring-cloud-loadbalancer\4.1.4\spring-cloud-loadbalancer-4.1.4.jar;C:\Users\anasi\.m2\repository\io\projectreactor\reactor-core\3.6.10\reactor-core-3.6.10.jar;C:\Users\anasi\.m2\repository\org\reactivestreams\reactive-streams\1.0.4\reactive-streams-1.0.4.jar;C:\Users\anasi\.m2\repository\io\projectreactor\addons\reactor-extra\3.5.2\reactor-extra-3.5.2.jar;C:\Users\anasi\.m2\repository\org\springframework\boot\spring-boot-starter-cache\3.3.4\spring-boot-starter-cache-3.3.4.jar;C:\Users\anasi\.m2\repository\com\stoyanr\evictor\1.0.0\evictor-1.0.0.jar;C:\Users\anasi\.m2\repository\org\glassfish\jaxb\jaxb-runtime\4.0.5\jaxb-runtime-4.0.5.jar;C:\Users\anasi\.m2\repository\org\glassfish\jaxb\jaxb-core\4.0.5\jaxb-core-4.0.5.jar;C:\Users\anasi\.m2\repository\org\eclipse\angus\angus-activation\2.0.2\angus-activation-2.0.2.jar;C:\Users\anasi\.m2\repository\org\glassfish\jaxb\txw2\4.0.5\txw2-4.0.5.jar;C:\Users\anasi\.m2\repository\com\sun\istack\istack-commons-runtime\4.1.2\istack-commons-runtime-4.1.2.jar;C:\Users\anasi\.m2\repository\org\slf4j\slf4j-api\2.0.16\slf4j-api-2.0.16.jar;C:\Users\anasi\.m2\repository\jakarta\xml\bind\jakarta.xml.bind-api\4.0.2\jakarta.xml.bind-api-4.0.2.jar;C:\Users\anasi\.m2\repository\jakarta\activation\jakarta.activation-api\2.1.3\jakarta.activation-api-2.1.3.jar;C:\Users\anasi\.m2\repository\org\springframework\spring-core\6.1.13\spring-core-6.1.13.jar;C:\Users\anasi\.m2\repository\org\springframework\spring-jcl\6.1.13\spring-jcl-6.1.13.jar
Launcher Type: SUN_STANDARD

[Global flags]
     intx CICompilerCount                          = 4                                         {product} {ergonomic}
     uint ConcGCThreads                            = 2                                         {product} {ergonomic}
     uint G1ConcRefinementThreads                  = 8                                         {product} {ergonomic}
   size_t G1HeapRegionSize                         = 1048576                                   {product} {ergonomic}
    uintx GCDrainStackTargetSize                   = 64                                        {product} {ergonomic}
   size_t InitialHeapSize                          = 132120576                                 {product} {ergonomic}
   size_t MarkStackSize                            = 4194304                                   {product} {ergonomic}
   size_t MaxHeapSize                              = 2103443456                                {product} {ergonomic}
   size_t MaxNewSize                               = 1261436928                                {product} {ergonomic}
   size_t MinHeapDeltaBytes                        = 1048576                                   {product} {ergonomic}
   size_t MinHeapSize                              = 8388608                                   {product} {ergonomic}
    uintx NonNMethodCodeHeapSize                   = 5839372                                {pd product} {ergonomic}
    uintx NonProfiledCodeHeapSize                  = 122909434                              {pd product} {ergonomic}
    uintx ProfiledCodeHeapSize                     = 122909434                              {pd product} {ergonomic}
    uintx ReservedCodeCacheSize                    = 251658240                              {pd product} {ergonomic}
     bool SegmentedCodeCache                       = true                                      {product} {ergonomic}
   size_t SoftMaxHeapSize                          = 2103443456                             {manageable} {ergonomic}
     bool UseCompressedClassPointers               = true                           {product lp64_product} {ergonomic}
     bool UseCompressedOops                        = true                           {product lp64_product} {ergonomic}
     bool UseG1GC                                  = true                                      {product} {ergonomic}
     bool UseLargePagesIndividualAllocation        = false                                  {pd product} {ergonomic}

Logging:
Log output configuration:
 #0: stdout all=warning uptime,level,tags foldmultilines=false
 #1: stderr all=off uptime,level,tags foldmultilines=false

Environment Variables:
JAVA_HOME=C:\Program Files\Amazon Corretto\jdk17.0.10_7
PATH=C:\Program Files\Amazon Corretto\jdk17.0.10_7\bin;C:\Program Files\Common Files\Oracle\Java\javapath;C:\Program Files (x86)\Common Files\Intel\Shared Libraries\redist\intel64_win\compiler;C:\Windows\system32;C:\Windows;C:\Windows\System32\Wbem;C:\Windows\System32\WindowsPowerShell\v1.0\;C:\Windows\System32\OpenSSH\;C:\Program Files (x86)\NVIDIA Corporation\PhysX\Common;C:\Program Files\NVIDIA Corporation\NVIDIA NvDLISR;C:\WINDOWS\system32;C:\WINDOWS;C:\WINDOWS\System32\Wbem;C:\WINDOWS\System32\WindowsPowerShell\v1.0\;C:\WINDOWS\System32\OpenSSH\;C:\msys64\mingw64\bin;C:\ProgramData\chocolatey\bin;C:\Program Files\Git\cmd;C:\Program Files (x86)\Yarn\bin\;C:\Program Files\Java\jdk-19\bin;C:\Program Files\apache-maven-3.9.6-bin\apache-maven-3.9.6\bin;D:\Node.js\;X:\Go\bin;C:\Users\anasi\AppData\Local\Microsoft\WindowsApps;C:\Users\anasi\AppData\Local\Programs\Microsoft VS Code\bin;C:\Users\anasi\AppData\Local\Yarn\bin;C:\Users\anasi\AppData\Local\Microsoft\WindowsApps;C:\Program Files\JetBrains\PyCharm Community Edition 2023.1.1\bin;;C:\Maven\bin;C:\Maven\apache-maven-3.9.4\bin;Z:\SQL\bin;C:\Users\anasi\AppData\Roaming\npm;C:\Users\anasi\go\bin
USERNAME=anasi
OS=Windows_NT
PROCESSOR_IDENTIFIER=Intel64 Family 6 Model 165 Stepping 2, GenuineIntel
TMP=C:\Users\anasi\AppData\Local\Temp
TEMP=C:\Users\anasi\AppData\Local\Temp




---------------  S Y S T E M  ---------------

OS:
 Windows 11 , 64 bit Build 22621 (10.0.22621.4000)
OS uptime: 17 days 18:40 hours
Hyper-V role detected

CPU: total 8 (initial active 8) (4 cores per cpu, 2 threads per core) family 6 model 165 stepping 2 microcode 0xea, cx8, cmov, fxsr, ht, mmx, 3dnowpref, sse, sse2, sse3, ssse3, sse4.1, sse4.2, popcnt, lzcnt, tsc, tscinvbit, avx, avx2, aes, erms, clmul, bmi1, bmi2, adx, fma, vzeroupper, clflush, clflushopt, hv, rdtscp, f16c

Memory: 4k page, system-wide physical 8023M (436M free)
TotalPageFile size 16215M (AvailPageFile size 4M)
current process WorkingSet (physical memory assigned to process): 217M, peak: 234M
current process commit charge ("private bytes"): 259M, peak: 273M

vm_info: Java HotSpot(TM) 64-Bit Server VM (20+36-2344) for windows-amd64 JRE (20+36-2344), built on 2023-02-10T19:30:15Z by "mach5one" with MS VC++ 17.1 (VS2022)

END.
