#
# There is insufficient memory for the Java Runtime Environment to continue.
# Native memory allocation (malloc) failed to allocate 657376 bytes for Chunk::new
# Possible reasons:
#   The system is out of physical RAM or swap space
#   The process is running with CompressedOops enabled, and the Java Heap may be blocking the growth of the native heap
# Possible solutions:
#   Reduce memory load on the system
#   Increase physical memory or swap space
#   Check if swap backing store is full
#   Decrease Java heap size (-Xmx/-Xms)
#   Decrease number of Java threads
#   Decrease Java thread stack sizes (-Xss)
#   Set larger code cache with -XX:ReservedCodeCacheSize=
#   JVM is running with Unscaled Compressed Oops mode in which the Java heap is
#     placed in the first 4GB address space. The Java Heap base address is the
#     maximum limit for the native heap growth. Please use -XX:HeapBaseMinAddress
#     to set the Java Heap base and to place the Java Heap above 4GB virtual address.
# This output file may be truncated or incomplete.
#
#  Out of Memory Error (arena.cpp:184), pid=23260, tid=10092
#
# JRE version: Java(TM) SE Runtime Environment (20.0+36) (build 20+36-2344)
# Java VM: Java HotSpot(TM) 64-Bit Server VM (20+36-2344, mixed mode, sharing, tiered, compressed oops, compressed class ptrs, g1 gc, windows-amd64)
# No core dump will be written. Minidumps are not enabled by default on client versions of Windows
#

---------------  S U M M A R Y ------------

Command Line: -javaagent:C:\Program Files\JetBrains\IntelliJ IDEA Community Edition 2022.2.3\lib\idea_rt.jar=53694:C:\Program Files\JetBrains\IntelliJ IDEA Community Edition 2022.2.3\bin -Dfile.encoding=UTF-8 -Dsun.stdout.encoding=UTF-8 -Dsun.stderr.encoding=UTF-8 com.anas.question_service.QuestionServiceApplication

Host: Intel(R) Core(TM) i5-10300H CPU @ 2.50GHz, 8 cores, 7G,  Windows 11 , 64 bit Build 22621 (10.0.22621.4000)
Time: Fri Sep 27 03:01:54 2024 India Standard Time elapsed time: 7.372730 seconds (0d 0h 0m 7s)

---------------  T H R E A D  ---------------

Current thread (0x0000013affc624f0):  JavaThread "C2 CompilerThread0" daemon [_thread_in_native, id=10092, stack(0x0000000bad300000,0x0000000bad400000)]


Current CompileTask:
C2:   7372 4892       4       org.springframework.core.BridgeMethodResolver::resolveBridgeMethod (180 bytes)

Stack: [0x0000000bad300000,0x0000000bad400000]
Native frames: (J=compiled Java code, j=interpreted, Vv=VM code, C=native code)
V  [jvm.dll+0x6bb95a]
V  [jvm.dll+0x8483aa]
V  [jvm.dll+0x849fa5]
V  [jvm.dll+0x84a6a3]
V  [jvm.dll+0x280b0f]
V  [jvm.dll+0xc2b11]
V  [jvm.dll+0xc2e35]
V  [jvm.dll+0x3bb17c]
V  [jvm.dll+0x1e6e39]
V  [jvm.dll+0x24b3ab]
V  [jvm.dll+0x24a651]
V  [jvm.dll+0x1ce491]
V  [jvm.dll+0x259e1b]
V  [jvm.dll+0x2584f0]
V  [jvm.dll+0x3f2895]
V  [jvm.dll+0x7f4906]
V  [jvm.dll+0x6ba5cb]
C  [ucrtbase.dll+0x29333]
C  [KERNEL32.DLL+0x1257d]
C  [ntdll.dll+0x5af28]


---------------  P R O C E S S  ---------------

Threads class SMR info:
_java_thread_list=0x0000013aa103e250, length=20, elements={
0x0000013afc2e4cd0, 0x0000013affc46da0, 0x0000013affc47c40, 0x0000013affc4ef80,
0x0000013affc519d0, 0x0000013affc52ab0, 0x0000013affc56fb0, 0x0000013affc624f0,
0x0000013affc63610, 0x0000013a9d1e4ad0, 0x0000013a9d4fc2e0, 0x0000013a9d4fc830,
0x0000013a9edff040, 0x0000013aa0ed6a30, 0x0000013a9ffb3170, 0x0000013a9ffb1c30,
0x0000013a9ffb2180, 0x0000013a9ffb26d0, 0x0000013aa103f030, 0x0000013a9e931040
}

Java Threads: ( => current thread )
  0x0000013afc2e4cd0 JavaThread "main" [_thread_in_Java, id=23936, stack(0x0000000bac600000,0x0000000bac700000)]
  0x0000013affc46da0 JavaThread "Reference Handler" daemon [_thread_blocked, id=22844, stack(0x0000000bacd00000,0x0000000bace00000)]
  0x0000013affc47c40 JavaThread "Finalizer" daemon [_thread_blocked, id=4124, stack(0x0000000bace00000,0x0000000bacf00000)]
  0x0000013affc4ef80 JavaThread "Signal Dispatcher" daemon [_thread_blocked, id=23060, stack(0x0000000bacf00000,0x0000000bad000000)]
  0x0000013affc519d0 JavaThread "Attach Listener" daemon [_thread_blocked, id=9916, stack(0x0000000bad000000,0x0000000bad100000)]
  0x0000013affc52ab0 JavaThread "Service Thread" daemon [_thread_blocked, id=18396, stack(0x0000000bad100000,0x0000000bad200000)]
  0x0000013affc56fb0 JavaThread "Monitor Deflation Thread" daemon [_thread_blocked, id=7696, stack(0x0000000bad200000,0x0000000bad300000)]
=>0x0000013affc624f0 JavaThread "C2 CompilerThread0" daemon [_thread_in_native, id=10092, stack(0x0000000bad300000,0x0000000bad400000)]
  0x0000013affc63610 JavaThread "C1 CompilerThread0" daemon [_thread_blocked, id=24476, stack(0x0000000bad400000,0x0000000bad500000)]
  0x0000013a9d1e4ad0 JavaThread "Common-Cleaner" daemon [_thread_blocked, id=22544, stack(0x0000000bad500000,0x0000000bad600000)]
  0x0000013a9d4fc2e0 JavaThread "Monitor Ctrl-Break" daemon [_thread_in_native, id=10600, stack(0x0000000bad600000,0x0000000bad700000)]
  0x0000013a9d4fc830 JavaThread "Notification Thread" daemon [_thread_blocked, id=8876, stack(0x0000000bad700000,0x0000000bad800000)]
  0x0000013a9edff040 JavaThread "Catalina-utility-1" [_thread_blocked, id=9500, stack(0x0000000bae300000,0x0000000bae400000)]
  0x0000013aa0ed6a30 JavaThread "Catalina-utility-2" [_thread_blocked, id=11592, stack(0x0000000bae400000,0x0000000bae500000)]
  0x0000013a9ffb3170 JavaThread "container-0" [_thread_blocked, id=5780, stack(0x0000000bae500000,0x0000000bae600000)]
  0x0000013a9ffb1c30 JavaThread "PostgreSQL-JDBC-Cleaner" daemon [_thread_blocked, id=14580, stack(0x0000000bae700000,0x0000000bae800000)]
  0x0000013a9ffb2180 JavaThread "HikariPool-1 housekeeper" daemon [_thread_blocked, id=1116, stack(0x0000000bae800000,0x0000000bae900000)]
  0x0000013a9ffb26d0 JavaThread "HikariPool-1 connection adder" daemon [_thread_blocked, id=19524, stack(0x0000000bae900000,0x0000000baea00000)]
  0x0000013aa103f030 JavaThread "C2 CompilerThread1" daemon [_thread_in_native, id=23884, stack(0x0000000bad900000,0x0000000bada00000)]
  0x0000013a9e931040 JavaThread "C2 CompilerThread2" daemon [_thread_in_native, id=22268, stack(0x0000000bada00000,0x0000000badb00000)]

Other Threads:
  0x0000013affc2c6b0 VMThread "VM Thread" [stack: 0x0000000bacc00000,0x0000000bacd00000] [id=9564]
  0x0000013a9d70ac80 WatcherThread "VM Periodic Task Thread" [stack: 0x0000000bad800000,0x0000000bad900000] [id=7552]
  0x0000013afc343590 WorkerThread "GC Thread#0" [stack: 0x0000000bac700000,0x0000000bac800000] [id=10676]
  0x0000013a9dab1610 WorkerThread "GC Thread#1" [stack: 0x0000000badb00000,0x0000000badc00000] [id=4724]
  0x0000013a9dab18e0 WorkerThread "GC Thread#2" [stack: 0x0000000badc00000,0x0000000badd00000] [id=15456]
  0x0000013a9dab1bb0 WorkerThread "GC Thread#3" [stack: 0x0000000badd00000,0x0000000bade00000] [id=13896]
  0x0000013a9dab1e80 WorkerThread "GC Thread#4" [stack: 0x0000000bade00000,0x0000000badf00000] [id=9904]
  0x0000013a9dab2150 WorkerThread "GC Thread#5" [stack: 0x0000000badf00000,0x0000000bae000000] [id=3088]
  0x0000013a9dab2c90 WorkerThread "GC Thread#6" [stack: 0x0000000bae100000,0x0000000bae200000] [id=12312]
  0x0000013a9dab1070 WorkerThread "GC Thread#7" [stack: 0x0000000bae200000,0x0000000bae300000] [id=24020]
  0x0000013afc3548a0 ConcurrentGCThread "G1 Main Marker" [stack: 0x0000000bac800000,0x0000000bac900000] [id=11512]
  0x0000013afc3552d0 WorkerThread "G1 Conc#0" [stack: 0x0000000bac900000,0x0000000baca00000] [id=24400]
  0x0000013a9eb66a50 WorkerThread "G1 Conc#1" [stack: 0x0000000bae000000,0x0000000bae100000] [id=9132]
  0x0000013affaeb170 ConcurrentGCThread "G1 Refine#0" [stack: 0x0000000baca00000,0x0000000bacb00000] [id=1548]
  0x0000013affaebc10 ConcurrentGCThread "G1 Service" [stack: 0x0000000bacb00000,0x0000000bacc00000] [id=23748]

Threads with active compile tasks:
C2 CompilerThread0     7405 4892       4       org.springframework.core.BridgeMethodResolver::resolveBridgeMethod (180 bytes)
C2 CompilerThread1     7405 4897   !   4       org.springframework.util.ReflectionUtils::doWithMethods (186 bytes)
C2 CompilerThread2     7405 4916   !   4       org.springframework.core.annotation.AnnotationsScanner::processMethodHierarchy (276 bytes)

VM state: not at safepoint (normal execution)

VM Mutex/Monitor currently owned by a thread: None

Heap address: 0x0000000082a00000, size: 2006 MB, Compressed Oops mode: 32-bit

CDS archive(s) mapped at: [0x0000000800000000-0x0000000800c60000-0x0000000800c60000), size 12976128, SharedBaseAddress: 0x0000000800000000, ArchiveRelocationMode: 0.
Compressed class space mapped at: 0x0000000801000000-0x0000000841000000, reserved size: 1073741824
Narrow klass base: 0x0000000800000000, Narrow klass shift: 0, Narrow klass range: 0x100000000

GC Precious Log:
 CardTable entry size: 512
 Card Set container configuration: InlinePtr #cards 5 size 8 Array Of Cards #cards 12 size 40 Howl #buckets 4 coarsen threshold 1843 Howl Bitmap #cards 512 size 80 coarsen threshold 460 Card regions per heap region 1 cards per card region 2048
 CPUs: 8 total, 8 available
 Memory: 8023M
 Large Page Support: Disabled
 NUMA Support: Disabled
 Compressed Oops: Enabled (32-bit)
 Heap Region Size: 1M
 Heap Min Capacity: 8M
 Heap Initial Capacity: 126M
 Heap Max Capacity: 2006M
 Pre-touch: Disabled
 Parallel Workers: 8
 Concurrent Workers: 2
 Concurrent Refinement Workers: 8
 Periodic GC: Disabled

Heap:
 garbage-first heap   total 72704K, used 26384K [0x0000000082a00000, 0x0000000100000000)
  region size 1024K, 6 young (6144K), 5 survivors (5120K)
 Metaspace       used 56763K, committed 57408K, reserved 1114112K
  class space    used 7639K, committed 7936K, reserved 1048576K

Heap Regions: E=young(eden), S=young(survivor), O=old, HS=humongous(starts), HC=humongous(continues), CS=collection set, F=free, OA=open archive, CA=closed archive, TAMS=top-at-mark-start, PB=parsable bottom
|   0|0x0000000082a00000, 0x0000000082b00000, 0x0000000082b00000|100%|HS|  |TAMS 0x0000000082a00000| PB 0x0000000082a00000| Complete 
|   1|0x0000000082b00000, 0x0000000082c00000, 0x0000000082c00000|100%|HS|  |TAMS 0x0000000082b00000| PB 0x0000000082b00000| Complete 
|   2|0x0000000082c00000, 0x0000000082d00000, 0x0000000082d00000|100%| O|  |TAMS 0x0000000082c00000| PB 0x0000000082c00000| Untracked 
|   3|0x0000000082d00000, 0x0000000082e00000, 0x0000000082e00000|100%| O|  |TAMS 0x0000000082d00000| PB 0x0000000082d00000| Untracked 
|   4|0x0000000082e00000, 0x0000000082f00000, 0x0000000082f00000|100%| O|  |TAMS 0x0000000082e00000| PB 0x0000000082e00000| Untracked 
|   5|0x0000000082f00000, 0x0000000083000000, 0x0000000083000000|100%| O|  |TAMS 0x0000000082f00000| PB 0x0000000082f00000| Untracked 
|   6|0x0000000083000000, 0x0000000083100000, 0x0000000083100000|100%| O|  |TAMS 0x0000000083000000| PB 0x0000000083000000| Untracked 
|   7|0x0000000083100000, 0x0000000083200000, 0x0000000083200000|100%| O|  |TAMS 0x0000000083100000| PB 0x0000000083100000| Untracked 
|   8|0x0000000083200000, 0x0000000083300000, 0x0000000083300000|100%| O|  |TAMS 0x0000000083200000| PB 0x0000000083200000| Untracked 
|   9|0x0000000083300000, 0x0000000083400000, 0x0000000083400000|100%| O|  |TAMS 0x0000000083300000| PB 0x0000000083300000| Untracked 
|  10|0x0000000083400000, 0x00000000834c4000, 0x0000000083500000| 76%| O|  |TAMS 0x0000000083400000| PB 0x0000000083400000| Untracked 
|  11|0x0000000083500000, 0x0000000083600000, 0x0000000083600000|100%| O|  |TAMS 0x0000000083500000| PB 0x0000000083500000| Untracked 
|  12|0x0000000083600000, 0x0000000083700000, 0x0000000083700000|100%| O|  |TAMS 0x0000000083600000| PB 0x0000000083600000| Untracked 
|  13|0x0000000083700000, 0x0000000083800000, 0x0000000083800000|100%| O|  |TAMS 0x0000000083700000| PB 0x0000000083700000| Untracked 
|  14|0x0000000083800000, 0x0000000083900000, 0x0000000083900000|100%| O|  |TAMS 0x0000000083800000| PB 0x0000000083800000| Untracked 
|  15|0x0000000083900000, 0x0000000083a00000, 0x0000000083a00000|100%| O|  |TAMS 0x0000000083900000| PB 0x0000000083900000| Untracked 
|  16|0x0000000083a00000, 0x0000000083b00000, 0x0000000083b00000|100%| O|  |TAMS 0x0000000083a00000| PB 0x0000000083a00000| Untracked 
|  17|0x0000000083b00000, 0x0000000083c00000, 0x0000000083c00000|100%| O|  |TAMS 0x0000000083b00000| PB 0x0000000083b00000| Untracked 
|  18|0x0000000083c00000, 0x0000000083d00000, 0x0000000083d00000|100%| O|  |TAMS 0x0000000083c00000| PB 0x0000000083c00000| Untracked 
|  19|0x0000000083d00000, 0x0000000083d00000, 0x0000000083e00000|  0%| F|  |TAMS 0x0000000083d00000| PB 0x0000000083d00000| Untracked 
|  20|0x0000000083e00000, 0x0000000083e00000, 0x0000000083f00000|  0%| F|  |TAMS 0x0000000083e00000| PB 0x0000000083e00000| Untracked 
|  21|0x0000000083f00000, 0x0000000083f00000, 0x0000000084000000|  0%| F|  |TAMS 0x0000000083f00000| PB 0x0000000083f00000| Untracked 
|  22|0x0000000084000000, 0x0000000084000000, 0x0000000084100000|  0%| F|  |TAMS 0x0000000084000000| PB 0x0000000084000000| Untracked 
|  23|0x0000000084100000, 0x0000000084200000, 0x0000000084200000|100%| S|CS|TAMS 0x0000000084100000| PB 0x0000000084100000| Complete 
|  24|0x0000000084200000, 0x0000000084300000, 0x0000000084300000|100%| S|CS|TAMS 0x0000000084200000| PB 0x0000000084200000| Complete 
|  25|0x0000000084300000, 0x0000000084300000, 0x0000000084400000|  0%| F|  |TAMS 0x0000000084300000| PB 0x0000000084300000| Untracked 
|  26|0x0000000084400000, 0x0000000084400000, 0x0000000084500000|  0%| F|  |TAMS 0x0000000084400000| PB 0x0000000084400000| Untracked 
|  27|0x0000000084500000, 0x0000000084500000, 0x0000000084600000|  0%| F|  |TAMS 0x0000000084500000| PB 0x0000000084500000| Untracked 
|  28|0x0000000084600000, 0x0000000084600000, 0x0000000084700000|  0%| F|  |TAMS 0x0000000084600000| PB 0x0000000084600000| Untracked 
|  29|0x0000000084700000, 0x0000000084800000, 0x0000000084800000|100%| S|CS|TAMS 0x0000000084700000| PB 0x0000000084700000| Complete 
|  30|0x0000000084800000, 0x0000000084900000, 0x0000000084900000|100%| S|CS|TAMS 0x0000000084800000| PB 0x0000000084800000| Complete 
|  31|0x0000000084900000, 0x0000000084a00000, 0x0000000084a00000|100%| S|CS|TAMS 0x0000000084900000| PB 0x0000000084900000| Complete 
|  32|0x0000000084a00000, 0x0000000084a00000, 0x0000000084b00000|  0%| F|  |TAMS 0x0000000084a00000| PB 0x0000000084a00000| Untracked 
|  33|0x0000000084b00000, 0x0000000084b00000, 0x0000000084c00000|  0%| F|  |TAMS 0x0000000084b00000| PB 0x0000000084b00000| Untracked 
|  34|0x0000000084c00000, 0x0000000084c00000, 0x0000000084d00000|  0%| F|  |TAMS 0x0000000084c00000| PB 0x0000000084c00000| Untracked 
|  35|0x0000000084d00000, 0x0000000084d00000, 0x0000000084e00000|  0%| F|  |TAMS 0x0000000084d00000| PB 0x0000000084d00000| Untracked 
|  36|0x0000000084e00000, 0x0000000084e00000, 0x0000000084f00000|  0%| F|  |TAMS 0x0000000084e00000| PB 0x0000000084e00000| Untracked 
|  37|0x0000000084f00000, 0x0000000084f00000, 0x0000000085000000|  0%| F|  |TAMS 0x0000000084f00000| PB 0x0000000084f00000| Untracked 
|  38|0x0000000085000000, 0x0000000085000000, 0x0000000085100000|  0%| F|  |TAMS 0x0000000085000000| PB 0x0000000085000000| Untracked 
|  39|0x0000000085100000, 0x0000000085100000, 0x0000000085200000|  0%| F|  |TAMS 0x0000000085100000| PB 0x0000000085100000| Untracked 
|  40|0x0000000085200000, 0x0000000085200000, 0x0000000085300000|  0%| F|  |TAMS 0x0000000085200000| PB 0x0000000085200000| Untracked 
|  41|0x0000000085300000, 0x0000000085300000, 0x0000000085400000|  0%| F|  |TAMS 0x0000000085300000| PB 0x0000000085300000| Untracked 
|  42|0x0000000085400000, 0x0000000085400000, 0x0000000085500000|  0%| F|  |TAMS 0x0000000085400000| PB 0x0000000085400000| Untracked 
|  43|0x0000000085500000, 0x0000000085500000, 0x0000000085600000|  0%| F|  |TAMS 0x0000000085500000| PB 0x0000000085500000| Untracked 
|  44|0x0000000085600000, 0x0000000085600000, 0x0000000085700000|  0%| F|  |TAMS 0x0000000085600000| PB 0x0000000085600000| Untracked 
|  45|0x0000000085700000, 0x0000000085700000, 0x0000000085800000|  0%| F|  |TAMS 0x0000000085700000| PB 0x0000000085700000| Untracked 
|  46|0x0000000085800000, 0x0000000085800000, 0x0000000085900000|  0%| F|  |TAMS 0x0000000085800000| PB 0x0000000085800000| Untracked 
|  47|0x0000000085900000, 0x0000000085900000, 0x0000000085a00000|  0%| F|  |TAMS 0x0000000085900000| PB 0x0000000085900000| Untracked 
|  48|0x0000000085a00000, 0x0000000085a00000, 0x0000000085b00000|  0%| F|  |TAMS 0x0000000085a00000| PB 0x0000000085a00000| Untracked 
|  49|0x0000000085b00000, 0x0000000085b00000, 0x0000000085c00000|  0%| F|  |TAMS 0x0000000085b00000| PB 0x0000000085b00000| Untracked 
|  50|0x0000000085c00000, 0x0000000085c00000, 0x0000000085d00000|  0%| F|  |TAMS 0x0000000085c00000| PB 0x0000000085c00000| Untracked 
|  51|0x0000000085d00000, 0x0000000085d00000, 0x0000000085e00000|  0%| F|  |TAMS 0x0000000085d00000| PB 0x0000000085d00000| Untracked 
|  52|0x0000000085e00000, 0x0000000085e00000, 0x0000000085f00000|  0%| F|  |TAMS 0x0000000085e00000| PB 0x0000000085e00000| Untracked 
|  53|0x0000000085f00000, 0x0000000085f00000, 0x0000000086000000|  0%| F|  |TAMS 0x0000000085f00000| PB 0x0000000085f00000| Untracked 
|  54|0x0000000086000000, 0x0000000086000000, 0x0000000086100000|  0%| F|  |TAMS 0x0000000086000000| PB 0x0000000086000000| Untracked 
|  55|0x0000000086100000, 0x0000000086100000, 0x0000000086200000|  0%| F|  |TAMS 0x0000000086100000| PB 0x0000000086100000| Untracked 
|  56|0x0000000086200000, 0x0000000086200000, 0x0000000086300000|  0%| F|  |TAMS 0x0000000086200000| PB 0x0000000086200000| Untracked 
|  57|0x0000000086300000, 0x0000000086300000, 0x0000000086400000|  0%| F|  |TAMS 0x0000000086300000| PB 0x0000000086300000| Untracked 
|  58|0x0000000086400000, 0x0000000086400000, 0x0000000086500000|  0%| F|  |TAMS 0x0000000086400000| PB 0x0000000086400000| Untracked 
|  59|0x0000000086500000, 0x0000000086500000, 0x0000000086600000|  0%| F|  |TAMS 0x0000000086500000| PB 0x0000000086500000| Untracked 
|  67|0x0000000086d00000, 0x0000000086d00000, 0x0000000086e00000|  0%| F|  |TAMS 0x0000000086d00000| PB 0x0000000086d00000| Untracked 
|  68|0x0000000086e00000, 0x0000000086e00000, 0x0000000086f00000|  0%| F|  |TAMS 0x0000000086e00000| PB 0x0000000086e00000| Untracked 
|  69|0x0000000086f00000, 0x0000000086f00000, 0x0000000087000000|  0%| F|  |TAMS 0x0000000086f00000| PB 0x0000000086f00000| Untracked 
|  70|0x0000000087000000, 0x0000000087000000, 0x0000000087100000|  0%| F|  |TAMS 0x0000000087000000| PB 0x0000000087000000| Untracked 
|  71|0x0000000087100000, 0x0000000087100000, 0x0000000087200000|  0%| F|  |TAMS 0x0000000087100000| PB 0x0000000087100000| Untracked 
|  72|0x0000000087200000, 0x0000000087200000, 0x0000000087300000|  0%| F|  |TAMS 0x0000000087200000| PB 0x0000000087200000| Untracked 
|  73|0x0000000087300000, 0x0000000087300000, 0x0000000087400000|  0%| F|  |TAMS 0x0000000087300000| PB 0x0000000087300000| Untracked 
| 125|0x000000008a700000, 0x000000008a700000, 0x000000008a800000|  0%| F|  |TAMS 0x000000008a700000| PB 0x000000008a700000| Untracked 
|2003|0x00000000ffd00000, 0x00000000ffe00000, 0x00000000ffe00000|100%| E|  |TAMS 0x00000000ffd00000| PB 0x00000000ffd00000| Complete 
|2004|0x00000000ffe00000, 0x00000000fff00000, 0x00000000fff00000|100%| O|  |TAMS 0x00000000ffe00000| PB 0x00000000ffe00000| Untracked 
|2005|0x00000000fff00000, 0x0000000100000000, 0x0000000100000000|100%| O|  |TAMS 0x00000000fff00000| PB 0x00000000fff00000| Untracked 

Card table byte_map: [0x0000013afcab0000,0x0000013afcea0000] _byte_map_base: 0x0000013afc69b000

Marking Bits: (CMBitMap*) 0x0000013afc343bc0
 Bits: [0x0000013afd290000, 0x0000013aff1e8000)

Polling page: 0x0000013afa270000

Metaspace:

Usage:
  Non-class:     47.98 MB used.
      Class:      7.46 MB used.
       Both:     55.45 MB used.

Virtual space:
  Non-class space:       64.00 MB reserved,      48.31 MB ( 75%) committed,  1 nodes.
      Class space:        1.00 GB reserved,       7.75 MB ( <1%) committed,  1 nodes.
             Both:        1.06 GB reserved,      56.06 MB (  5%) committed. 

Chunk freelists:
   Non-Class:  3.45 MB
       Class:  222.00 KB
        Both:  3.67 MB

MaxMetaspaceSize: unlimited
CompressedClassSpaceSize: 1.00 GB
Initial GC threshold: 21.00 MB
Current GC threshold: 59.50 MB
CDS: on
MetaspaceReclaimPolicy: balanced
 - commit_granule_bytes: 65536.
 - commit_granule_words: 8192.
 - virtual_space_node_default_size: 8388608.
 - enlarge_chunks_in_place: 1.
 - new_chunks_are_fully_committed: 0.
 - uncommit_free_chunks: 1.
 - use_allocation_guard: 0.


Internal statistics:

num_allocs_failed_limit: 9.
num_arena_births: 818.
num_arena_deaths: 0.
num_vsnodes_births: 2.
num_vsnodes_deaths: 0.
num_space_committed: 897.
num_space_uncommitted: 0.
num_chunks_returned_to_freelist: 9.
num_chunks_taken_from_freelist: 2871.
num_chunk_merges: 9.
num_chunk_splits: 2084.
num_chunks_enlarged: 1603.
num_inconsistent_stats: 0.

CodeHeap 'non-profiled nmethods': size=120000Kb used=3052Kb max_used=3052Kb free=116948Kb
 bounds [0x0000013a8fac0000, 0x0000013a8fdc0000, 0x0000013a96ff0000]
CodeHeap 'profiled nmethods': size=120000Kb used=9269Kb max_used=9269Kb free=110730Kb
 bounds [0x0000013a87ff0000, 0x0000013a88900000, 0x0000013a8f520000]
CodeHeap 'non-nmethods': size=5760Kb used=1670Kb max_used=1682Kb free=4090Kb
 bounds [0x0000013a8f520000, 0x0000013a8f790000, 0x0000013a8fac0000]
 total_blobs=5155 nmethods=4497 adapters=566
 compilation: enabled
              stopped_count=0, restarted_count=0
 full_count=0

Compilation events (20 events):
Event: 7.295 Thread 0x0000013affc63610 4924       3       sun.reflect.generics.reflectiveObjects.WildcardTypeImpl::getLowerBounds (34 bytes)
Event: 7.296 Thread 0x0000013affc63610 nmethod 4924 0x0000013a888f3810 code [0x0000013a888f39e0, 0x0000013a888f4040]
Event: 7.296 Thread 0x0000013affc63610 4925       3       sun.reflect.generics.reflectiveObjects.WildcardTypeImpl::getUpperBounds (34 bytes)
Event: 7.296 Thread 0x0000013affc63610 nmethod 4925 0x0000013a888f4190 code [0x0000013a888f4360, 0x0000013a888f49c0]
Event: 7.297 Thread 0x0000013affc63610 4927       1       org.springframework.beans.PropertyValue::getValue (5 bytes)
Event: 7.297 Thread 0x0000013affc63610 nmethod 4927 0x0000013a8fdbad10 code [0x0000013a8fdbae80, 0x0000013a8fdbaf48]
Event: 7.301 Thread 0x0000013affc63610 4928       3       org.springframework.core.convert.support.GenericConversionService$ConvertersForPair::add (11 bytes)
Event: 7.302 Thread 0x0000013affc63610 nmethod 4928 0x0000013a888f4b10 code [0x0000013a888f4ca0, 0x0000013a888f4e70]
Event: 7.302 Thread 0x0000013affc63610 4929       3       java.util.concurrent.ConcurrentLinkedDeque::addFirst (6 bytes)
Event: 7.302 Thread 0x0000013affc63610 nmethod 4929 0x0000013a888f4f10 code [0x0000013a888f50a0, 0x0000013a888f51d8]
Event: 7.302 Thread 0x0000013affc63610 4930       3       java.util.concurrent.ConcurrentLinkedDeque::linkFirst (114 bytes)
Event: 7.303 Thread 0x0000013affc63610 nmethod 4930 0x0000013a888f5290 code [0x0000013a888f5700, 0x0000013a888f7b38]
Event: 7.303 Thread 0x0000013affc63610 4931       3       java.util.concurrent.ConcurrentLinkedDeque::newNode (18 bytes)
Event: 7.304 Thread 0x0000013affc63610 nmethod 4931 0x0000013a888f8710 code [0x0000013a888f8940, 0x0000013a888f91c8]
Event: 7.315 Thread 0x0000013affc63610 4932       3       org.springframework.core.convert.support.GenericConversionService$Converters::add (75 bytes)
Event: 7.316 Thread 0x0000013affc63610 nmethod 4932 0x0000013a888f9510 code [0x0000013a888f9780, 0x0000013a888fa578]
Event: 7.316 Thread 0x0000013affc63610 4933       3       org.springframework.core.convert.support.GenericConversionService$ConverterAdapter::<init> (41 bytes)
Event: 7.316 Thread 0x0000013affc63610 nmethod 4933 0x0000013a888fa990 code [0x0000013a888fabc0, 0x0000013a888fb798]
Event: 7.316 Thread 0x0000013affc63610 4934       3       org.springframework.core.convert.support.GenericConversionService$ConverterAdapter::getConvertibleTypes (8 bytes)
Event: 7.317 Thread 0x0000013affc63610 nmethod 4934 0x0000013a888fbb10 code [0x0000013a888fbcc0, 0x0000013a888fc068]

GC Heap History (14 events):
Event: 0.826 GC heap before
{Heap before GC invocations=0 (full 0):
 garbage-first heap   total 129024K, used 26624K [0x0000000082a00000, 0x0000000100000000)
  region size 1024K, 23 young (23552K), 0 survivors (0K)
 Metaspace       used 5849K, committed 6080K, reserved 1114112K
  class space    used 661K, committed 768K, reserved 1048576K
}
Event: 0.831 GC heap after
{Heap after GC invocations=1 (full 0):
 garbage-first heap   total 129024K, used 9301K [0x0000000082a00000, 0x0000000100000000)
  region size 1024K, 3 young (3072K), 3 survivors (3072K)
 Metaspace       used 5849K, committed 6080K, reserved 1114112K
  class space    used 661K, committed 768K, reserved 1048576K
}
Event: 1.785 GC heap before
{Heap before GC invocations=1 (full 0):
 garbage-first heap   total 129024K, used 35925K [0x0000000082a00000, 0x0000000100000000)
  region size 1024K, 30 young (30720K), 3 survivors (3072K)
 Metaspace       used 12991K, committed 13312K, reserved 1114112K
  class space    used 1506K, committed 1664K, reserved 1048576K
}
Event: 1.794 GC heap after
{Heap after GC invocations=2 (full 0):
 garbage-first heap   total 129024K, used 12238K [0x0000000082a00000, 0x0000000100000000)
  region size 1024K, 3 young (3072K), 3 survivors (3072K)
 Metaspace       used 12991K, committed 13312K, reserved 1114112K
  class space    used 1506K, committed 1664K, reserved 1048576K
}
Event: 2.998 GC heap before
{Heap before GC invocations=2 (full 0):
 garbage-first heap   total 129024K, used 60366K [0x0000000082a00000, 0x0000000100000000)
  region size 1024K, 52 young (53248K), 3 survivors (3072K)
 Metaspace       used 21235K, committed 21504K, reserved 1114112K
  class space    used 2514K, committed 2624K, reserved 1048576K
}
Event: 3.006 GC heap after
{Heap after GC invocations=3 (full 0):
 garbage-first heap   total 129024K, used 16462K [0x0000000082a00000, 0x0000000100000000)
  region size 1024K, 7 young (7168K), 7 survivors (7168K)
 Metaspace       used 21235K, committed 21504K, reserved 1114112K
  class space    used 2514K, committed 2624K, reserved 1048576K
}
Event: 4.522 GC heap before
{Heap before GC invocations=4 (full 0):
 garbage-first heap   total 61440K, used 60494K [0x0000000082a00000, 0x0000000100000000)
  region size 1024K, 50 young (51200K), 7 survivors (7168K)
 Metaspace       used 29694K, committed 30208K, reserved 1114112K
  class space    used 3778K, committed 3968K, reserved 1048576K
}
Event: 4.547 GC heap after
{Heap after GC invocations=5 (full 0):
 garbage-first heap   total 72704K, used 20141K [0x0000000082a00000, 0x0000000100000000)
  region size 1024K, 8 young (8192K), 8 survivors (8192K)
 Metaspace       used 29694K, committed 30208K, reserved 1114112K
  class space    used 3778K, committed 3968K, reserved 1048576K
}
Event: 5.273 GC heap before
{Heap before GC invocations=5 (full 0):
 garbage-first heap   total 72704K, used 47789K [0x0000000082a00000, 0x0000000100000000)
  region size 1024K, 35 young (35840K), 8 survivors (8192K)
 Metaspace       used 35412K, committed 35968K, reserved 1114112K
  class space    used 4596K, committed 4864K, reserved 1048576K
}
Event: 5.281 GC heap after
{Heap after GC invocations=6 (full 0):
 garbage-first heap   total 72704K, used 22177K [0x0000000082a00000, 0x0000000100000000)
  region size 1024K, 3 young (3072K), 3 survivors (3072K)
 Metaspace       used 35412K, committed 35968K, reserved 1114112K
  class space    used 4596K, committed 4864K, reserved 1048576K
}
Event: 5.305 GC heap before
{Heap before GC invocations=6 (full 0):
 garbage-first heap   total 72704K, used 23201K [0x0000000082a00000, 0x0000000100000000)
  region size 1024K, 5 young (5120K), 3 survivors (3072K)
 Metaspace       used 35781K, committed 36288K, reserved 1114112K
  class space    used 4647K, committed 4864K, reserved 1048576K
}
Event: 5.308 GC heap after
{Heap after GC invocations=7 (full 0):
 garbage-first heap   total 72704K, used 21767K [0x0000000082a00000, 0x0000000100000000)
  region size 1024K, 2 young (2048K), 2 survivors (2048K)
 Metaspace       used 35781K, committed 36288K, reserved 1114112K
  class space    used 4647K, committed 4864K, reserved 1048576K
}
Event: 6.578 GC heap before
{Heap before GC invocations=8 (full 0):
 garbage-first heap   total 72704K, used 59655K [0x0000000082a00000, 0x0000000100000000)
  region size 1024K, 39 young (39936K), 2 survivors (2048K)
 Metaspace       used 46130K, committed 46720K, reserved 1114112K
  class space    used 6066K, committed 6336K, reserved 1048576K
}
Event: 6.582 GC heap after
{Heap after GC invocations=9 (full 0):
 garbage-first heap   total 72704K, used 24047K [0x0000000082a00000, 0x0000000100000000)
  region size 1024K, 4 young (4096K), 4 survivors (4096K)
 Metaspace       used 46130K, committed 46720K, reserved 1114112K
  class space    used 6066K, committed 6336K, reserved 1048576K
}

Dll operation events (14 events):
Event: 0.011 Loaded shared library C:\Program Files\Java\jdk-20\bin\java.dll
Event: 0.024 Loaded shared library C:\Program Files\Java\jdk-20\bin\jsvml.dll
Event: 0.141 Loaded shared library C:\Program Files\Java\jdk-20\bin\zip.dll
Event: 0.144 Loaded shared library C:\Program Files\Java\jdk-20\bin\instrument.dll
Event: 0.149 Loaded shared library C:\Program Files\Java\jdk-20\bin\net.dll
Event: 0.150 Loaded shared library C:\Program Files\Java\jdk-20\bin\nio.dll
Event: 0.155 Loaded shared library C:\Program Files\Java\jdk-20\bin\zip.dll
Event: 0.407 Loaded shared library C:\Program Files\JetBrains\IntelliJ IDEA Community Edition 2022.2.3\bin\breakgen64.dll
Event: 0.416 Loaded shared library C:\Program Files\Java\jdk-20\bin\extnet.dll
Event: 0.498 Loaded shared library C:\Program Files\Java\jdk-20\bin\jimage.dll
Event: 1.949 Loaded shared library C:\Program Files\Java\jdk-20\bin\sunmscapi.dll
Event: 4.571 Loaded shared library C:\Program Files\Java\jdk-20\bin\management.dll
Event: 4.573 Loaded shared library C:\Program Files\Java\jdk-20\bin\management_ext.dll
Event: 5.259 Loaded shared library C:\Program Files\Java\jdk-20\bin\verify.dll

Deoptimization events (20 events):
Event: 7.231 Thread 0x0000013afc2e4cd0 Uncommon trap: trap_request=0xffffff45 fr.pc=0x0000013a8fc596b4 relative=0x0000000000000ed4
Event: 7.231 Thread 0x0000013afc2e4cd0 Uncommon trap: reason=unstable_if action=reinterpret pc=0x0000013a8fc596b4 method=org.springframework.core.ResolvableType.resolveClass()Ljava/lang/Class; @ 38 c2
Event: 7.231 Thread 0x0000013afc2e4cd0 DEOPT PACKING pc=0x0000013a8fc596b4 sp=0x0000000bac6fc020
Event: 7.231 Thread 0x0000013afc2e4cd0 DEOPT UNPACKING pc=0x0000013a8f589d22 sp=0x0000000bac6fbf08 mode 2
Event: 7.231 Thread 0x0000013afc2e4cd0 Uncommon trap: trap_request=0xffffffde fr.pc=0x0000013a8fc130d8 relative=0x0000000000000bd8
Event: 7.231 Thread 0x0000013afc2e4cd0 Uncommon trap: reason=class_check action=maybe_recompile pc=0x0000013a8fc130d8 method=org.springframework.core.ResolvableType.resolveType()Lorg/springframework/core/ResolvableType; @ 96 c2
Event: 7.231 Thread 0x0000013afc2e4cd0 DEOPT PACKING pc=0x0000013a8fc130d8 sp=0x0000000bac6fbc90
Event: 7.231 Thread 0x0000013afc2e4cd0 DEOPT UNPACKING pc=0x0000013a8f589d22 sp=0x0000000bac6fbc68 mode 2
Event: 7.255 Thread 0x0000013afc2e4cd0 Uncommon trap: trap_request=0xffffff45 fr.pc=0x0000013a8fd77574 relative=0x0000000000000e54
Event: 7.255 Thread 0x0000013afc2e4cd0 Uncommon trap: reason=unstable_if action=reinterpret pc=0x0000013a8fd77574 method=java.util.concurrent.ConcurrentHashMap.putVal(Ljava/lang/Object;Ljava/lang/Object;Z)Ljava/lang/Object; @ 401 c2
Event: 7.255 Thread 0x0000013afc2e4cd0 DEOPT PACKING pc=0x0000013a8fd77574 sp=0x0000000bac6fc410
Event: 7.255 Thread 0x0000013afc2e4cd0 DEOPT UNPACKING pc=0x0000013a8f589d22 sp=0x0000000bac6fc3a0 mode 2
Event: 7.257 Thread 0x0000013afc2e4cd0 Uncommon trap: trap_request=0xffffff45 fr.pc=0x0000013a8fd20200 relative=0x0000000000000260
Event: 7.257 Thread 0x0000013afc2e4cd0 Uncommon trap: reason=unstable_if action=reinterpret pc=0x0000013a8fd20200 method=java.util.concurrent.ConcurrentHashMap.get(Ljava/lang/Object;)Ljava/lang/Object; @ 86 c2
Event: 7.257 Thread 0x0000013afc2e4cd0 DEOPT PACKING pc=0x0000013a8fd20200 sp=0x0000000bac6fc4b0
Event: 7.257 Thread 0x0000013afc2e4cd0 DEOPT UNPACKING pc=0x0000013a8f589d22 sp=0x0000000bac6fc418 mode 2
Event: 7.294 Thread 0x0000013afc2e4cd0 Uncommon trap: trap_request=0xffffffde fr.pc=0x0000013a8fc130d8 relative=0x0000000000000bd8
Event: 7.294 Thread 0x0000013afc2e4cd0 Uncommon trap: reason=class_check action=maybe_recompile pc=0x0000013a8fc130d8 method=org.springframework.core.ResolvableType.resolveType()Lorg/springframework/core/ResolvableType; @ 96 c2
Event: 7.294 Thread 0x0000013afc2e4cd0 DEOPT PACKING pc=0x0000013a8fc130d8 sp=0x0000000bac6fbe40
Event: 7.294 Thread 0x0000013afc2e4cd0 DEOPT UNPACKING pc=0x0000013a8f589d22 sp=0x0000000bac6fbe18 mode 2

Classes loaded (20 events):
Event: 6.754 Loading class java/util/ArrayList$ListItr
Event: 6.754 Loading class java/util/ArrayList$ListItr done
Event: 6.829 Loading class java/util/AbstractList$SubList
Event: 6.829 Loading class java/util/AbstractList$SubList done
Event: 6.842 Loading class java/lang/reflect/AnnotatedArrayType
Event: 6.842 Loading class java/lang/reflect/AnnotatedArrayType done
Event: 6.884 Loading class java/lang/foreign/ValueLayout
Event: 6.885 Loading class java/lang/foreign/MemoryLayout
Event: 6.885 Loading class java/lang/foreign/MemoryLayout done
Event: 6.885 Loading class java/lang/foreign/ValueLayout done
Event: 7.207 Loading class javax/naming/Reference
Event: 7.207 Loading class javax/naming/Reference done
Event: 7.230 Loading class java/lang/SafeVarargs
Event: 7.230 Loading class java/lang/SafeVarargs done
Event: 7.230 Loading class sun/reflect/generics/reflectiveObjects/GenericArrayTypeImpl
Event: 7.231 Loading class sun/reflect/generics/reflectiveObjects/GenericArrayTypeImpl done
Event: 7.255 Loading class java/util/concurrent/ConcurrentHashMap$TreeNode
Event: 7.255 Loading class java/util/concurrent/ConcurrentHashMap$TreeNode done
Event: 7.255 Loading class java/util/concurrent/ConcurrentHashMap$TreeBin
Event: 7.256 Loading class java/util/concurrent/ConcurrentHashMap$TreeBin done

Classes unloaded (0 events):
No events

Classes redefined (0 events):
No events

Internal exceptions (20 events):
Event: 6.957 Thread 0x0000013afc2e4cd0 Exception <a 'java/lang/NoSuchMethodError'{0x0000000085a64010}: 'java.lang.Object java.lang.invoke.Invokers$Holder.linkToTargetMethod(java.lang.Object, int, java.lang.Object, java.lang.Object)'> (0x0000000085a64010) 
thrown [s\open\src\hotspot\share\interpreter\linkResolver.cpp, line 773]
Event: 6.973 Thread 0x0000013afc2e4cd0 Exception <a 'java/lang/NoSuchMethodError'{0x00000000859359e0}: 'void java.lang.invoke.DirectMethodHandle$Holder.invokeSpecial(java.lang.Object, java.lang.Object, java.lang.Object, java.lang.Object, java.lang.Object, java.lang.Object, java.lang.Object, java.lang.Object)'> (0x00000000859359e0) 
thrown [s\open\src\hotspot\share\interpreter\linkResolver.cpp, line 773]
Event: 6.976 Thread 0x0000013afc2e4cd0 Exception <a 'java/lang/NoSuchMethodError'{0x0000000085965a68}: 'void java.lang.invoke.DirectMethodHandle$Holder.invokeSpecial(java.lang.Object, java.lang.Object, int, java.lang.Object)'> (0x0000000085965a68) 
thrown [s\open\src\hotspot\share\interpreter\linkResolver.cpp, line 773]
Event: 6.976 Thread 0x0000013afc2e4cd0 Exception <a 'java/lang/NoSuchMethodError'{0x000000008596c608}: 'java.lang.Object java.lang.invoke.DirectMethodHandle$Holder.newInvokeSpecial(java.lang.Object, java.lang.Object, int)'> (0x000000008596c608) 
thrown [s\open\src\hotspot\share\interpreter\linkResolver.cpp, line 773]
Event: 6.994 Thread 0x0000013afc2e4cd0 Exception <a 'java/lang/NoSuchMethodError'{0x00000000858b2888}: 'int java.lang.invoke.DirectMethodHandle$Holder.invokeStatic(java.lang.Object, int, java.lang.Object)'> (0x00000000858b2888) 
thrown [s\open\src\hotspot\share\interpreter\linkResolver.cpp, line 773]
Event: 6.995 Thread 0x0000013afc2e4cd0 Exception <a 'java/lang/NoSuchMethodError'{0x00000000858cfd98}: 'java.lang.Object java.lang.invoke.DirectMethodHandle$Holder.newInvokeSpecial(java.lang.Object, java.lang.Object, java.lang.Object, java.lang.Object, java.lang.Object, int, java.lang.Object)'> (0x00000000858cfd98) 
thrown [s\open\src\hotspot\share\interpreter\linkResolver.cpp, line 773]
Event: 6.998 Thread 0x0000013afc2e4cd0 Exception <a 'java/lang/NoSuchMethodError'{0x0000000085702a60}: 'java.lang.Object java.lang.invoke.DirectMethodHandle$Holder.newInvokeSpecial(java.lang.Object, java.lang.Object, java.lang.Object, java.lang.Object, java.lang.Object, java.lang.Object, java.lang.Object, java.lang.Object, java.lang.Object, java.lang.Object, java.lang.Object, java.lang.Object)'> (0x0000000085702a60) 
thrown [s\open\src\hotspot\share\interpreter\linkResolver.cpp, line 773]
Event: 6.998 Thread 0x0000013afc2e4cd0 Exception <a 'java/lang/NoSuchMethodError'{0x00000000857072f8}: 'java.lang.Object java.lang.invoke.DirectMethodHandle$Holder.invokeSpecial(java.lang.Object, java.lang.Object, java.lang.Object, java.lang.Object, java.lang.Object, java.lang.Object, java.lang.Object, java.lang.Object, java.lang.Object, java.lang.Object, java.lang.Object, java.lang.Object, java.lang.Object)'> (0x00000000857072f8) 
thrown [s\open\src\hotspot\share\interpreter\linkResolver.cpp, line 773]
Event: 6.998 Thread 0x0000013afc2e4cd0 Exception <a 'java/lang/NoSuchMethodError'{0x000000008570b7d0}: 'java.lang.Object java.lang.invoke.Invokers$Holder.linkToTargetMethod(java.lang.Object, java.lang.Object, java.lang.Object, java.lang.Object, java.lang.Object, java.lang.Object, java.lang.Object, java.lang.Object, java.lang.Object, java.lang.Object, java.lang.Object, java.lang.Object)'> (0x000000008570b7d0) 
thrown [s\open\src\hotspot\share\interpreter\linkResolver.cpp, line 773]
Event: 7.021 Thread 0x0000013afc2e4cd0 Exception <a 'java/lang/IncompatibleClassChangeError'{0x0000000085676ff8}: Found class java.lang.Object, but interface was expected> (0x0000000085676ff8) 
thrown [s\open\src\hotspot\share\interpreter\linkResolver.cpp, line 840]
Event: 7.021 Thread 0x0000013afc2e4cd0 Exception <a 'java/lang/NoSuchMethodError'{0x00000000856845d8}: 'java.lang.Object java.lang.invoke.DirectMethodHandle$Holder.newInvokeSpecial(java.lang.Object, java.lang.Object, java.lang.Object, java.lang.Object, java.lang.Object, java.lang.Object)'> (0x00000000856845d8) 
thrown [s\open\src\hotspot\share\interpreter\linkResolver.cpp, line 773]
Event: 7.028 Thread 0x0000013afc2e4cd0 Exception <a 'java/lang/NoSuchMethodError'{0x00000000856e90c0}: 'java.lang.Object java.lang.invoke.DirectMethodHandle$Holder.newInvokeSpecial(java.lang.Object, java.lang.Object, java.lang.Object, java.lang.Object, java.lang.Object, java.lang.Object, java.lang.Object, int)'> (0x00000000856e90c0) 
thrown [s\open\src\hotspot\share\interpreter\linkResolver.cpp, line 773]
Event: 7.028 Thread 0x0000013afc2e4cd0 Exception <a 'java/lang/NoSuchMethodError'{0x00000000856ed620}: 'java.lang.Object java.lang.invoke.DirectMethodHandle$Holder.invokeSpecial(java.lang.Object, java.lang.Object, java.lang.Object, java.lang.Object, java.lang.Object, java.lang.Object, java.lang.Object, java.lang.Object, int)'> (0x00000000856ed620) 
thrown [s\open\src\hotspot\share\interpreter\linkResolver.cpp, line 773]
Event: 7.028 Thread 0x0000013afc2e4cd0 Exception <a 'java/lang/NoSuchMethodError'{0x00000000856f1638}: 'java.lang.Object java.lang.invoke.Invokers$Holder.linkToTargetMethod(java.lang.Object, java.lang.Object, java.lang.Object, java.lang.Object, java.lang.Object, java.lang.Object, int, java.lang.Object)'> (0x00000000856f1638) 
thrown [s\open\src\hotspot\share\interpreter\linkResolver.cpp, line 773]
Event: 7.043 Thread 0x0000013afc2e4cd0 Exception <a 'java/lang/NoSuchMethodError'{0x000000008559f240}: 'void java.lang.invoke.DirectMethodHandle$Holder.invokeInterface(java.lang.Object, java.lang.Object)'> (0x000000008559f240) 
thrown [s\open\src\hotspot\share\interpreter\linkResolver.cpp, line 773]
Event: 7.211 Thread 0x0000013afc2e4cd0 Exception <a 'java/lang/NoSuchMethodError'{0x000000008514ddd8}: 'void java.lang.invoke.Invokers$Holder.invokeExact_MT(java.lang.Object, java.lang.Object, java.lang.Object, java.lang.Object)'> (0x000000008514ddd8) 
thrown [s\open\src\hotspot\share\interpreter\linkResolver.cpp, line 773]
Event: 7.226 Thread 0x0000013afc2e4cd0 Implicit null exception at 0x0000013a8fb8ebd1 to 0x0000013a8fb8edc4
Event: 7.256 Thread 0x0000013afc2e4cd0 Exception <a 'java/lang/IncompatibleClassChangeError'{0x0000000084ef27c8}: Found class java.lang.Object, but interface was expected> (0x0000000084ef27c8) 
thrown [s\open\src\hotspot\share\interpreter\linkResolver.cpp, line 840]
Event: 7.266 Thread 0x0000013afc2e4cd0 Exception <a 'java/lang/IncompatibleClassChangeError'{0x0000000084d70d18}: Found class java.lang.Object, but interface was expected> (0x0000000084d70d18) 
thrown [s\open\src\hotspot\share\interpreter\linkResolver.cpp, line 840]
Event: 7.308 Thread 0x0000013afc2e4cd0 Exception <a 'java/lang/IncompatibleClassChangeError'{0x0000000084ccdf20}: Found class java.lang.Object, but interface was expected> (0x0000000084ccdf20) 
thrown [s\open\src\hotspot\share\interpreter\linkResolver.cpp, line 840]

VM Operations (20 events):
Event: 5.305 Executing VM operation: CollectForMetadataAllocation
Event: 5.308 Executing VM operation: CollectForMetadataAllocation done
Event: 5.323 Executing VM operation: G1PauseRemark
Event: 5.327 Executing VM operation: G1PauseRemark done
Event: 5.334 Executing VM operation: G1PauseCleanup
Event: 5.334 Executing VM operation: G1PauseCleanup done
Event: 5.995 Executing VM operation: HandshakeAllThreads
Event: 5.995 Executing VM operation: HandshakeAllThreads done
Event: 6.015 Executing VM operation: HandshakeAllThreads
Event: 6.015 Executing VM operation: HandshakeAllThreads done
Event: 6.510 Executing VM operation: ICBufferFull
Event: 6.511 Executing VM operation: ICBufferFull done
Event: 6.578 Executing VM operation: G1CollectForAllocation
Event: 6.582 Executing VM operation: G1CollectForAllocation done
Event: 6.752 Executing VM operation: HandshakeAllThreads
Event: 6.752 Executing VM operation: HandshakeAllThreads done
Event: 6.755 Executing VM operation: HandshakeAllThreads
Event: 6.755 Executing VM operation: HandshakeAllThreads done
Event: 7.232 Executing VM operation: ICBufferFull
Event: 7.232 Executing VM operation: ICBufferFull done

Events (20 events):
Event: 5.326 Thread 0x0000013affc2c6b0 flushing nmethod 0x0000013a8fad9490
Event: 5.326 Thread 0x0000013affc2c6b0 flushing nmethod 0x0000013a8fad8190
Event: 5.326 Thread 0x0000013affc2c6b0 flushing nmethod 0x0000013a8fad7810
Event: 5.326 Thread 0x0000013affc2c6b0 flushing nmethod 0x0000013a8fad6890
Event: 5.326 Thread 0x0000013affc2c6b0 flushing nmethod 0x0000013a8fad1590
Event: 5.326 Thread 0x0000013affc2c6b0 flushing nmethod 0x0000013a8fac1410
Event: 5.326 Thread 0x0000013affc2c6b0 flushing nmethod 0x0000013a8fac0010
Event: 5.981 Thread 0x0000013aa1487e20 Thread exited: 0x0000013aa1487e20
Event: 6.040 Thread 0x0000013aa1487df0 Thread added: 0x0000013aa1487df0
Event: 6.110 Thread 0x0000013a9ffb1c30 Thread added: 0x0000013a9ffb1c30
Event: 6.129 Thread 0x0000013a9ffb2180 Thread added: 0x0000013a9ffb2180
Event: 6.236 Thread 0x0000013a9ffb26d0 Thread added: 0x0000013a9ffb26d0
Event: 6.236 Thread 0x0000013aa1487df0 Thread exited: 0x0000013aa1487df0
Event: 6.242 Thread 0x0000013a9e931040 Thread exited: 0x0000013a9e931040
Event: 6.269 Thread 0x0000013a9e931040 Thread added: 0x0000013a9e931040
Event: 6.269 Thread 0x0000013aa1487df0 Thread added: 0x0000013aa1487df0
Event: 7.179 Thread 0x0000013aa1487df0 Thread exited: 0x0000013aa1487df0
Event: 7.179 Thread 0x0000013a9e931040 Thread exited: 0x0000013a9e931040
Event: 7.234 Thread 0x0000013aa103f030 Thread added: 0x0000013aa103f030
Event: 7.257 Thread 0x0000013a9e931040 Thread added: 0x0000013a9e931040


Dynamic libraries:
0x00007ff7ac260000 - 0x00007ff7ac270000 	C:\Program Files\Java\jdk-20\bin\java.exe
0x00007fffd1ed0000 - 0x00007fffd20e7000 	C:\WINDOWS\SYSTEM32\ntdll.dll
0x00007fffd0320000 - 0x00007fffd03e4000 	C:\WINDOWS\System32\KERNEL32.DLL
0x00007fffcf510000 - 0x00007fffcf8c7000 	C:\WINDOWS\System32\KERNELBASE.dll
0x00007fffcf8d0000 - 0x00007fffcf9e1000 	C:\WINDOWS\System32\ucrtbase.dll
0x00007fffca7b0000 - 0x00007fffca7c9000 	C:\Program Files\Java\jdk-20\bin\jli.dll
0x00007fffca750000 - 0x00007fffca76b000 	C:\Program Files\Java\jdk-20\bin\VCRUNTIME140.dll
0x00007fffd09a0000 - 0x00007fffd0a52000 	C:\WINDOWS\System32\ADVAPI32.dll
0x00007fffd07e0000 - 0x00007fffd0887000 	C:\WINDOWS\System32\msvcrt.dll
0x00007fffd03f0000 - 0x00007fffd0499000 	C:\WINDOWS\System32\sechost.dll
0x00007fffcf9f0000 - 0x00007fffcfa18000 	C:\WINDOWS\System32\bcrypt.dll
0x00007fffd04e0000 - 0x00007fffd05f4000 	C:\WINDOWS\System32\RPCRT4.dll
0x00007fffd0b40000 - 0x00007fffd0cef000 	C:\WINDOWS\System32\USER32.dll
0x00007fffbb950000 - 0x00007fffbbbe3000 	C:\WINDOWS\WinSxS\amd64_microsoft.windows.common-controls_6595b64144ccf1df_6.0.22621.3646_none_27105dd3738543d4\COMCTL32.dll
0x00007fffcfb60000 - 0x00007fffcfb86000 	C:\WINDOWS\System32\win32u.dll
0x00007fffd04b0000 - 0x00007fffd04d9000 	C:\WINDOWS\System32\GDI32.dll
0x00007fffcf280000 - 0x00007fffcf399000 	C:\WINDOWS\System32\gdi32full.dll
0x00007fffcf1e0000 - 0x00007fffcf27a000 	C:\WINDOWS\System32\msvcp_win.dll
0x00007fffcaf10000 - 0x00007fffcaf1a000 	C:\WINDOWS\SYSTEM32\VERSION.dll
0x00007fffcfc00000 - 0x00007fffcfc31000 	C:\WINDOWS\System32\IMM32.DLL
0x00007fffca7a0000 - 0x00007fffca7ac000 	C:\Program Files\Java\jdk-20\bin\vcruntime140_1.dll
0x00007fffa9ff0000 - 0x00007fffaa07e000 	C:\Program Files\Java\jdk-20\bin\msvcp140.dll
0x00007fff50370000 - 0x00007fff51007000 	C:\Program Files\Java\jdk-20\bin\server\jvm.dll
0x00007fffca9c0000 - 0x00007fffca9f4000 	C:\WINDOWS\SYSTEM32\WINMM.dll
0x00007fffccd30000 - 0x00007fffccd39000 	C:\WINDOWS\SYSTEM32\WSOCK32.dll
0x00007fffd0d80000 - 0x00007fffd0df1000 	C:\WINDOWS\System32\WS2_32.dll
0x00007fffce2e0000 - 0x00007fffce2f8000 	C:\WINDOWS\SYSTEM32\kernel.appcore.dll
0x00007fffc9090000 - 0x00007fffc909a000 	C:\Program Files\Java\jdk-20\bin\jimage.dll
0x00007fffccae0000 - 0x00007fffccd12000 	C:\WINDOWS\SYSTEM32\DBGHELP.DLL
0x00007fffd1670000 - 0x00007fffd19fe000 	C:\WINDOWS\System32\combase.dll
0x00007fffd0a60000 - 0x00007fffd0b37000 	C:\WINDOWS\System32\OLEAUT32.dll
0x00007fffb40b0000 - 0x00007fffb40e2000 	C:\WINDOWS\SYSTEM32\dbgcore.DLL
0x00007fffcfa20000 - 0x00007fffcfa9b000 	C:\WINDOWS\System32\bcryptPrimitives.dll
0x00007fffccdb0000 - 0x00007fffccdbe000 	C:\Program Files\Java\jdk-20\bin\instrument.dll
0x00007fffbdbb0000 - 0x00007fffbdbd6000 	C:\Program Files\Java\jdk-20\bin\java.dll
0x00007fff9e3c0000 - 0x00007fff9e497000 	C:\Program Files\Java\jdk-20\bin\jsvml.dll
0x00007fffd0e00000 - 0x00007fffd1669000 	C:\WINDOWS\System32\SHELL32.dll
0x00007fffcd110000 - 0x00007fffcda10000 	C:\WINDOWS\SYSTEM32\windows.storage.dll
0x00007fffccfd0000 - 0x00007fffcd10f000 	C:\WINDOWS\SYSTEM32\wintypes.dll
0x00007fffd0660000 - 0x00007fffd0759000 	C:\WINDOWS\System32\SHCORE.dll
0x00007fffd1bd0000 - 0x00007fffd1c2e000 	C:\WINDOWS\System32\shlwapi.dll
0x00007fffcf110000 - 0x00007fffcf136000 	C:\WINDOWS\SYSTEM32\profapi.dll
0x00007fffb0dc0000 - 0x00007fffb0dd8000 	C:\Program Files\Java\jdk-20\bin\zip.dll
0x00007fffbb330000 - 0x00007fffbb343000 	C:\Program Files\Java\jdk-20\bin\net.dll
0x00007fffcb0f0000 - 0x00007fffcb226000 	C:\WINDOWS\SYSTEM32\WINHTTP.dll
0x00007fffce750000 - 0x00007fffce7b9000 	C:\WINDOWS\system32\mswsock.dll
0x00007fffb0de0000 - 0x00007fffb0df6000 	C:\Program Files\Java\jdk-20\bin\nio.dll
0x00007fffbe010000 - 0x00007fffbe02a000 	C:\Program Files\JetBrains\IntelliJ IDEA Community Edition 2022.2.3\bin\breakgen64.dll
0x00007fffbdb40000 - 0x00007fffbdb47000 	C:\Program Files\Java\jdk-20\bin\extnet.dll
0x00007fffcdc70000 - 0x00007fffcdc9d000 	C:\WINDOWS\SYSTEM32\IPHLPAPI.DLL
0x00007fffd04a0000 - 0x00007fffd04a9000 	C:\WINDOWS\System32\NSI.dll
0x00007fffcb320000 - 0x00007fffcb339000 	C:\WINDOWS\SYSTEM32\dhcpcsvc6.DLL
0x00007fffcae40000 - 0x00007fffcae5f000 	C:\WINDOWS\SYSTEM32\dhcpcsvc.DLL
0x00007fffcdd30000 - 0x00007fffcde28000 	C:\WINDOWS\SYSTEM32\DNSAPI.dll
0x00007fffb94d0000 - 0x00007fffb94da000 	C:\Windows\System32\rasadhlp.dll
0x00007fffca810000 - 0x00007fffca893000 	C:\WINDOWS\System32\fwpuclnt.dll
0x00007fffb9360000 - 0x00007fffb936e000 	C:\Program Files\Java\jdk-20\bin\sunmscapi.dll
0x00007fffcf3a0000 - 0x00007fffcf507000 	C:\WINDOWS\System32\CRYPT32.dll
0x00007fffceb80000 - 0x00007fffcebae000 	C:\WINDOWS\SYSTEM32\ncrypt.dll
0x00007fffceb40000 - 0x00007fffceb77000 	C:\WINDOWS\SYSTEM32\NTASN1.dll
0x00007fffce9c0000 - 0x00007fffce9db000 	C:\WINDOWS\SYSTEM32\CRYPTSP.dll
0x00007fffce1c0000 - 0x00007fffce1f5000 	C:\WINDOWS\system32\rsaenh.dll
0x00007fffce820000 - 0x00007fffce848000 	C:\WINDOWS\SYSTEM32\USERENV.dll
0x00007fffce9e0000 - 0x00007fffce9ec000 	C:\WINDOWS\SYSTEM32\CRYPTBASE.dll
0x00007fffbb2a0000 - 0x00007fffbb2aa000 	C:\Program Files\Java\jdk-20\bin\management.dll
0x00007fffbb210000 - 0x00007fffbb21b000 	C:\Program Files\Java\jdk-20\bin\management_ext.dll
0x00007fffd1a00000 - 0x00007fffd1a08000 	C:\WINDOWS\System32\PSAPI.DLL
0x00007fffbdf70000 - 0x00007fffbdf80000 	C:\Program Files\Java\jdk-20\bin\verify.dll

dbghelp: loaded successfully - version: 4.0.5 - missing functions: none
symbol engine: initialized successfully - sym options: 0x614 - pdb path: .;C:\Program Files\Java\jdk-20\bin;C:\WINDOWS\SYSTEM32;C:\WINDOWS\WinSxS\amd64_microsoft.windows.common-controls_6595b64144ccf1df_6.0.22621.3646_none_27105dd3738543d4;C:\Program Files\Java\jdk-20\bin\server;C:\Program Files\JetBrains\IntelliJ IDEA Community Edition 2022.2.3\bin

VM Arguments:
jvm_args: -javaagent:C:\Program Files\JetBrains\IntelliJ IDEA Community Edition 2022.2.3\lib\idea_rt.jar=53694:C:\Program Files\JetBrains\IntelliJ IDEA Community Edition 2022.2.3\bin -Dfile.encoding=UTF-8 -Dsun.stdout.encoding=UTF-8 -Dsun.stderr.encoding=UTF-8 
java_command: com.anas.question_service.QuestionServiceApplication
java_class_path (initial): X:\Microservices\question-service\target\classes;C:\Users\anasi\.m2\repository\org\springframework\boot\spring-boot-starter-data-jpa\3.3.4\spring-boot-starter-data-jpa-3.3.4.jar;C:\Users\anasi\.m2\repository\org\springframework\boot\spring-boot-starter-aop\3.3.4\spring-boot-starter-aop-3.3.4.jar;C:\Users\anasi\.m2\repository\org\springframework\spring-aop\6.1.13\spring-aop-6.1.13.jar;C:\Users\anasi\.m2\repository\org\aspectj\aspectjweaver\1.9.22.1\aspectjweaver-1.9.22.1.jar;C:\Users\anasi\.m2\repository\org\springframework\boot\spring-boot-starter-jdbc\3.3.4\spring-boot-starter-jdbc-3.3.4.jar;C:\Users\anasi\.m2\repository\com\zaxxer\HikariCP\5.1.0\HikariCP-5.1.0.jar;C:\Users\anasi\.m2\repository\org\springframework\spring-jdbc\6.1.13\spring-jdbc-6.1.13.jar;C:\Users\anasi\.m2\repository\org\hibernate\orm\hibernate-core\6.5.3.Final\hibernate-core-6.5.3.Final.jar;C:\Users\anasi\.m2\repository\jakarta\persistence\jakarta.persistence-api\3.1.0\jakarta.persistence-api-3.1.0.jar;C:\Users\anasi\.m2\repository\jakarta\transaction\jakarta.transaction-api\2.0.1\jakarta.transaction-api-2.0.1.jar;C:\Users\anasi\.m2\repository\org\jboss\logging\jboss-logging\3.5.3.Final\jboss-logging-3.5.3.Final.jar;C:\Users\anasi\.m2\repository\org\hibernate\common\hibernate-commons-annotations\6.0.6.Final\hibernate-commons-annotations-6.0.6.Final.jar;C:\Users\anasi\.m2\repository\io\smallrye\jandex\3.1.2\jandex-3.1.2.jar;C:\Users\anasi\.m2\repository\com\fasterxml\classmate\1.7.0\classmate-1.7.0.jar;C:\Users\anasi\.m2\repository\net\bytebuddy\byte-buddy\1.14.19\byte-buddy-1.14.19.jar;C:\Users\anasi\.m2\repository\org\glassfish\jaxb\jaxb-runtime\4.0.5\jaxb-runtime-4.0.5.jar;C:\Users\anasi\.m2\repository\org\glassfish\jaxb\jaxb-core\4.0.5\jaxb-core-4.0.5.jar;C:\Users\anasi\.m2\repository\org\eclipse\angus\angus-activation\2.0.2\angus-activation-2.0.2.jar;C:\Users\anasi\.m2\repository\org\glassfish\jaxb\txw2\4.0.5\txw2-4.0.5.jar;C:\Users\anasi\.m2\repository\com\sun\istack\istack-commons-runtime\4.1.2\istack-commons-runtime-4.1.2.jar;C:\Users\anasi\.m2\repository\jakarta\inject\jakarta.inject-api\2.0.1\jakarta.inject-api-2.0.1.jar;C:\Users\anasi\.m2\repository\org\antlr\antlr4-runtime\4.13.0\antlr4-runtime-4.13.0.jar;C:\Users\anasi\.m2\repository\org\springframework\data\spring-data-jpa\3.3.4\spring-data-jpa-3.3.4.jar;C:\Users\anasi\.m2\repository\org\springframework\data\spring-data-commons\3.3.4\spring-data-commons-3.3.4.jar;C:\Users\anasi\.m2\repository\org\springframework\spring-orm\6.1.13\spring-orm-6.1.13.jar;C:\Users\anasi\.m2\repository\org\springframework\spring-context\6.1.13\spring-context-6.1.13.jar;C:\Users\anasi\.m2\repository\org\springframework\spring-tx\6.1.13\spring-tx-6.1.13.jar;C:\Users\anasi\.m2\repository\org\springframework\spring-beans\6.1.13\spring-beans-6.1.13.jar;C:\Users\anasi\.m2\repository\jakarta\annotation\jakarta.annotation-api\2.1.1\jakarta.annotation-api-2.1.1.jar;C:\Users\anasi\.m2\repository\org\slf4j\slf4j-api\2.0.16\slf4j-api-2.0.16.jar;C:\Users\anasi\.m2\repository\org\springframework\spring-aspects\6.1.13\spring-aspects-6.1.13.jar;C:\Users\anasi\.m2\repository\org\springframework\boot\spring-boot-starter-web\3.3.4\spring-boot-starter-web-3.3.4.jar;C:\Users\anasi\.m2\repository\org\springframework\boot\spring-boot-starter\3.3.4\spring-boot-starter-3.3.4.jar;C:\Users\anasi\.m2\repository\org\springframework\boot\spring-boot\3.3.4\spring-boot-3.3.4.jar;C:\Users\anasi\.m2\repository\org\springframework\boot\spring-boot-autoconfigure\3.3.4\spring-boot-autoconfigure-3.3.4.jar;C:\Users\anasi\.m2\repository\org\springframework\boot\spring-boot-starter-logging\3.3.4\spring-boot-starter-logging-3.3.4.jar;C:\Users\anasi\.m2\repository\ch\qos\logback\logback-classic\1.5.8\logback-classic-1.5.8.jar;C:\Users\anasi\.m2\repository\ch\qos\logback\logback-core\1.5.8\logback-core-1.5.8.jar;C:\Users\anasi\.m2\repository\org\apache\logging\log4j\log4j-to-slf4j\2.23.1\log4j-to-slf4j-2.23.1.jar;C:\Users\anasi\.m2\repository\org\apache\logging\log4j\log4j-api\2.23.1\log4j-api-2.23.1.jar;C:\Users\anasi\.m2\repository\org\slf4j\jul-to-slf4j\2.0.16\jul-to-slf4j-2.0.16.jar;C:\Users\anasi\.m2\repository\org\yaml\snakeyaml\2.2\snakeyaml-2.2.jar;C:\Users\anasi\.m2\repository\org\springframework\boot\spring-boot-starter-json\3.3.4\spring-boot-starter-json-3.3.4.jar;C:\Users\anasi\.m2\repository\com\fasterxml\jackson\core\jackson-databind\2.17.2\jackson-databind-2.17.2.jar;C:\Users\anasi\.m2\repository\com\fasterxml\jackson\datatype\jackson-datatype-jdk8\2.17.2\jackson-datatype-jdk8-2.17.2.jar;C:\Users\anasi\.m2\repository\com\fasterxml\jackson\datatype\jackson-datatype-jsr310\2.17.2\jackson-datatype-jsr310-2.17.2.jar;C:\Users\anasi\.m2\repository\com\fasterxml\jackson\module\jackson-module-parameter-names\2.17.2\jackson-module-parameter-names-2.17.2.jar;C:\Users\anasi\.m2\repository\org\springframework\boot\spring-boot-starter-tomcat\3.3.4\spring-boot-starter-tomcat-3.3.4.jar;C:\Users\anasi\.m2\repository\org\apache\tomcat\embed\tomcat-embed-core\10.1.30\tomcat-embed-core-10.1.30.jar;C:\Users\anasi\.m2\repository\org\apache\tomcat\embed\tomcat-embed-el\10.1.30\tomcat-embed-el-10.1.30.jar;C:\Users\anasi\.m2\repository\org\apache\tomcat\embed\tomcat-embed-websocket\10.1.30\tomcat-embed-websocket-10.1.30.jar;C:\Users\anasi\.m2\repository\org\springframework\spring-web\6.1.13\spring-web-6.1.13.jar;C:\Users\anasi\.m2\repository\io\micrometer\micrometer-observation\1.13.4\micrometer-observation-1.13.4.jar;C:\Users\anasi\.m2\repository\io\micrometer\micrometer-commons\1.13.4\micrometer-commons-1.13.4.jar;C:\Users\anasi\.m2\repository\org\springframework\spring-webmvc\6.1.13\spring-webmvc-6.1.13.jar;C:\Users\anasi\.m2\repository\org\springframework\spring-expression\6.1.13\spring-expression-6.1.13.jar;C:\Users\anasi\.m2\repository\org\springframework\cloud\spring-cloud-starter-netflix-eureka-client\4.1.3\spring-cloud-starter-netflix-eureka-client-4.1.3.jar;C:\Users\anasi\.m2\repository\org\springframework\cloud\spring-cloud-starter\4.1.4\spring-cloud-starter-4.1.4.jar;C:\Users\anasi\.m2\repository\org\springframework\cloud\spring-cloud-context\4.1.4\spring-cloud-context-4.1.4.jar;C:\Users\anasi\.m2\repository\org\springframework\security\spring-security-crypto\6.3.3\spring-security-crypto-6.3.3.jar;C:\Users\anasi\.m2\repository\org\springframework\cloud\spring-cloud-commons\4.1.4\spring-cloud-commons-4.1.4.jar;C:\Users\anasi\.m2\repository\org\springframework\security\spring-security-rsa\1.1.3\spring-security-rsa-1.1.3.jar;C:\Users\anasi\.m2\repository\org\bouncycastle\bcprov-jdk18on\1.78\bcprov-jdk18on-1.78.jar;C:\Users\anasi\.m2\repository\org\springframework\cloud\spring-cloud-netflix-eureka-client\4.1.3\spring-cloud-netflix-eureka-client-4.1.3.jar;C:\Users\anasi\.m2\repository\org\apache\httpcomponents\client5\httpclient5\5.3.1\httpclient5-5.3.1.jar;C:\Users\anasi\.m2\repository\org\apache\httpcomponents\core5\httpcore5\5.2.5\httpcore5-5.2.5.jar;C:\Users\anasi\.m2\repository\org\apache\httpcomponents\core5\httpcore5-h2\5.2.5\httpcore5-h2-5.2.5.jar;C:\Users\anasi\.m2\repository\com\netflix\eureka\eureka-client\2.0.3\eureka-client-2.0.3.jar;C:\Users\anasi\.m2\repository\com\thoughtworks\xstream\xstream\1.4.20\xstream-1.4.20.jar;C:\Users\anasi\.m2\repository\io\github\x-stream\mxparser\1.2.2\mxparser-1.2.2.jar;C:\Users\anasi\.m2\repository\xmlpull\xmlpull\1.1.3.1\xmlpull-1.1.3.1.jar;C:\Users\anasi\.m2\repository\jakarta\ws\rs\jakarta.ws.rs-api\3.1.0\jakarta.ws.rs-api-3.1.0.jar;C:\Users\anasi\.m2\repository\com\netflix\spectator\spectator-api\1.7.3\spectator-api-1.7.3.jar;C:\Users\anasi\.m2\repository\org\apache\httpcomponents\httpclient\4.5.3\httpclient-4.5.3.jar;C:\Users\anasi\.m2\repository\org\apache\httpcomponents\httpcore\4.4.16\httpcore-4.4.16.jar;C:\Users\anasi\.m2\repository\commons-codec\commons-codec\1.16.1\commons-codec-1.16.1.jar;C:\Users\anasi\.m2\repository\commons-configuration\commons-configuration\1.10\commons-configuration-1.10.jar;C:\Users\anasi\.m2\repository\commons-lang\commons-lang\2.6\commons-lang-2.6.jar;C:\Users\anasi\.m2\repository\com\fasterxml\jackson\core\jackson-annotations\2.17.2\jackson-annotations-2.17.2.jar;C:\Users\anasi\.m2\repository\com\fasterxml\jackson\core\jackson-core\2.17.2\jackson-core-2.17.2.jar;C:\Users\anasi\.m2\repository\com\netflix\netflix-commons\netflix-eventbus\0.3.0\netflix-eventbus-0.3.0.jar;C:\Users\anasi\.m2\repository\com\netflix\netflix-commons\netflix-infix\0.3.0\netflix-infix-0.3.0.jar;C:\Users\anasi\.m2\repository\commons-jxpath\commons-jxpath\1.3\commons-jxpath-1.3.jar;C:\Users\anasi\.m2\repository\joda-time\joda-time\2.3\joda-time-2.3.jar;C:\Users\anasi\.m2\repository\org\antlr\antlr-runtime\3.4\antlr-runtime-3.4.jar;C:\Users\anasi\.m2\repository\org\antlr\stringtemplate\3.2.1\stringtemplate-3.2.1.jar;C:\Users\anasi\.m2\repository\antlr\antlr\2.7.7\antlr-2.7.7.jar;C:\Users\anasi\.m2\repository\com\google\code\gson\gson\2.10.1\gson-2.10.1.jar;C:\Users\anasi\.m2\repository\com\netflix\servo\servo-core\0.5.3\servo-core-0.5.3.jar;C:\Users\anasi\.m2\repository\org\apache\commons\commons-math\2.2\commons-math-2.2.jar;C:\Users\anasi\.m2\repository\javax\annotation\javax.annotation-api\1.2\javax.annotation-api-1.2.jar;C:\Users\anasi\.m2\repository\org\codehaus\jettison\jettison\1.5.4\jettison-1.5.4.jar;C:\Users\anasi\.m2\repository\com\netflix\eureka\eureka-core\2.0.3\eureka-core-2.0.3.jar;C:\Users\anasi\.m2\repository\com\fasterxml\woodstox\woodstox-core\6.2.1\woodstox-core-6.2.1.jar;C:\Users\anasi\.m2\repository\org\codehaus\woodstox\stax2-api\4.2.1\stax2-api-4.2.1.jar;C:\Users\anasi\.m2\repository\com\google\guava\guava\33.0.0-jre\guava-33.0.0-jre.jar;C:\Users\anasi\.m2\repository\com\google\guava\failureaccess\1.0.2\failureaccess-1.0.2.jar;C:\Users\anasi\.m2\repository\com\google\guava\listenablefuture\9999.0-empty-to-avoid-conflict-with-guava\listenablefuture-9999.0-empty-to-avoid-conflict-with-guava.jar;C:\Users\anasi\.m2\repository\com\google\errorprone\error_prone_annotations\2.23.0\error_prone_annotations-2.23.0.jar;C:\Users\anasi\.m2\repository\com\google\j2objc\j2objc-annotations\2.8\j2objc-annotations-2.8.jar;C:\Users\anasi\.m2\repository\org\springframework\cloud\spring-cloud-starter-loadbalancer\4.1.4\spring-cloud-starter-loadbalancer-4.1.4.jar;C:\Users\anasi\.m2\repository\org\springframework\cloud\spring-cloud-loadbalancer\4.1.4\spring-cloud-loadbalancer-4.1.4.jar;C:\Users\anasi\.m2\repository\io\projectreactor\reactor-core\3.6.10\reactor-core-3.6.10.jar;C:\Users\anasi\.m2\repository\org\reactivestreams\reactive-streams\1.0.4\reactive-streams-1.0.4.jar;C:\Users\anasi\.m2\repository\io\projectreactor\addons\reactor-extra\3.5.2\reactor-extra-3.5.2.jar;C:\Users\anasi\.m2\repository\org\springframework\boot\spring-boot-starter-cache\3.3.4\spring-boot-starter-cache-3.3.4.jar;C:\Users\anasi\.m2\repository\org\springframework\spring-context-support\6.1.13\spring-context-support-6.1.13.jar;C:\Users\anasi\.m2\repository\com\stoyanr\evictor\1.0.0\evictor-1.0.0.jar;C:\Users\anasi\.m2\repository\org\postgresql\postgresql\42.7.4\postgresql-42.7.4.jar;C:\Users\anasi\.m2\repository\org\checkerframework\checker-qual\3.42.0\checker-qual-3.42.0.jar;C:\Users\anasi\.m2\repository\org\projectlombok\lombok\1.18.34\lombok-1.18.34.jar;C:\Users\anasi\.m2\repository\jakarta\xml\bind\jakarta.xml.bind-api\4.0.2\jakarta.xml.bind-api-4.0.2.jar;C:\Users\anasi\.m2\repository\jakarta\activation\jakarta.activation-api\2.1.3\jakarta.activation-api-2.1.3.jar;C:\Users\anasi\.m2\repository\org\springframework\spring-core\6.1.13\spring-core-6.1.13.jar;C:\Users\anasi\.m2\repository\org\springframework\spring-jcl\6.1.13\spring-jcl-6.1.13.jar
Launcher Type: SUN_STANDARD

[Global flags]
     intx CICompilerCount                          = 4                                         {product} {ergonomic}
     uint ConcGCThreads                            = 2                                         {product} {ergonomic}
     uint G1ConcRefinementThreads                  = 8                                         {product} {ergonomic}
   size_t G1HeapRegionSize                         = 1048576                                   {product} {ergonomic}
    uintx GCDrainStackTargetSize                   = 64                                        {product} {ergonomic}
   size_t InitialHeapSize                          = 132120576                                 {product} {ergonomic}
   size_t MarkStackSize                            = 4194304                                   {product} {ergonomic}
   size_t MaxHeapSize                              = 2103443456                                {product} {ergonomic}
   size_t MaxNewSize                               = 1261436928                                {product} {ergonomic}
   size_t MinHeapDeltaBytes                        = 1048576                                   {product} {ergonomic}
   size_t MinHeapSize                              = 8388608                                   {product} {ergonomic}
    uintx NonNMethodCodeHeapSize                   = 5839372                                {pd product} {ergonomic}
    uintx NonProfiledCodeHeapSize                  = 122909434                              {pd product} {ergonomic}
    uintx ProfiledCodeHeapSize                     = 122909434                              {pd product} {ergonomic}
    uintx ReservedCodeCacheSize                    = 251658240                              {pd product} {ergonomic}
     bool SegmentedCodeCache                       = true                                      {product} {ergonomic}
   size_t SoftMaxHeapSize                          = 2103443456                             {manageable} {ergonomic}
     bool UseCompressedClassPointers               = true                           {product lp64_product} {ergonomic}
     bool UseCompressedOops                        = true                           {product lp64_product} {ergonomic}
     bool UseG1GC                                  = true                                      {product} {ergonomic}
     bool UseLargePagesIndividualAllocation        = false                                  {pd product} {ergonomic}

Logging:
Log output configuration:
 #0: stdout all=warning uptime,level,tags foldmultilines=false
 #1: stderr all=off uptime,level,tags foldmultilines=false

Environment Variables:
JAVA_HOME=C:\Program Files\Amazon Corretto\jdk17.0.10_7
PATH=C:\Program Files\Amazon Corretto\jdk17.0.10_7\bin;C:\Program Files\Common Files\Oracle\Java\javapath;C:\Program Files (x86)\Common Files\Intel\Shared Libraries\redist\intel64_win\compiler;C:\Windows\system32;C:\Windows;C:\Windows\System32\Wbem;C:\Windows\System32\WindowsPowerShell\v1.0\;C:\Windows\System32\OpenSSH\;C:\Program Files (x86)\NVIDIA Corporation\PhysX\Common;C:\Program Files\NVIDIA Corporation\NVIDIA NvDLISR;C:\WINDOWS\system32;C:\WINDOWS;C:\WINDOWS\System32\Wbem;C:\WINDOWS\System32\WindowsPowerShell\v1.0\;C:\WINDOWS\System32\OpenSSH\;C:\msys64\mingw64\bin;C:\ProgramData\chocolatey\bin;C:\Program Files\Git\cmd;C:\Program Files (x86)\Yarn\bin\;C:\Program Files\Java\jdk-19\bin;C:\Program Files\apache-maven-3.9.6-bin\apache-maven-3.9.6\bin;D:\Node.js\;X:\Go\bin;C:\Users\anasi\AppData\Local\Microsoft\WindowsApps;C:\Users\anasi\AppData\Local\Programs\Microsoft VS Code\bin;C:\Users\anasi\AppData\Local\Yarn\bin;C:\Users\anasi\AppData\Local\Microsoft\WindowsApps;C:\Program Files\JetBrains\PyCharm Community Edition 2023.1.1\bin;;C:\Maven\bin;C:\Maven\apache-maven-3.9.4\bin;Z:\SQL\bin;C:\Users\anasi\AppData\Roaming\npm;C:\Users\anasi\go\bin
USERNAME=anasi
OS=Windows_NT
PROCESSOR_IDENTIFIER=Intel64 Family 6 Model 165 Stepping 2, GenuineIntel
TMP=C:\Users\anasi\AppData\Local\Temp
TEMP=C:\Users\anasi\AppData\Local\Temp




---------------  S Y S T E M  ---------------

OS:
 Windows 11 , 64 bit Build 22621 (10.0.22621.4000)
OS uptime: 17 days 18:26 hours
Hyper-V role detected

CPU: total 8 (initial active 8) (4 cores per cpu, 2 threads per core) family 6 model 165 stepping 2 microcode 0xea, cx8, cmov, fxsr, ht, mmx, 3dnowpref, sse, sse2, sse3, ssse3, sse4.1, sse4.2, popcnt, lzcnt, tsc, tscinvbit, avx, avx2, aes, erms, clmul, bmi1, bmi2, adx, fma, vzeroupper, clflush, clflushopt, hv, rdtscp, f16c

Memory: 4k page, system-wide physical 8023M (705M free)
TotalPageFile size 16215M (AvailPageFile size 0M)
current process WorkingSet (physical memory assigned to process): 248M, peak: 248M
current process commit charge ("private bytes"): 287M, peak: 288M

vm_info: Java HotSpot(TM) 64-Bit Server VM (20+36-2344) for windows-amd64 JRE (20+36-2344), built on 2023-02-10T19:30:15Z by "mach5one" with MS VC++ 17.1 (VS2022)

END.
